{"/Volumes/Workspace/dev/zoidberg/src/script/components/404.js": {"path":"/Volumes/Workspace/dev/zoidberg/src/script/components/404.js","statementMap":{"0":{"start":{"line":8,"column":4},"end":{"line":12,"column":18}}},"fnMap":{"0":{"name":"(anonymous_0)","decl":{"start":{"line":7,"column":2},"end":{"line":7,"column":3}},"loc":{"start":{"line":7,"column":11},"end":{"line":13,"column":3}},"line":7}},"branchMap":{},"s":{"0":0},"f":{"0":0},"b":{},"_coverageSchema":"332fd63041d2c1bcb487cc26dd0d5f7d97098a6c","hash":"8cd048ac04f9f4523825e752d2350862eb7cf7e0"}
,"/Volumes/Workspace/dev/zoidberg/src/script/components/AudiobookSubscription.js": {"path":"/Volumes/Workspace/dev/zoidberg/src/script/components/AudiobookSubscription.js","statementMap":{"0":{"start":{"line":18,"column":0},"end":{"line":18,"column":33}},"1":{"start":{"line":20,"column":0},"end":{"line":20,"column":64}},"2":{"start":{"line":26,"column":2},"end":{"line":26,"column":15}},"3":{"start":{"line":27,"column":2},"end":{"line":31,"column":4}},"4":{"start":{"line":32,"column":2},"end":{"line":32,"column":104}},"5":{"start":{"line":35,"column":2},"end":{"line":35,"column":61}},"6":{"start":{"line":36,"column":2},"end":{"line":36,"column":115}},"7":{"start":{"line":40,"column":2},"end":{"line":40,"column":41}},"8":{"start":{"line":41,"column":2},"end":{"line":41,"column":40}},"9":{"start":{"line":45,"column":2},"end":{"line":45,"column":38}},"10":{"start":{"line":46,"column":2},"end":{"line":46,"column":41}},"11":{"start":{"line":50,"column":2},"end":{"line":50,"column":74}},"12":{"start":{"line":54,"column":2},"end":{"line":54,"column":16}},"13":{"start":{"line":58,"column":2},"end":{"line":67,"column":3}},"14":{"start":{"line":59,"column":3},"end":{"line":59,"column":47}},"15":{"start":{"line":60,"column":3},"end":{"line":60,"column":54}},"16":{"start":{"line":62,"column":7},"end":{"line":67,"column":3}},"17":{"start":{"line":63,"column":3},"end":{"line":63,"column":49}},"18":{"start":{"line":65,"column":7},"end":{"line":67,"column":3}},"19":{"start":{"line":66,"column":3},"end":{"line":66,"column":49}},"20":{"start":{"line":68,"column":2},"end":{"line":70,"column":3}},"21":{"start":{"line":69,"column":3},"end":{"line":69,"column":51}},"22":{"start":{"line":74,"column":2},"end":{"line":74,"column":54}},"23":{"start":{"line":76,"column":2},"end":{"line":76,"column":16}},"24":{"start":{"line":79,"column":18},"end":{"line":81,"column":3}},"25":{"start":{"line":80,"column":3},"end":{"line":80,"column":62}},"26":{"start":{"line":82,"column":19},"end":{"line":82,"column":59}},"27":{"start":{"line":84,"column":2},"end":{"line":85,"column":33}},"28":{"start":{"line":85,"column":2},"end":{"line":85,"column":33}},"29":{"start":{"line":89,"column":2},"end":{"line":89,"column":57}},"30":{"start":{"line":93,"column":2},"end":{"line":206,"column":4}},"31":{"start":{"line":108,"column":24},"end":{"line":108,"column":43}},"32":{"start":{"line":110,"column":23},"end":{"line":110,"column":43}}},"fnMap":{"0":{"name":"(anonymous_0)","decl":{"start":{"line":25,"column":1},"end":{"line":25,"column":2}},"loc":{"start":{"line":25,"column":20},"end":{"line":37,"column":2}},"line":25},"1":{"name":"(anonymous_1)","decl":{"start":{"line":39,"column":1},"end":{"line":39,"column":2}},"loc":{"start":{"line":39,"column":21},"end":{"line":42,"column":2}},"line":39},"2":{"name":"(anonymous_2)","decl":{"start":{"line":44,"column":1},"end":{"line":44,"column":2}},"loc":{"start":{"line":44,"column":20},"end":{"line":47,"column":2}},"line":44},"3":{"name":"(anonymous_3)","decl":{"start":{"line":49,"column":1},"end":{"line":49,"column":2}},"loc":{"start":{"line":49,"column":14},"end":{"line":51,"column":2}},"line":49},"4":{"name":"(anonymous_4)","decl":{"start":{"line":53,"column":16},"end":{"line":53,"column":17}},"loc":{"start":{"line":53,"column":27},"end":{"line":55,"column":2}},"line":53},"5":{"name":"(anonymous_5)","decl":{"start":{"line":57,"column":1},"end":{"line":57,"column":2}},"loc":{"start":{"line":57,"column":10},"end":{"line":71,"column":2}},"line":57},"6":{"name":"(anonymous_6)","decl":{"start":{"line":73,"column":1},"end":{"line":73,"column":2}},"loc":{"start":{"line":73,"column":21},"end":{"line":86,"column":2}},"line":73},"7":{"name":"(anonymous_7)","decl":{"start":{"line":79,"column":18},"end":{"line":79,"column":19}},"loc":{"start":{"line":79,"column":31},"end":{"line":81,"column":3}},"line":79},"8":{"name":"(anonymous_8)","decl":{"start":{"line":88,"column":1},"end":{"line":88,"column":2}},"loc":{"start":{"line":88,"column":24},"end":{"line":90,"column":2}},"line":88},"9":{"name":"(anonymous_9)","decl":{"start":{"line":92,"column":1},"end":{"line":92,"column":2}},"loc":{"start":{"line":92,"column":10},"end":{"line":207,"column":2}},"line":92},"10":{"name":"(anonymous_10)","decl":{"start":{"line":108,"column":17},"end":{"line":108,"column":18}},"loc":{"start":{"line":108,"column":24},"end":{"line":108,"column":43}},"line":108},"11":{"name":"(anonymous_11)","decl":{"start":{"line":110,"column":16},"end":{"line":110,"column":17}},"loc":{"start":{"line":110,"column":23},"end":{"line":110,"column":43}},"line":110}},"branchMap":{"0":{"loc":{"start":{"line":32,"column":15},"end":{"line":32,"column":103}},"type":"binary-expr","locations":[{"start":{"line":32,"column":15},"end":{"line":32,"column":56}},{"start":{"line":32,"column":60},"end":{"line":32,"column":103}}],"line":32},"1":{"loc":{"start":{"line":36,"column":28},"end":{"line":36,"column":115}},"type":"cond-expr","locations":[{"start":{"line":36,"column":86},"end":{"line":36,"column":99}},{"start":{"line":36,"column":102},"end":{"line":36,"column":115}}],"line":36},"2":{"loc":{"start":{"line":36,"column":29},"end":{"line":36,"column":82}},"type":"binary-expr","locations":[{"start":{"line":36,"column":29},"end":{"line":36,"column":53}},{"start":{"line":36,"column":57},"end":{"line":36,"column":82}}],"line":36},"3":{"loc":{"start":{"line":58,"column":2},"end":{"line":67,"column":3}},"type":"if","locations":[{"start":{"line":58,"column":2},"end":{"line":67,"column":3}},{"start":{"line":58,"column":2},"end":{"line":67,"column":3}}],"line":58},"4":{"loc":{"start":{"line":62,"column":7},"end":{"line":67,"column":3}},"type":"if","locations":[{"start":{"line":62,"column":7},"end":{"line":67,"column":3}},{"start":{"line":62,"column":7},"end":{"line":67,"column":3}}],"line":62},"5":{"loc":{"start":{"line":62,"column":11},"end":{"line":62,"column":61}},"type":"binary-expr","locations":[{"start":{"line":62,"column":11},"end":{"line":62,"column":34}},{"start":{"line":62,"column":38},"end":{"line":62,"column":61}}],"line":62},"6":{"loc":{"start":{"line":65,"column":7},"end":{"line":67,"column":3}},"type":"if","locations":[{"start":{"line":65,"column":7},"end":{"line":67,"column":3}},{"start":{"line":65,"column":7},"end":{"line":67,"column":3}}],"line":65},"7":{"loc":{"start":{"line":68,"column":2},"end":{"line":70,"column":3}},"type":"if","locations":[{"start":{"line":68,"column":2},"end":{"line":70,"column":3}},{"start":{"line":68,"column":2},"end":{"line":70,"column":3}}],"line":68},"8":{"loc":{"start":{"line":84,"column":2},"end":{"line":85,"column":33}},"type":"if","locations":[{"start":{"line":84,"column":2},"end":{"line":85,"column":33}},{"start":{"line":84,"column":2},"end":{"line":85,"column":33}}],"line":84},"9":{"loc":{"start":{"line":94,"column":3},"end":{"line":205,"column":10}},"type":"cond-expr","locations":[{"start":{"line":94,"column":16},"end":{"line":98,"column":5}},{"start":{"line":99,"column":4},"end":{"line":205,"column":10}}],"line":94},"10":{"loc":{"start":{"line":110,"column":71},"end":{"line":110,"column":118}},"type":"cond-expr","locations":[{"start":{"line":110,"column":98},"end":{"line":110,"column":113}},{"start":{"line":110,"column":116},"end":{"line":110,"column":118}}],"line":110}},"s":{"0":2,"1":2,"2":1,"3":1,"4":1,"5":1,"6":1,"7":0,"8":0,"9":0,"10":0,"11":0,"12":0,"13":1,"14":0,"15":0,"16":1,"17":0,"18":1,"19":1,"20":1,"21":1,"22":1,"23":1,"24":1,"25":0,"26":1,"27":1,"28":1,"29":0,"30":2,"31":3,"32":3},"f":{"0":1,"1":0,"2":0,"3":0,"4":0,"5":1,"6":1,"7":0,"8":0,"9":2,"10":3,"11":3},"b":{"0":[1,1],"1":[0,1],"2":[1,1],"3":[0,1],"4":[0,1],"5":[1,1],"6":[1,0],"7":[1,0],"8":[1,0],"9":[0,2],"10":[2,0]},"_coverageSchema":"332fd63041d2c1bcb487cc26dd0d5f7d97098a6c","hash":"e3c26b9c8dae44a32c051c5df325e839e813b016"}
,"/Volumes/Workspace/dev/zoidberg/src/script/components/AudiobookSubscriptionEPD.js": {"path":"/Volumes/Workspace/dev/zoidberg/src/script/components/AudiobookSubscriptionEPD.js","statementMap":{"0":{"start":{"line":13,"column":0},"end":{"line":13,"column":33}},"1":{"start":{"line":15,"column":0},"end":{"line":15,"column":68}},"2":{"start":{"line":16,"column":0},"end":{"line":17,"column":72}},"3":{"start":{"line":17,"column":2},"end":{"line":17,"column":72}},"4":{"start":{"line":24,"column":2},"end":{"line":24,"column":10}},"5":{"start":{"line":25,"column":2},"end":{"line":28,"column":4}},"6":{"start":{"line":32,"column":2},"end":{"line":32,"column":42}},"7":{"start":{"line":36,"column":2},"end":{"line":36,"column":74}},"8":{"start":{"line":40,"column":2},"end":{"line":160,"column":4}}},"fnMap":{"0":{"name":"(anonymous_0)","decl":{"start":{"line":23,"column":1},"end":{"line":23,"column":2}},"loc":{"start":{"line":23,"column":15},"end":{"line":29,"column":2}},"line":23},"1":{"name":"(anonymous_1)","decl":{"start":{"line":31,"column":1},"end":{"line":31,"column":2}},"loc":{"start":{"line":31,"column":27},"end":{"line":33,"column":2}},"line":31},"2":{"name":"(anonymous_2)","decl":{"start":{"line":35,"column":1},"end":{"line":35,"column":2}},"loc":{"start":{"line":35,"column":14},"end":{"line":37,"column":2}},"line":35},"3":{"name":"(anonymous_3)","decl":{"start":{"line":39,"column":1},"end":{"line":39,"column":2}},"loc":{"start":{"line":39,"column":10},"end":{"line":161,"column":2}},"line":39}},"branchMap":{"0":{"loc":{"start":{"line":16,"column":0},"end":{"line":17,"column":72}},"type":"if","locations":[{"start":{"line":16,"column":0},"end":{"line":17,"column":72}},{"start":{"line":16,"column":0},"end":{"line":17,"column":72}}],"line":16},"1":{"loc":{"start":{"line":26,"column":14},"end":{"line":27,"column":75}},"type":"binary-expr","locations":[{"start":{"line":26,"column":15},"end":{"line":26,"column":56}},{"start":{"line":26,"column":60},"end":{"line":26,"column":83}},{"start":{"line":27,"column":4},"end":{"line":27,"column":47}},{"start":{"line":27,"column":51},"end":{"line":27,"column":74}}],"line":26},"2":{"loc":{"start":{"line":42,"column":39},"end":{"line":42,"column":77}},"type":"cond-expr","locations":[{"start":{"line":42,"column":62},"end":{"line":42,"column":72}},{"start":{"line":42,"column":75},"end":{"line":42,"column":77}}],"line":42},"3":{"loc":{"start":{"line":43,"column":7},"end":{"line":45,"column":11}},"type":"binary-expr","locations":[{"start":{"line":43,"column":7},"end":{"line":43,"column":28}},{"start":{"line":43,"column":32},"end":{"line":45,"column":11}}],"line":43}},"s":{"0":3,"1":3,"2":3,"3":0,"4":1,"5":1,"6":0,"7":0,"8":1},"f":{"0":1,"1":0,"2":0,"3":1},"b":{"0":[0,3],"1":[1,0,1,0],"2":[0,1],"3":[1,1]},"_coverageSchema":"332fd63041d2c1bcb487cc26dd0d5f7d97098a6c","hash":"efd4cf8b5bafb0e657af0007b4f7dc4c171d4082"}
,"/Volumes/Workspace/dev/zoidberg/src/script/components/BecauseYouRead.js": {"path":"/Volumes/Workspace/dev/zoidberg/src/script/components/BecauseYouRead.js","statementMap":{"0":{"start":{"line":1,"column":39},"end":{"line":1,"column":101}},"1":{"start":{"line":1,"column":120},"end":{"line":1,"column":193}},"2":{"start":{"line":10,"column":18},"end":{"line":10,"column":28}},"3":{"start":{"line":14,"column":4},"end":{"line":20,"column":111}},"4":{"start":{"line":25,"column":45},"end":{"line":25,"column":206}},"5":{"start":{"line":26,"column":4},"end":{"line":28,"column":5}},"6":{"start":{"line":27,"column":6},"end":{"line":27,"column":205}},"7":{"start":{"line":30,"column":17},"end":{"line":30,"column":32}},"8":{"start":{"line":31,"column":4},"end":{"line":38,"column":5}},"9":{"start":{"line":32,"column":27},"end":{"line":35,"column":25}},"10":{"start":{"line":37,"column":6},"end":{"line":37,"column":51}},"11":{"start":{"line":40,"column":4},"end":{"line":42,"column":5}},"12":{"start":{"line":41,"column":6},"end":{"line":41,"column":225}},"13":{"start":{"line":44,"column":4},"end":{"line":45,"column":19}}},"fnMap":{"0":{"name":"(anonymous_0)","decl":{"start":{"line":9,"column":2},"end":{"line":9,"column":3}},"loc":{"start":{"line":9,"column":23},"end":{"line":21,"column":3}},"line":9},"1":{"name":"(anonymous_1)","decl":{"start":{"line":24,"column":2},"end":{"line":24,"column":3}},"loc":{"start":{"line":24,"column":11},"end":{"line":47,"column":3}},"line":24}},"branchMap":{"0":{"loc":{"start":{"line":26,"column":4},"end":{"line":28,"column":5}},"type":"if","locations":[{"start":{"line":26,"column":4},"end":{"line":28,"column":5}},{"start":{"line":26,"column":4},"end":{"line":28,"column":5}}],"line":26},"1":{"loc":{"start":{"line":31,"column":4},"end":{"line":38,"column":5}},"type":"if","locations":[{"start":{"line":31,"column":4},"end":{"line":38,"column":5}},{"start":{"line":31,"column":4},"end":{"line":38,"column":5}}],"line":31},"2":{"loc":{"start":{"line":31,"column":8},"end":{"line":31,"column":23}},"type":"binary-expr","locations":[{"start":{"line":31,"column":8},"end":{"line":31,"column":12}},{"start":{"line":31,"column":16},"end":{"line":31,"column":23}}],"line":31},"3":{"loc":{"start":{"line":40,"column":4},"end":{"line":42,"column":5}},"type":"if","locations":[{"start":{"line":40,"column":4},"end":{"line":42,"column":5}},{"start":{"line":40,"column":4},"end":{"line":42,"column":5}}],"line":40}},"s":{"0":0,"1":0,"2":0,"3":0,"4":0,"5":0,"6":0,"7":0,"8":0,"9":0,"10":0,"11":0,"12":0,"13":0},"f":{"0":0,"1":0},"b":{"0":[0,0],"1":[0,0],"2":[0,0],"3":[0,0]}}
,"/Volumes/Workspace/dev/zoidberg/src/script/components/BrowseCategories.js": {"path":"/Volumes/Workspace/dev/zoidberg/src/script/components/BrowseCategories.js","statementMap":{"0":{"start":{"line":9,"column":4},"end":{"line":9,"column":17}},"1":{"start":{"line":12,"column":4},"end":{"line":14,"column":5}},"2":{"start":{"line":16,"column":4},"end":{"line":16,"column":148}},"3":{"start":{"line":16,"column":60},"end":{"line":16,"column":146}},"4":{"start":{"line":19,"column":4},"end":{"line":21,"column":5}},"5":{"start":{"line":20,"column":6},"end":{"line":20,"column":60}},"6":{"start":{"line":23,"column":4},"end":{"line":23,"column":75}},"7":{"start":{"line":27,"column":4},"end":{"line":32,"column":5}},"8":{"start":{"line":28,"column":22},"end":{"line":28,"column":61}},"9":{"start":{"line":29,"column":26},"end":{"line":29,"column":51}},"10":{"start":{"line":30,"column":6},"end":{"line":30,"column":81}},"11":{"start":{"line":31,"column":6},"end":{"line":31,"column":62}},"12":{"start":{"line":39,"column":4},"end":{"line":39,"column":53}},"13":{"start":{"line":40,"column":4},"end":{"line":42,"column":13}},"14":{"start":{"line":41,"column":6},"end":{"line":41,"column":55}},"15":{"start":{"line":45,"column":19},"end":{"line":45,"column":68}},"16":{"start":{"line":46,"column":4},"end":{"line":46,"column":31}},"17":{"start":{"line":47,"column":4},"end":{"line":47,"column":105}},"18":{"start":{"line":52,"column":19},"end":{"line":52,"column":68}},"19":{"start":{"line":54,"column":4},"end":{"line":56,"column":5}},"20":{"start":{"line":55,"column":6},"end":{"line":55,"column":26}},"21":{"start":{"line":58,"column":19},"end":{"line":63,"column":11}},"22":{"start":{"line":59,"column":6},"end":{"line":62,"column":7}},"23":{"start":{"line":60,"column":8},"end":{"line":60,"column":32}},"24":{"start":{"line":61,"column":8},"end":{"line":61,"column":35}},"25":{"start":{"line":65,"column":4},"end":{"line":65,"column":52}},"26":{"start":{"line":70,"column":4},"end":{"line":70,"column":65}},"27":{"start":{"line":74,"column":23},"end":{"line":75,"column":76}},"28":{"start":{"line":77,"column":4},"end":{"line":86,"column":60}},"29":{"start":{"line":91,"column":4},"end":{"line":91,"column":40}}},"fnMap":{"0":{"name":"(anonymous_0)","decl":{"start":{"line":8,"column":2},"end":{"line":8,"column":3}},"loc":{"start":{"line":8,"column":21},"end":{"line":24,"column":3}},"line":8},"1":{"name":"(anonymous_1)","decl":{"start":{"line":16,"column":44},"end":{"line":16,"column":45}},"loc":{"start":{"line":16,"column":60},"end":{"line":16,"column":146}},"line":16},"2":{"name":"(anonymous_2)","decl":{"start":{"line":26,"column":2},"end":{"line":26,"column":3}},"loc":{"start":{"line":26,"column":28},"end":{"line":33,"column":3}},"line":26},"3":{"name":"(anonymous_3)","decl":{"start":{"line":36,"column":2},"end":{"line":36,"column":3}},"loc":{"start":{"line":36,"column":23},"end":{"line":48,"column":3}},"line":36},"4":{"name":"(anonymous_4)","decl":{"start":{"line":40,"column":15},"end":{"line":40,"column":16}},"loc":{"start":{"line":40,"column":21},"end":{"line":42,"column":5}},"line":40},"5":{"name":"(anonymous_5)","decl":{"start":{"line":50,"column":2},"end":{"line":50,"column":3}},"loc":{"start":{"line":50,"column":22},"end":{"line":66,"column":3}},"line":50},"6":{"name":"(anonymous_6)","decl":{"start":{"line":58,"column":31},"end":{"line":58,"column":32}},"loc":{"start":{"line":58,"column":37},"end":{"line":63,"column":5}},"line":58},"7":{"name":"(anonymous_7)","decl":{"start":{"line":68,"column":2},"end":{"line":68,"column":3}},"loc":{"start":{"line":68,"column":25},"end":{"line":71,"column":3}},"line":68},"8":{"name":"(anonymous_8)","decl":{"start":{"line":73,"column":2},"end":{"line":73,"column":3}},"loc":{"start":{"line":73,"column":26},"end":{"line":87,"column":3}},"line":73},"9":{"name":"(anonymous_9)","decl":{"start":{"line":90,"column":2},"end":{"line":90,"column":3}},"loc":{"start":{"line":90,"column":11},"end":{"line":92,"column":3}},"line":90}},"branchMap":{"0":{"loc":{"start":{"line":16,"column":60},"end":{"line":16,"column":146}},"type":"binary-expr","locations":[{"start":{"line":16,"column":60},"end":{"line":16,"column":92}},{"start":{"line":16,"column":96},"end":{"line":16,"column":146}}],"line":16},"1":{"loc":{"start":{"line":19,"column":4},"end":{"line":21,"column":5}},"type":"if","locations":[{"start":{"line":19,"column":4},"end":{"line":21,"column":5}},{"start":{"line":19,"column":4},"end":{"line":21,"column":5}}],"line":19},"2":{"loc":{"start":{"line":27,"column":4},"end":{"line":32,"column":5}},"type":"if","locations":[{"start":{"line":27,"column":4},"end":{"line":32,"column":5}},{"start":{"line":27,"column":4},"end":{"line":32,"column":5}}],"line":27},"3":{"loc":{"start":{"line":27,"column":8},"end":{"line":27,"column":69}},"type":"binary-expr","locations":[{"start":{"line":27,"column":8},"end":{"line":27,"column":28}},{"start":{"line":27,"column":32},"end":{"line":27,"column":69}}],"line":27},"4":{"loc":{"start":{"line":45,"column":19},"end":{"line":45,"column":68}},"type":"binary-expr","locations":[{"start":{"line":45,"column":19},"end":{"line":45,"column":63}},{"start":{"line":45,"column":67},"end":{"line":45,"column":68}}],"line":45},"5":{"loc":{"start":{"line":47,"column":49},"end":{"line":47,"column":103}},"type":"binary-expr","locations":[{"start":{"line":47,"column":49},"end":{"line":47,"column":93}},{"start":{"line":47,"column":97},"end":{"line":47,"column":103}}],"line":47},"6":{"loc":{"start":{"line":52,"column":19},"end":{"line":52,"column":68}},"type":"binary-expr","locations":[{"start":{"line":52,"column":19},"end":{"line":52,"column":63}},{"start":{"line":52,"column":67},"end":{"line":52,"column":68}}],"line":52},"7":{"loc":{"start":{"line":54,"column":4},"end":{"line":56,"column":5}},"type":"if","locations":[{"start":{"line":54,"column":4},"end":{"line":56,"column":5}},{"start":{"line":54,"column":4},"end":{"line":56,"column":5}}],"line":54},"8":{"loc":{"start":{"line":59,"column":6},"end":{"line":62,"column":7}},"type":"if","locations":[{"start":{"line":59,"column":6},"end":{"line":62,"column":7}},{"start":{"line":59,"column":6},"end":{"line":62,"column":7}}],"line":59},"9":{"loc":{"start":{"line":74,"column":23},"end":{"line":75,"column":76}},"type":"binary-expr","locations":[{"start":{"line":74,"column":23},"end":{"line":75,"column":68}},{"start":{"line":75,"column":72},"end":{"line":75,"column":76}}],"line":74},"10":{"loc":{"start":{"line":74,"column":47},"end":{"line":75,"column":66}},"type":"cond-expr","locations":[{"start":{"line":75,"column":10},"end":{"line":75,"column":56}},{"start":{"line":75,"column":60},"end":{"line":75,"column":66}}],"line":74},"11":{"loc":{"start":{"line":75,"column":10},"end":{"line":75,"column":56}},"type":"cond-expr","locations":[{"start":{"line":75,"column":35},"end":{"line":75,"column":47}},{"start":{"line":75,"column":50},"end":{"line":75,"column":56}}],"line":75},"12":{"loc":{"start":{"line":80,"column":21},"end":{"line":80,"column":100}},"type":"cond-expr","locations":[{"start":{"line":80,"column":62},"end":{"line":80,"column":93}},{"start":{"line":80,"column":96},"end":{"line":80,"column":100}}],"line":80},"13":{"loc":{"start":{"line":81,"column":35},"end":{"line":81,"column":81}},"type":"binary-expr","locations":[{"start":{"line":81,"column":35},"end":{"line":81,"column":72}},{"start":{"line":81,"column":76},"end":{"line":81,"column":81}}],"line":81}},"s":{"0":1,"1":1,"2":1,"3":14,"4":1,"5":0,"6":1,"7":0,"8":0,"9":0,"10":0,"11":0,"12":1,"13":1,"14":0,"15":1,"16":1,"17":1,"18":1,"19":1,"20":1,"21":1,"22":0,"23":0,"24":0,"25":1,"26":0,"27":1,"28":1,"29":1},"f":{"0":1,"1":14,"2":0,"3":1,"4":0,"5":1,"6":0,"7":0,"8":1,"9":1},"b":{"0":[14,5],"1":[0,1],"2":[0,0],"3":[0,0],"4":[1,1],"5":[1,1],"6":[1,1],"7":[1,0],"8":[0,0],"9":[1,0],"10":[0,1],"11":[0,0],"12":[1,0],"13":[1,1]},"_coverageSchema":"332fd63041d2c1bcb487cc26dd0d5f7d97098a6c","hash":"ce687856151607e75ca7dedaa37a4eb49c380a2b"}
,"/Volumes/Workspace/dev/zoidberg/src/script/components/Categories.js": {"path":"/Volumes/Workspace/dev/zoidberg/src/script/components/Categories.js","statementMap":{"0":{"start":{"line":17,"column":4},"end":{"line":17,"column":17}},"1":{"start":{"line":20,"column":4},"end":{"line":22,"column":5}},"2":{"start":{"line":24,"column":4},"end":{"line":24,"column":148}},"3":{"start":{"line":24,"column":60},"end":{"line":24,"column":146}},"4":{"start":{"line":27,"column":4},"end":{"line":29,"column":5}},"5":{"start":{"line":28,"column":6},"end":{"line":28,"column":60}},"6":{"start":{"line":32,"column":4},"end":{"line":32,"column":57}},"7":{"start":{"line":33,"column":4},"end":{"line":33,"column":75}},"8":{"start":{"line":37,"column":4},"end":{"line":42,"column":5}},"9":{"start":{"line":38,"column":22},"end":{"line":38,"column":61}},"10":{"start":{"line":39,"column":26},"end":{"line":39,"column":51}},"11":{"start":{"line":40,"column":6},"end":{"line":40,"column":81}},"12":{"start":{"line":41,"column":6},"end":{"line":41,"column":62}},"13":{"start":{"line":49,"column":19},"end":{"line":49,"column":68}},"14":{"start":{"line":50,"column":4},"end":{"line":50,"column":31}},"15":{"start":{"line":51,"column":4},"end":{"line":51,"column":57}},"16":{"start":{"line":73,"column":19},"end":{"line":73,"column":68}},"17":{"start":{"line":75,"column":4},"end":{"line":77,"column":5}},"18":{"start":{"line":76,"column":6},"end":{"line":76,"column":26}},"19":{"start":{"line":79,"column":19},"end":{"line":84,"column":11}},"20":{"start":{"line":80,"column":6},"end":{"line":83,"column":7}},"21":{"start":{"line":81,"column":8},"end":{"line":81,"column":32}},"22":{"start":{"line":82,"column":8},"end":{"line":82,"column":35}},"23":{"start":{"line":86,"column":4},"end":{"line":86,"column":52}},"24":{"start":{"line":92,"column":4},"end":{"line":92,"column":65}},"25":{"start":{"line":103,"column":17},"end":{"line":103,"column":34}},"26":{"start":{"line":104,"column":19},"end":{"line":104,"column":38}},"27":{"start":{"line":105,"column":20},"end":{"line":110,"column":5}},"28":{"start":{"line":112,"column":15},"end":{"line":112,"column":30}},"29":{"start":{"line":115,"column":4},"end":{"line":152,"column":5}},"30":{"start":{"line":117,"column":6},"end":{"line":117,"column":52}},"31":{"start":{"line":120,"column":19},"end":{"line":141,"column":7}},"32":{"start":{"line":121,"column":8},"end":{"line":128,"column":9}},"33":{"start":{"line":122,"column":10},"end":{"line":122,"column":70}},"34":{"start":{"line":123,"column":10},"end":{"line":123,"column":74}},"35":{"start":{"line":124,"column":10},"end":{"line":124,"column":56}},"36":{"start":{"line":127,"column":10},"end":{"line":127,"column":57}},"37":{"start":{"line":130,"column":24},"end":{"line":133,"column":9}},"38":{"start":{"line":135,"column":8},"end":{"line":140,"column":9}},"39":{"start":{"line":136,"column":10},"end":{"line":136,"column":68}},"40":{"start":{"line":139,"column":10},"end":{"line":139,"column":61}},"41":{"start":{"line":144,"column":6},"end":{"line":151,"column":7}},"42":{"start":{"line":145,"column":8},"end":{"line":145,"column":65}},"43":{"start":{"line":150,"column":8},"end":{"line":150,"column":86}},"44":{"start":{"line":157,"column":4},"end":{"line":165,"column":48}},"45":{"start":{"line":170,"column":25},"end":{"line":170,"column":95}},"46":{"start":{"line":172,"column":4},"end":{"line":178,"column":48}},"47":{"start":{"line":185,"column":19},"end":{"line":185,"column":40}},"48":{"start":{"line":188,"column":4},"end":{"line":195,"column":5}},"49":{"start":{"line":189,"column":6},"end":{"line":189,"column":48}},"50":{"start":{"line":194,"column":6},"end":{"line":194,"column":48}},"51":{"start":{"line":200,"column":24},"end":{"line":200,"column":69}},"52":{"start":{"line":201,"column":4},"end":{"line":223,"column":5}},"53":{"start":{"line":203,"column":6},"end":{"line":205,"column":7}},"54":{"start":{"line":204,"column":8},"end":{"line":204,"column":17}},"55":{"start":{"line":206,"column":26},"end":{"line":206,"column":55}},"56":{"start":{"line":207,"column":6},"end":{"line":211,"column":7}},"57":{"start":{"line":208,"column":8},"end":{"line":208,"column":43}},"58":{"start":{"line":209,"column":8},"end":{"line":209,"column":55}},"59":{"start":{"line":210,"column":8},"end":{"line":210,"column":17}},"60":{"start":{"line":213,"column":30},"end":{"line":221,"column":8}},"61":{"start":{"line":214,"column":8},"end":{"line":216,"column":9}},"62":{"start":{"line":215,"column":10},"end":{"line":215,"column":20}},"63":{"start":{"line":217,"column":8},"end":{"line":219,"column":9}},"64":{"start":{"line":218,"column":10},"end":{"line":218,"column":19}},"65":{"start":{"line":220,"column":8},"end":{"line":220,"column":17}},"66":{"start":{"line":222,"column":6},"end":{"line":222,"column":56}},"67":{"start":{"line":225,"column":4},"end":{"line":225,"column":23}}},"fnMap":{"0":{"name":"(anonymous_0)","decl":{"start":{"line":16,"column":2},"end":{"line":16,"column":3}},"loc":{"start":{"line":16,"column":21},"end":{"line":34,"column":3}},"line":16},"1":{"name":"(anonymous_1)","decl":{"start":{"line":24,"column":44},"end":{"line":24,"column":45}},"loc":{"start":{"line":24,"column":60},"end":{"line":24,"column":146}},"line":24},"2":{"name":"(anonymous_2)","decl":{"start":{"line":36,"column":2},"end":{"line":36,"column":3}},"loc":{"start":{"line":36,"column":28},"end":{"line":43,"column":3}},"line":36},"3":{"name":"(anonymous_3)","decl":{"start":{"line":46,"column":2},"end":{"line":46,"column":3}},"loc":{"start":{"line":46,"column":23},"end":{"line":68,"column":3}},"line":46},"4":{"name":"(anonymous_4)","decl":{"start":{"line":70,"column":2},"end":{"line":70,"column":3}},"loc":{"start":{"line":70,"column":22},"end":{"line":87,"column":3}},"line":70},"5":{"name":"(anonymous_5)","decl":{"start":{"line":79,"column":31},"end":{"line":79,"column":32}},"loc":{"start":{"line":79,"column":37},"end":{"line":84,"column":5}},"line":79},"6":{"name":"(anonymous_6)","decl":{"start":{"line":89,"column":2},"end":{"line":89,"column":3}},"loc":{"start":{"line":89,"column":25},"end":{"line":94,"column":3}},"line":89},"7":{"name":"(anonymous_7)","decl":{"start":{"line":102,"column":2},"end":{"line":102,"column":3}},"loc":{"start":{"line":102,"column":35},"end":{"line":153,"column":3}},"line":102},"8":{"name":"(anonymous_8)","decl":{"start":{"line":120,"column":19},"end":{"line":120,"column":20}},"loc":{"start":{"line":120,"column":38},"end":{"line":141,"column":7}},"line":120},"9":{"name":"(anonymous_9)","decl":{"start":{"line":156,"column":2},"end":{"line":156,"column":3}},"loc":{"start":{"line":156,"column":36},"end":{"line":166,"column":3}},"line":156},"10":{"name":"(anonymous_10)","decl":{"start":{"line":169,"column":2},"end":{"line":169,"column":3}},"loc":{"start":{"line":169,"column":36},"end":{"line":179,"column":3}},"line":169},"11":{"name":"(anonymous_11)","decl":{"start":{"line":182,"column":2},"end":{"line":182,"column":3}},"loc":{"start":{"line":182,"column":11},"end":{"line":196,"column":3}},"line":182},"12":{"name":"(anonymous_12)","decl":{"start":{"line":199,"column":2},"end":{"line":199,"column":3}},"loc":{"start":{"line":199,"column":19},"end":{"line":226,"column":3}},"line":199},"13":{"name":"(anonymous_13)","decl":{"start":{"line":213,"column":47},"end":{"line":213,"column":48}},"loc":{"start":{"line":213,"column":56},"end":{"line":221,"column":7}},"line":213}},"branchMap":{"0":{"loc":{"start":{"line":24,"column":60},"end":{"line":24,"column":146}},"type":"binary-expr","locations":[{"start":{"line":24,"column":60},"end":{"line":24,"column":92}},{"start":{"line":24,"column":96},"end":{"line":24,"column":146}}],"line":24},"1":{"loc":{"start":{"line":27,"column":4},"end":{"line":29,"column":5}},"type":"if","locations":[{"start":{"line":27,"column":4},"end":{"line":29,"column":5}},{"start":{"line":27,"column":4},"end":{"line":29,"column":5}}],"line":27},"2":{"loc":{"start":{"line":37,"column":4},"end":{"line":42,"column":5}},"type":"if","locations":[{"start":{"line":37,"column":4},"end":{"line":42,"column":5}},{"start":{"line":37,"column":4},"end":{"line":42,"column":5}}],"line":37},"3":{"loc":{"start":{"line":49,"column":19},"end":{"line":49,"column":68}},"type":"binary-expr","locations":[{"start":{"line":49,"column":19},"end":{"line":49,"column":63}},{"start":{"line":49,"column":67},"end":{"line":49,"column":68}}],"line":49},"4":{"loc":{"start":{"line":73,"column":19},"end":{"line":73,"column":68}},"type":"binary-expr","locations":[{"start":{"line":73,"column":19},"end":{"line":73,"column":63}},{"start":{"line":73,"column":67},"end":{"line":73,"column":68}}],"line":73},"5":{"loc":{"start":{"line":75,"column":4},"end":{"line":77,"column":5}},"type":"if","locations":[{"start":{"line":75,"column":4},"end":{"line":77,"column":5}},{"start":{"line":75,"column":4},"end":{"line":77,"column":5}}],"line":75},"6":{"loc":{"start":{"line":80,"column":6},"end":{"line":83,"column":7}},"type":"if","locations":[{"start":{"line":80,"column":6},"end":{"line":83,"column":7}},{"start":{"line":80,"column":6},"end":{"line":83,"column":7}}],"line":80},"7":{"loc":{"start":{"line":115,"column":4},"end":{"line":152,"column":5}},"type":"if","locations":[{"start":{"line":115,"column":4},"end":{"line":152,"column":5}},{"start":{"line":115,"column":4},"end":{"line":152,"column":5}}],"line":115},"8":{"loc":{"start":{"line":115,"column":8},"end":{"line":115,"column":79}},"type":"binary-expr","locations":[{"start":{"line":115,"column":8},"end":{"line":115,"column":38}},{"start":{"line":115,"column":42},"end":{"line":115,"column":79}}],"line":115},"9":{"loc":{"start":{"line":121,"column":8},"end":{"line":128,"column":9}},"type":"if","locations":[{"start":{"line":121,"column":8},"end":{"line":128,"column":9}},{"start":{"line":121,"column":8},"end":{"line":128,"column":9}}],"line":121},"10":{"loc":{"start":{"line":135,"column":8},"end":{"line":140,"column":9}},"type":"if","locations":[{"start":{"line":135,"column":8},"end":{"line":140,"column":9}},{"start":{"line":135,"column":8},"end":{"line":140,"column":9}}],"line":135},"11":{"loc":{"start":{"line":144,"column":6},"end":{"line":151,"column":7}},"type":"if","locations":[{"start":{"line":144,"column":6},"end":{"line":151,"column":7}},{"start":{"line":144,"column":6},"end":{"line":151,"column":7}}],"line":144},"12":{"loc":{"start":{"line":170,"column":25},"end":{"line":170,"column":95}},"type":"binary-expr","locations":[{"start":{"line":170,"column":25},"end":{"line":170,"column":87}},{"start":{"line":170,"column":91},"end":{"line":170,"column":95}}],"line":170},"13":{"loc":{"start":{"line":174,"column":20},"end":{"line":174,"column":59}},"type":"binary-expr","locations":[{"start":{"line":174,"column":20},"end":{"line":174,"column":51}},{"start":{"line":174,"column":55},"end":{"line":174,"column":59}}],"line":174},"14":{"loc":{"start":{"line":188,"column":4},"end":{"line":195,"column":5}},"type":"if","locations":[{"start":{"line":188,"column":4},"end":{"line":195,"column":5}},{"start":{"line":188,"column":4},"end":{"line":195,"column":5}}],"line":188},"15":{"loc":{"start":{"line":203,"column":6},"end":{"line":205,"column":7}},"type":"if","locations":[{"start":{"line":203,"column":6},"end":{"line":205,"column":7}},{"start":{"line":203,"column":6},"end":{"line":205,"column":7}}],"line":203},"16":{"loc":{"start":{"line":207,"column":6},"end":{"line":211,"column":7}},"type":"if","locations":[{"start":{"line":207,"column":6},"end":{"line":211,"column":7}},{"start":{"line":207,"column":6},"end":{"line":211,"column":7}}],"line":207},"17":{"loc":{"start":{"line":214,"column":8},"end":{"line":216,"column":9}},"type":"if","locations":[{"start":{"line":214,"column":8},"end":{"line":216,"column":9}},{"start":{"line":214,"column":8},"end":{"line":216,"column":9}}],"line":214},"18":{"loc":{"start":{"line":217,"column":8},"end":{"line":219,"column":9}},"type":"if","locations":[{"start":{"line":217,"column":8},"end":{"line":219,"column":9}},{"start":{"line":217,"column":8},"end":{"line":219,"column":9}}],"line":217}},"s":{"0":1,"1":1,"2":1,"3":14,"4":1,"5":0,"6":1,"7":1,"8":0,"9":0,"10":0,"11":0,"12":0,"13":1,"14":1,"15":1,"16":1,"17":1,"18":1,"19":1,"20":0,"21":0,"22":0,"23":1,"24":0,"25":0,"26":0,"27":0,"28":0,"29":0,"30":0,"31":0,"32":0,"33":0,"34":0,"35":0,"36":0,"37":0,"38":0,"39":0,"40":0,"41":0,"42":0,"43":0,"44":1,"45":0,"46":0,"47":1,"48":1,"49":0,"50":1,"51":1,"52":1,"53":7,"54":0,"55":7,"56":7,"57":0,"58":0,"59":0,"60":7,"61":182,"62":50,"63":132,"64":132,"65":0,"66":7,"67":1},"f":{"0":1,"1":14,"2":0,"3":1,"4":1,"5":0,"6":0,"7":0,"8":0,"9":1,"10":0,"11":1,"12":1,"13":182},"b":{"0":[14,5],"1":[0,1],"2":[0,0],"3":[1,1],"4":[1,1],"5":[1,0],"6":[0,0],"7":[0,0],"8":[0,0],"9":[0,0],"10":[0,0],"11":[0,0],"12":[0,0],"13":[0,0],"14":[0,1],"15":[0,7],"16":[0,7],"17":[50,132],"18":[132,0]},"_coverageSchema":"332fd63041d2c1bcb487cc26dd0d5f7d97098a6c","hash":"62d208b23d4839b7161d679e8f315143f260bfd5"}
,"/Volumes/Workspace/dev/zoidberg/src/script/components/CategoriesRecommended.js": {"path":"/Volumes/Workspace/dev/zoidberg/src/script/components/CategoriesRecommended.js","statementMap":{"0":{"start":{"line":12,"column":0},"end":{"line":13,"column":71}},"1":{"start":{"line":13,"column":2},"end":{"line":13,"column":71}},"2":{"start":{"line":14,"column":2},"end":{"line":14,"column":46}},"3":{"start":{"line":15,"column":0},"end":{"line":16,"column":73}},"4":{"start":{"line":16,"column":2},"end":{"line":16,"column":73}},"5":{"start":{"line":17,"column":2},"end":{"line":17,"column":46}},"6":{"start":{"line":24,"column":4},"end":{"line":24,"column":17}},"7":{"start":{"line":28,"column":4},"end":{"line":28,"column":63}},"8":{"start":{"line":30,"column":4},"end":{"line":32,"column":6}},"9":{"start":{"line":35,"column":4},"end":{"line":35,"column":45}},"10":{"start":{"line":36,"column":4},"end":{"line":36,"column":53}},"11":{"start":{"line":37,"column":4},"end":{"line":37,"column":63}},"12":{"start":{"line":38,"column":4},"end":{"line":38,"column":63}},"13":{"start":{"line":43,"column":4},"end":{"line":43,"column":49}},"14":{"start":{"line":48,"column":4},"end":{"line":51,"column":5}},"15":{"start":{"line":50,"column":6},"end":{"line":50,"column":51}},"16":{"start":{"line":56,"column":18},"end":{"line":56,"column":28}},"17":{"start":{"line":57,"column":17},"end":{"line":57,"column":28}},"18":{"start":{"line":58,"column":18},"end":{"line":58,"column":33}},"19":{"start":{"line":60,"column":15},"end":{"line":66,"column":5}},"20":{"start":{"line":61,"column":6},"end":{"line":65,"column":9}},"21":{"start":{"line":69,"column":4},"end":{"line":75,"column":5}},"22":{"start":{"line":70,"column":6},"end":{"line":70,"column":13}},"23":{"start":{"line":73,"column":9},"end":{"line":75,"column":5}},"24":{"start":{"line":74,"column":6},"end":{"line":74,"column":13}},"25":{"start":{"line":83,"column":4},"end":{"line":83,"column":69}},"26":{"start":{"line":85,"column":22},"end":{"line":85,"column":74}},"27":{"start":{"line":86,"column":4},"end":{"line":86,"column":35}},"28":{"start":{"line":87,"column":4},"end":{"line":87,"column":62}},"29":{"start":{"line":88,"column":4},"end":{"line":90,"column":7}},"30":{"start":{"line":95,"column":18},"end":{"line":95,"column":23}},"31":{"start":{"line":96,"column":17},"end":{"line":96,"column":28}},"32":{"start":{"line":97,"column":19},"end":{"line":97,"column":46}},"33":{"start":{"line":99,"column":4},"end":{"line":102,"column":5}},"34":{"start":{"line":100,"column":6},"end":{"line":100,"column":21}},"35":{"start":{"line":101,"column":6},"end":{"line":101,"column":56}},"36":{"start":{"line":104,"column":27},"end":{"line":104,"column":100}},"37":{"start":{"line":104,"column":68},"end":{"line":104,"column":99}},"38":{"start":{"line":105,"column":4},"end":{"line":107,"column":5}},"39":{"start":{"line":106,"column":6},"end":{"line":106,"column":19}},"40":{"start":{"line":110,"column":6},"end":{"line":113,"column":7}},"41":{"start":{"line":112,"column":8},"end":{"line":112,"column":43}},"42":{"start":{"line":115,"column":4},"end":{"line":126,"column":53}},"43":{"start":{"line":131,"column":21},"end":{"line":131,"column":41}},"44":{"start":{"line":134,"column":4},"end":{"line":136,"column":5}},"45":{"start":{"line":135,"column":6},"end":{"line":135,"column":37}},"46":{"start":{"line":138,"column":26},"end":{"line":138,"column":64}},"47":{"start":{"line":139,"column":4},"end":{"line":139,"column":63}},"48":{"start":{"line":139,"column":50},"end":{"line":139,"column":61}},"49":{"start":{"line":141,"column":4},"end":{"line":151,"column":11}},"50":{"start":{"line":156,"column":4},"end":{"line":157,"column":90}},"51":{"start":{"line":163,"column":22},"end":{"line":163,"column":74}},"52":{"start":{"line":165,"column":4},"end":{"line":167,"column":19}},"53":{"start":{"line":166,"column":6},"end":{"line":166,"column":41}}},"fnMap":{"0":{"name":"(anonymous_0)","decl":{"start":{"line":23,"column":2},"end":{"line":23,"column":3}},"loc":{"start":{"line":23,"column":21},"end":{"line":39,"column":3}},"line":23},"1":{"name":"(anonymous_1)","decl":{"start":{"line":42,"column":2},"end":{"line":42,"column":3}},"loc":{"start":{"line":42,"column":23},"end":{"line":44,"column":3}},"line":42},"2":{"name":"(anonymous_2)","decl":{"start":{"line":47,"column":2},"end":{"line":47,"column":3}},"loc":{"start":{"line":47,"column":44},"end":{"line":52,"column":3}},"line":47},"3":{"name":"(anonymous_3)","decl":{"start":{"line":55,"column":2},"end":{"line":55,"column":3}},"loc":{"start":{"line":55,"column":25},"end":{"line":76,"column":3}},"line":55},"4":{"name":"(anonymous_4)","decl":{"start":{"line":60,"column":15},"end":{"line":60,"column":16}},"loc":{"start":{"line":60,"column":21},"end":{"line":66,"column":5}},"line":60},"5":{"name":"(anonymous_5)","decl":{"start":{"line":82,"column":2},"end":{"line":82,"column":3}},"loc":{"start":{"line":82,"column":36},"end":{"line":91,"column":3}},"line":82},"6":{"name":"(anonymous_6)","decl":{"start":{"line":94,"column":2},"end":{"line":94,"column":3}},"loc":{"start":{"line":94,"column":33},"end":{"line":127,"column":3}},"line":94},"7":{"name":"(anonymous_7)","decl":{"start":{"line":104,"column":60},"end":{"line":104,"column":61}},"loc":{"start":{"line":104,"column":68},"end":{"line":104,"column":99}},"line":104},"8":{"name":"(anonymous_8)","decl":{"start":{"line":130,"column":2},"end":{"line":130,"column":3}},"loc":{"start":{"line":130,"column":11},"end":{"line":152,"column":3}},"line":130},"9":{"name":"(anonymous_9)","decl":{"start":{"line":139,"column":45},"end":{"line":139,"column":46}},"loc":{"start":{"line":139,"column":50},"end":{"line":139,"column":61}},"line":139},"10":{"name":"(anonymous_10)","decl":{"start":{"line":155,"column":2},"end":{"line":155,"column":3}},"loc":{"start":{"line":155,"column":13},"end":{"line":158,"column":3}},"line":155},"11":{"name":"(anonymous_11)","decl":{"start":{"line":162,"column":2},"end":{"line":162,"column":3}},"loc":{"start":{"line":162,"column":18},"end":{"line":168,"column":3}},"line":162},"12":{"name":"(anonymous_12)","decl":{"start":{"line":165,"column":48},"end":{"line":165,"column":49}},"loc":{"start":{"line":165,"column":53},"end":{"line":167,"column":5}},"line":165}},"branchMap":{"0":{"loc":{"start":{"line":12,"column":0},"end":{"line":13,"column":71}},"type":"if","locations":[{"start":{"line":12,"column":0},"end":{"line":13,"column":71}},{"start":{"line":12,"column":0},"end":{"line":13,"column":71}}],"line":12},"1":{"loc":{"start":{"line":15,"column":0},"end":{"line":16,"column":73}},"type":"if","locations":[{"start":{"line":15,"column":0},"end":{"line":16,"column":73}},{"start":{"line":15,"column":0},"end":{"line":16,"column":73}}],"line":15},"2":{"loc":{"start":{"line":48,"column":4},"end":{"line":51,"column":5}},"type":"if","locations":[{"start":{"line":48,"column":4},"end":{"line":51,"column":5}},{"start":{"line":48,"column":4},"end":{"line":51,"column":5}}],"line":48},"3":{"loc":{"start":{"line":48,"column":8},"end":{"line":49,"column":53}},"type":"binary-expr","locations":[{"start":{"line":48,"column":8},"end":{"line":48,"column":54}},{"start":{"line":49,"column":8},"end":{"line":49,"column":53}}],"line":48},"4":{"loc":{"start":{"line":63,"column":14},"end":{"line":63,"column":32}},"type":"binary-expr","locations":[{"start":{"line":63,"column":14},"end":{"line":63,"column":18}},{"start":{"line":63,"column":22},"end":{"line":63,"column":32}}],"line":63},"5":{"loc":{"start":{"line":69,"column":4},"end":{"line":75,"column":5}},"type":"if","locations":[{"start":{"line":69,"column":4},"end":{"line":75,"column":5}},{"start":{"line":69,"column":4},"end":{"line":75,"column":5}}],"line":69},"6":{"loc":{"start":{"line":69,"column":8},"end":{"line":69,"column":39}},"type":"binary-expr","locations":[{"start":{"line":69,"column":8},"end":{"line":69,"column":12}},{"start":{"line":69,"column":16},"end":{"line":69,"column":39}}],"line":69},"7":{"loc":{"start":{"line":73,"column":9},"end":{"line":75,"column":5}},"type":"if","locations":[{"start":{"line":73,"column":9},"end":{"line":75,"column":5}},{"start":{"line":73,"column":9},"end":{"line":75,"column":5}}],"line":73},"8":{"loc":{"start":{"line":73,"column":13},"end":{"line":73,"column":75}},"type":"binary-expr","locations":[{"start":{"line":73,"column":13},"end":{"line":73,"column":42}},{"start":{"line":73,"column":46},"end":{"line":73,"column":75}}],"line":73},"9":{"loc":{"start":{"line":85,"column":22},"end":{"line":85,"column":74}},"type":"binary-expr","locations":[{"start":{"line":85,"column":22},"end":{"line":85,"column":68}},{"start":{"line":85,"column":72},"end":{"line":85,"column":74}}],"line":85},"10":{"loc":{"start":{"line":99,"column":4},"end":{"line":102,"column":5}},"type":"if","locations":[{"start":{"line":99,"column":4},"end":{"line":102,"column":5}},{"start":{"line":99,"column":4},"end":{"line":102,"column":5}}],"line":99},"11":{"loc":{"start":{"line":99,"column":8},"end":{"line":99,"column":36}},"type":"binary-expr","locations":[{"start":{"line":99,"column":8},"end":{"line":99,"column":17}},{"start":{"line":99,"column":21},"end":{"line":99,"column":36}}],"line":99},"12":{"loc":{"start":{"line":105,"column":4},"end":{"line":107,"column":5}},"type":"if","locations":[{"start":{"line":105,"column":4},"end":{"line":107,"column":5}},{"start":{"line":105,"column":4},"end":{"line":107,"column":5}}],"line":105},"13":{"loc":{"start":{"line":105,"column":8},"end":{"line":105,"column":35}},"type":"binary-expr","locations":[{"start":{"line":105,"column":8},"end":{"line":105,"column":23}},{"start":{"line":105,"column":27},"end":{"line":105,"column":35}}],"line":105},"14":{"loc":{"start":{"line":110,"column":6},"end":{"line":113,"column":7}},"type":"if","locations":[{"start":{"line":110,"column":6},"end":{"line":113,"column":7}},{"start":{"line":110,"column":6},"end":{"line":113,"column":7}}],"line":110},"15":{"loc":{"start":{"line":110,"column":10},"end":{"line":111,"column":48}},"type":"binary-expr","locations":[{"start":{"line":110,"column":10},"end":{"line":110,"column":17}},{"start":{"line":110,"column":22},"end":{"line":110,"column":65}},{"start":{"line":111,"column":6},"end":{"line":111,"column":47}}],"line":110},"16":{"loc":{"start":{"line":134,"column":4},"end":{"line":136,"column":5}},"type":"if","locations":[{"start":{"line":134,"column":4},"end":{"line":136,"column":5}},{"start":{"line":134,"column":4},"end":{"line":136,"column":5}}],"line":134},"17":{"loc":{"start":{"line":141,"column":56},"end":{"line":141,"column":90}},"type":"cond-expr","locations":[{"start":{"line":141,"column":77},"end":{"line":141,"column":85}},{"start":{"line":141,"column":88},"end":{"line":141,"column":90}}],"line":141},"18":{"loc":{"start":{"line":143,"column":8},"end":{"line":149,"column":25}},"type":"binary-expr","locations":[{"start":{"line":143,"column":8},"end":{"line":143,"column":31}},{"start":{"line":144,"column":8},"end":{"line":149,"column":25}}],"line":143},"19":{"loc":{"start":{"line":156,"column":11},"end":{"line":157,"column":89}},"type":"cond-expr","locations":[{"start":{"line":156,"column":37},"end":{"line":156,"column":127}},{"start":{"line":157,"column":6},"end":{"line":157,"column":88}}],"line":156},"20":{"loc":{"start":{"line":156,"column":37},"end":{"line":156,"column":127}},"type":"cond-expr","locations":[{"start":{"line":156,"column":58},"end":{"line":156,"column":93}},{"start":{"line":156,"column":96},"end":{"line":156,"column":127}}],"line":156},"21":{"loc":{"start":{"line":157,"column":6},"end":{"line":157,"column":88}},"type":"cond-expr","locations":[{"start":{"line":157,"column":27},"end":{"line":157,"column":56}},{"start":{"line":157,"column":59},"end":{"line":157,"column":88}}],"line":157},"22":{"loc":{"start":{"line":163,"column":22},"end":{"line":163,"column":74}},"type":"binary-expr","locations":[{"start":{"line":163,"column":22},"end":{"line":163,"column":68}},{"start":{"line":163,"column":72},"end":{"line":163,"column":74}}],"line":163}},"s":{"0":1,"1":0,"2":1,"3":1,"4":0,"5":1,"6":1,"7":1,"8":1,"9":1,"10":1,"11":1,"12":1,"13":1,"14":0,"15":0,"16":3,"17":3,"18":3,"19":3,"20":0,"21":3,"22":0,"23":3,"24":0,"25":0,"26":0,"27":0,"28":0,"29":0,"30":3,"31":3,"32":3,"33":3,"34":0,"35":0,"36":3,"37":3,"38":3,"39":0,"40":3,"41":0,"42":3,"43":1,"44":1,"45":0,"46":1,"47":1,"48":3,"49":1,"50":6,"51":1,"52":1,"53":3},"f":{"0":1,"1":1,"2":0,"3":3,"4":0,"5":0,"6":3,"7":3,"8":1,"9":3,"10":6,"11":1,"12":3},"b":{"0":[0,1],"1":[0,1],"2":[0,0],"3":[0,0],"4":[0,0],"5":[0,3],"6":[3,3],"7":[0,3],"8":[3,0],"9":[0,0],"10":[0,3],"11":[3,3],"12":[0,3],"13":[3,0],"14":[0,3],"15":[3,0,0],"16":[0,1],"17":[0,1],"18":[1,1],"19":[0,6],"20":[0,0],"21":[0,6],"22":[1,1]},"_coverageSchema":"332fd63041d2c1bcb487cc26dd0d5f7d97098a6c","hash":"503cce901c55c9ecd8665584a65172daa06db7e5"}
,"/Volumes/Workspace/dev/zoidberg/src/script/components/CategoriesRelated.js": {"path":"/Volumes/Workspace/dev/zoidberg/src/script/components/CategoriesRelated.js","statementMap":{"0":{"start":{"line":8,"column":0},"end":{"line":9,"column":66}},"1":{"start":{"line":9,"column":2},"end":{"line":9,"column":66}},"2":{"start":{"line":10,"column":0},"end":{"line":11,"column":68}},"3":{"start":{"line":11,"column":2},"end":{"line":11,"column":68}},"4":{"start":{"line":16,"column":4},"end":{"line":16,"column":17}},"5":{"start":{"line":19,"column":4},"end":{"line":21,"column":5}},"6":{"start":{"line":24,"column":4},"end":{"line":24,"column":53}},"7":{"start":{"line":25,"column":4},"end":{"line":25,"column":55}},"8":{"start":{"line":32,"column":4},"end":{"line":34,"column":5}},"9":{"start":{"line":33,"column":6},"end":{"line":33,"column":18}},"10":{"start":{"line":39,"column":22},"end":{"line":39,"column":121}},"11":{"start":{"line":42,"column":4},"end":{"line":44,"column":5}},"12":{"start":{"line":43,"column":6},"end":{"line":43,"column":18}},"13":{"start":{"line":47,"column":4},"end":{"line":49,"column":5}},"14":{"start":{"line":48,"column":6},"end":{"line":48,"column":18}},"15":{"start":{"line":52,"column":21},"end":{"line":52,"column":59}},"16":{"start":{"line":53,"column":4},"end":{"line":60,"column":5}},"17":{"start":{"line":54,"column":20},"end":{"line":54,"column":41}},"18":{"start":{"line":55,"column":25},"end":{"line":55,"column":49}},"19":{"start":{"line":56,"column":27},"end":{"line":56,"column":124}},"20":{"start":{"line":57,"column":6},"end":{"line":59,"column":7}},"21":{"start":{"line":58,"column":8},"end":{"line":58,"column":20}},"22":{"start":{"line":68,"column":4},"end":{"line":68,"column":24}},"23":{"start":{"line":71,"column":21},"end":{"line":71,"column":59}},"24":{"start":{"line":72,"column":4},"end":{"line":74,"column":5}},"25":{"start":{"line":73,"column":6},"end":{"line":73,"column":13}},"26":{"start":{"line":77,"column":18},"end":{"line":77,"column":39}},"27":{"start":{"line":78,"column":23},"end":{"line":78,"column":49}},"28":{"start":{"line":79,"column":4},"end":{"line":81,"column":5}},"29":{"start":{"line":80,"column":6},"end":{"line":80,"column":13}},"30":{"start":{"line":82,"column":27},"end":{"line":82,"column":60}},"31":{"start":{"line":83,"column":4},"end":{"line":85,"column":5}},"32":{"start":{"line":84,"column":6},"end":{"line":84,"column":13}},"33":{"start":{"line":87,"column":4},"end":{"line":89,"column":7}},"34":{"start":{"line":88,"column":6},"end":{"line":88,"column":43}},"35":{"start":{"line":94,"column":18},"end":{"line":94,"column":28}},"36":{"start":{"line":95,"column":17},"end":{"line":95,"column":27}},"37":{"start":{"line":96,"column":21},"end":{"line":96,"column":48}},"38":{"start":{"line":98,"column":4},"end":{"line":100,"column":5}},"39":{"start":{"line":99,"column":6},"end":{"line":99,"column":13}},"40":{"start":{"line":104,"column":4},"end":{"line":113,"column":5}},"41":{"start":{"line":105,"column":20},"end":{"line":105,"column":41}},"42":{"start":{"line":106,"column":6},"end":{"line":106,"column":46}},"43":{"start":{"line":107,"column":6},"end":{"line":109,"column":7}},"44":{"start":{"line":108,"column":8},"end":{"line":108,"column":15}},"45":{"start":{"line":111,"column":6},"end":{"line":111,"column":42}},"46":{"start":{"line":112,"column":6},"end":{"line":112,"column":29}},"47":{"start":{"line":115,"column":15},"end":{"line":122,"column":5}},"48":{"start":{"line":117,"column":6},"end":{"line":121,"column":9}},"49":{"start":{"line":125,"column":4},"end":{"line":127,"column":5}},"50":{"start":{"line":126,"column":6},"end":{"line":126,"column":13}},"51":{"start":{"line":132,"column":18},"end":{"line":132,"column":38}},"52":{"start":{"line":133,"column":17},"end":{"line":133,"column":51}},"53":{"start":{"line":134,"column":22},"end":{"line":134,"column":42}},"54":{"start":{"line":135,"column":4},"end":{"line":150,"column":15}},"55":{"start":{"line":139,"column":10},"end":{"line":143,"column":13}},"56":{"start":{"line":155,"column":18},"end":{"line":155,"column":23}},"57":{"start":{"line":157,"column":15},"end":{"line":157,"column":43}},"58":{"start":{"line":158,"column":31},"end":{"line":160,"column":5}},"59":{"start":{"line":162,"column":4},"end":{"line":165,"column":5}},"60":{"start":{"line":163,"column":6},"end":{"line":163,"column":21}},"61":{"start":{"line":164,"column":6},"end":{"line":164,"column":37}},"62":{"start":{"line":167,"column":4},"end":{"line":169,"column":5}},"63":{"start":{"line":168,"column":6},"end":{"line":168,"column":45}},"64":{"start":{"line":171,"column":4},"end":{"line":174,"column":11}},"65":{"start":{"line":184,"column":22},"end":{"line":184,"column":52}},"66":{"start":{"line":185,"column":21},"end":{"line":185,"column":47}},"67":{"start":{"line":193,"column":18},"end":{"line":193,"column":76}},"68":{"start":{"line":206,"column":4},"end":{"line":206,"column":29}},"69":{"start":{"line":212,"column":16},"end":{"line":212,"column":42}},"70":{"start":{"line":213,"column":14},"end":{"line":213,"column":16}},"71":{"start":{"line":215,"column":12},"end":{"line":215,"column":13}},"72":{"start":{"line":216,"column":4},"end":{"line":226,"column":5}},"73":{"start":{"line":217,"column":20},"end":{"line":217,"column":58}},"74":{"start":{"line":218,"column":6},"end":{"line":220,"column":7}},"75":{"start":{"line":219,"column":8},"end":{"line":219,"column":17}},"76":{"start":{"line":222,"column":22},"end":{"line":222,"column":42}},"77":{"start":{"line":224,"column":6},"end":{"line":224,"column":27}},"78":{"start":{"line":225,"column":6},"end":{"line":225,"column":10}},"79":{"start":{"line":227,"column":4},"end":{"line":227,"column":15}}},"fnMap":{"0":{"name":"(anonymous_0)","decl":{"start":{"line":15,"column":2},"end":{"line":15,"column":3}},"loc":{"start":{"line":15,"column":21},"end":{"line":26,"column":3}},"line":15},"1":{"name":"(anonymous_1)","decl":{"start":{"line":29,"column":2},"end":{"line":29,"column":3}},"loc":{"start":{"line":29,"column":23},"end":{"line":35,"column":3}},"line":29},"2":{"name":"(anonymous_2)","decl":{"start":{"line":38,"column":2},"end":{"line":38,"column":3}},"loc":{"start":{"line":38,"column":43},"end":{"line":61,"column":3}},"line":38},"3":{"name":"(anonymous_3)","decl":{"start":{"line":67,"column":2},"end":{"line":67,"column":3}},"loc":{"start":{"line":67,"column":9},"end":{"line":90,"column":3}},"line":67},"4":{"name":"(anonymous_4)","decl":{"start":{"line":87,"column":46},"end":{"line":87,"column":47}},"loc":{"start":{"line":87,"column":67},"end":{"line":89,"column":5}},"line":87},"5":{"name":"(anonymous_5)","decl":{"start":{"line":93,"column":2},"end":{"line":93,"column":3}},"loc":{"start":{"line":93,"column":17},"end":{"line":128,"column":3}},"line":93},"6":{"name":"(anonymous_6)","decl":{"start":{"line":115,"column":15},"end":{"line":115,"column":16}},"loc":{"start":{"line":115,"column":21},"end":{"line":122,"column":5}},"line":115},"7":{"name":"(anonymous_7)","decl":{"start":{"line":131,"column":2},"end":{"line":131,"column":3}},"loc":{"start":{"line":131,"column":24},"end":{"line":151,"column":3}},"line":131},"8":{"name":"(anonymous_8)","decl":{"start":{"line":138,"column":18},"end":{"line":138,"column":19}},"loc":{"start":{"line":138,"column":24},"end":{"line":144,"column":9}},"line":138},"9":{"name":"(anonymous_9)","decl":{"start":{"line":154,"column":2},"end":{"line":154,"column":3}},"loc":{"start":{"line":154,"column":11},"end":{"line":175,"column":3}},"line":154},"10":{"name":"(anonymous_10)","decl":{"start":{"line":183,"column":2},"end":{"line":183,"column":3}},"loc":{"start":{"line":183,"column":49},"end":{"line":207,"column":3}},"line":183},"11":{"name":"(anonymous_11)","decl":{"start":{"line":210,"column":2},"end":{"line":210,"column":3}},"loc":{"start":{"line":210,"column":47},"end":{"line":228,"column":3}},"line":210}},"branchMap":{"0":{"loc":{"start":{"line":8,"column":0},"end":{"line":9,"column":66}},"type":"if","locations":[{"start":{"line":8,"column":0},"end":{"line":9,"column":66}},{"start":{"line":8,"column":0},"end":{"line":9,"column":66}}],"line":8},"1":{"loc":{"start":{"line":10,"column":0},"end":{"line":11,"column":68}},"type":"if","locations":[{"start":{"line":10,"column":0},"end":{"line":11,"column":68}},{"start":{"line":10,"column":0},"end":{"line":11,"column":68}}],"line":10},"2":{"loc":{"start":{"line":32,"column":4},"end":{"line":34,"column":5}},"type":"if","locations":[{"start":{"line":32,"column":4},"end":{"line":34,"column":5}},{"start":{"line":32,"column":4},"end":{"line":34,"column":5}}],"line":32},"3":{"loc":{"start":{"line":39,"column":22},"end":{"line":39,"column":121}},"type":"binary-expr","locations":[{"start":{"line":39,"column":22},"end":{"line":39,"column":37}},{"start":{"line":39,"column":41},"end":{"line":39,"column":79}},{"start":{"line":39,"column":83},"end":{"line":39,"column":121}}],"line":39},"4":{"loc":{"start":{"line":42,"column":4},"end":{"line":44,"column":5}},"type":"if","locations":[{"start":{"line":42,"column":4},"end":{"line":44,"column":5}},{"start":{"line":42,"column":4},"end":{"line":44,"column":5}}],"line":42},"5":{"loc":{"start":{"line":47,"column":4},"end":{"line":49,"column":5}},"type":"if","locations":[{"start":{"line":47,"column":4},"end":{"line":49,"column":5}},{"start":{"line":47,"column":4},"end":{"line":49,"column":5}}],"line":47},"6":{"loc":{"start":{"line":53,"column":4},"end":{"line":60,"column":5}},"type":"if","locations":[{"start":{"line":53,"column":4},"end":{"line":60,"column":5}},{"start":{"line":53,"column":4},"end":{"line":60,"column":5}}],"line":53},"7":{"loc":{"start":{"line":55,"column":25},"end":{"line":55,"column":49}},"type":"cond-expr","locations":[{"start":{"line":55,"column":33},"end":{"line":55,"column":44}},{"start":{"line":55,"column":47},"end":{"line":55,"column":49}}],"line":55},"8":{"loc":{"start":{"line":56,"column":27},"end":{"line":56,"column":124}},"type":"binary-expr","locations":[{"start":{"line":56,"column":27},"end":{"line":56,"column":74}},{"start":{"line":56,"column":78},"end":{"line":56,"column":124}}],"line":56},"9":{"loc":{"start":{"line":57,"column":6},"end":{"line":59,"column":7}},"type":"if","locations":[{"start":{"line":57,"column":6},"end":{"line":59,"column":7}},{"start":{"line":57,"column":6},"end":{"line":59,"column":7}}],"line":57},"10":{"loc":{"start":{"line":72,"column":4},"end":{"line":74,"column":5}},"type":"if","locations":[{"start":{"line":72,"column":4},"end":{"line":74,"column":5}},{"start":{"line":72,"column":4},"end":{"line":74,"column":5}}],"line":72},"11":{"loc":{"start":{"line":78,"column":23},"end":{"line":78,"column":49}},"type":"cond-expr","locations":[{"start":{"line":78,"column":31},"end":{"line":78,"column":42}},{"start":{"line":78,"column":45},"end":{"line":78,"column":49}}],"line":78},"12":{"loc":{"start":{"line":79,"column":4},"end":{"line":81,"column":5}},"type":"if","locations":[{"start":{"line":79,"column":4},"end":{"line":81,"column":5}},{"start":{"line":79,"column":4},"end":{"line":81,"column":5}}],"line":79},"13":{"loc":{"start":{"line":83,"column":4},"end":{"line":85,"column":5}},"type":"if","locations":[{"start":{"line":83,"column":4},"end":{"line":85,"column":5}},{"start":{"line":83,"column":4},"end":{"line":85,"column":5}}],"line":83},"14":{"loc":{"start":{"line":98,"column":4},"end":{"line":100,"column":5}},"type":"if","locations":[{"start":{"line":98,"column":4},"end":{"line":100,"column":5}},{"start":{"line":98,"column":4},"end":{"line":100,"column":5}}],"line":98},"15":{"loc":{"start":{"line":106,"column":19},"end":{"line":106,"column":45}},"type":"cond-expr","locations":[{"start":{"line":106,"column":27},"end":{"line":106,"column":38}},{"start":{"line":106,"column":41},"end":{"line":106,"column":45}}],"line":106},"16":{"loc":{"start":{"line":107,"column":6},"end":{"line":109,"column":7}},"type":"if","locations":[{"start":{"line":107,"column":6},"end":{"line":109,"column":7}},{"start":{"line":107,"column":6},"end":{"line":109,"column":7}}],"line":107},"17":{"loc":{"start":{"line":125,"column":4},"end":{"line":127,"column":5}},"type":"if","locations":[{"start":{"line":125,"column":4},"end":{"line":127,"column":5}},{"start":{"line":125,"column":4},"end":{"line":127,"column":5}}],"line":125},"18":{"loc":{"start":{"line":125,"column":8},"end":{"line":125,"column":45}},"type":"binary-expr","locations":[{"start":{"line":125,"column":8},"end":{"line":125,"column":12}},{"start":{"line":125,"column":16},"end":{"line":125,"column":45}}],"line":125},"19":{"loc":{"start":{"line":132,"column":18},"end":{"line":132,"column":38}},"type":"cond-expr","locations":[{"start":{"line":132,"column":24},"end":{"line":132,"column":33}},{"start":{"line":132,"column":36},"end":{"line":132,"column":38}}],"line":132},"20":{"loc":{"start":{"line":133,"column":17},"end":{"line":133,"column":51}},"type":"cond-expr","locations":[{"start":{"line":133,"column":23},"end":{"line":133,"column":46}},{"start":{"line":133,"column":49},"end":{"line":133,"column":51}}],"line":133},"21":{"loc":{"start":{"line":162,"column":4},"end":{"line":165,"column":5}},"type":"if","locations":[{"start":{"line":162,"column":4},"end":{"line":165,"column":5}},{"start":{"line":162,"column":4},"end":{"line":165,"column":5}}],"line":162},"22":{"loc":{"start":{"line":167,"column":4},"end":{"line":169,"column":5}},"type":"if","locations":[{"start":{"line":167,"column":4},"end":{"line":169,"column":5}},{"start":{"line":167,"column":4},"end":{"line":169,"column":5}}],"line":167},"23":{"loc":{"start":{"line":171,"column":22},"end":{"line":171,"column":72}},"type":"cond-expr","locations":[{"start":{"line":171,"column":32},"end":{"line":171,"column":50}},{"start":{"line":171,"column":53},"end":{"line":171,"column":72}}],"line":171},"24":{"loc":{"start":{"line":171,"column":111},"end":{"line":171,"column":136}},"type":"cond-expr","locations":[{"start":{"line":171,"column":121},"end":{"line":171,"column":131}},{"start":{"line":171,"column":134},"end":{"line":171,"column":136}}],"line":171},"25":{"loc":{"start":{"line":184,"column":22},"end":{"line":184,"column":52}},"type":"cond-expr","locations":[{"start":{"line":184,"column":47},"end":{"line":184,"column":48}},{"start":{"line":184,"column":51},"end":{"line":184,"column":52}}],"line":184},"26":{"loc":{"start":{"line":218,"column":6},"end":{"line":220,"column":7}},"type":"if","locations":[{"start":{"line":218,"column":6},"end":{"line":220,"column":7}},{"start":{"line":218,"column":6},"end":{"line":220,"column":7}}],"line":218}},"s":{"0":1,"1":0,"2":1,"3":0,"4":4,"5":4,"6":4,"7":4,"8":4,"9":4,"10":4,"11":4,"12":0,"13":4,"14":0,"15":4,"16":4,"17":4,"18":4,"19":4,"20":4,"21":0,"22":4,"23":4,"24":4,"25":0,"26":4,"27":4,"28":4,"29":4,"30":0,"31":0,"32":0,"33":0,"34":0,"35":4,"36":4,"37":4,"38":4,"39":0,"40":4,"41":4,"42":4,"43":4,"44":4,"45":0,"46":0,"47":0,"48":0,"49":0,"50":0,"51":32,"52":32,"53":32,"54":32,"55":0,"56":8,"57":8,"58":8,"59":8,"60":8,"61":8,"62":8,"63":8,"64":8,"65":0,"66":0,"67":0,"68":0,"69":0,"70":0,"71":0,"72":0,"73":0,"74":0,"75":0,"76":0,"77":0,"78":0,"79":0},"f":{"0":4,"1":4,"2":4,"3":4,"4":0,"5":4,"6":0,"7":32,"8":0,"9":8,"10":0,"11":0},"b":{"0":[0,1],"1":[0,1],"2":[4,0],"3":[4,4,4],"4":[0,4],"5":[0,4],"6":[4,0],"7":[0,4],"8":[4,0],"9":[0,4],"10":[0,4],"11":[0,4],"12":[4,0],"13":[0,0],"14":[0,4],"15":[0,4],"16":[4,0],"17":[0,0],"18":[0,0],"19":[0,32],"20":[0,32],"21":[8,0],"22":[8,0],"23":[8,0],"24":[8,0],"25":[0,0],"26":[0,0]},"_coverageSchema":"332fd63041d2c1bcb487cc26dd0d5f7d97098a6c","hash":"29beeef88576425cf55f58863780883704f9fc16"}
,"/Volumes/Workspace/dev/zoidberg/src/script/components/CategoryCarouselPod.js": {"path":"/Volumes/Workspace/dev/zoidberg/src/script/components/CategoryCarouselPod.js","statementMap":{"0":{"start":{"line":10,"column":0},"end":{"line":11,"column":68}},"1":{"start":{"line":11,"column":2},"end":{"line":11,"column":68}},"2":{"start":{"line":12,"column":2},"end":{"line":12,"column":46}},"3":{"start":{"line":13,"column":2},"end":{"line":14,"column":70}},"4":{"start":{"line":14,"column":2},"end":{"line":14,"column":70}},"5":{"start":{"line":15,"column":2},"end":{"line":15,"column":46}},"6":{"start":{"line":17,"column":21},"end":{"line":17,"column":109}},"7":{"start":{"line":23,"column":4},"end":{"line":23,"column":17}},"8":{"start":{"line":26,"column":4},"end":{"line":28,"column":6}},"9":{"start":{"line":31,"column":4},"end":{"line":31,"column":51}},"10":{"start":{"line":39,"column":4},"end":{"line":49,"column":5}},"11":{"start":{"line":40,"column":20},"end":{"line":40,"column":71}},"12":{"start":{"line":41,"column":25},"end":{"line":41,"column":51}},"13":{"start":{"line":42,"column":18},"end":{"line":42,"column":51}},"14":{"start":{"line":43,"column":6},"end":{"line":48,"column":7}},"15":{"start":{"line":44,"column":8},"end":{"line":47,"column":9}},"16":{"start":{"line":45,"column":39},"end":{"line":45,"column":84}},"17":{"start":{"line":46,"column":10},"end":{"line":46,"column":53}},"18":{"start":{"line":55,"column":20},"end":{"line":55,"column":38}},"19":{"start":{"line":57,"column":17},"end":{"line":57,"column":19}},"20":{"start":{"line":58,"column":4},"end":{"line":63,"column":5}},"21":{"start":{"line":59,"column":6},"end":{"line":59,"column":56}},"22":{"start":{"line":59,"column":48},"end":{"line":59,"column":54}},"23":{"start":{"line":60,"column":6},"end":{"line":62,"column":8}},"24":{"start":{"line":65,"column":4},"end":{"line":67,"column":11}},"25":{"start":{"line":73,"column":21},"end":{"line":73,"column":26}},"26":{"start":{"line":74,"column":15},"end":{"line":74,"column":30}},"27":{"start":{"line":75,"column":16},"end":{"line":75,"column":18}},"28":{"start":{"line":79,"column":4},"end":{"line":99,"column":5}},"29":{"start":{"line":80,"column":20},"end":{"line":80,"column":71}},"30":{"start":{"line":81,"column":25},"end":{"line":81,"column":51}},"31":{"start":{"line":82,"column":21},"end":{"line":82,"column":54}},"32":{"start":{"line":83,"column":6},"end":{"line":98,"column":7}},"33":{"start":{"line":84,"column":20},"end":{"line":84,"column":95}},"34":{"start":{"line":84,"column":49},"end":{"line":84,"column":94}},"35":{"start":{"line":85,"column":8},"end":{"line":92,"column":9}},"36":{"start":{"line":86,"column":10},"end":{"line":86,"column":34}},"37":{"start":{"line":91,"column":10},"end":{"line":91,"column":28}},"38":{"start":{"line":96,"column":11},"end":{"line":98,"column":7}},"39":{"start":{"line":97,"column":8},"end":{"line":97,"column":26}},"40":{"start":{"line":101,"column":4},"end":{"line":104,"column":5}},"41":{"start":{"line":102,"column":6},"end":{"line":102,"column":17}},"42":{"start":{"line":103,"column":6},"end":{"line":103,"column":30}},"43":{"start":{"line":106,"column":4},"end":{"line":108,"column":5}},"44":{"start":{"line":107,"column":6},"end":{"line":107,"column":25}},"45":{"start":{"line":110,"column":4},"end":{"line":127,"column":11}},"46":{"start":{"line":111,"column":68},"end":{"line":111,"column":91}},"47":{"start":{"line":134,"column":4},"end":{"line":137,"column":7}},"48":{"start":{"line":139,"column":4},"end":{"line":139,"column":74}}},"fnMap":{"0":{"name":"(anonymous_0)","decl":{"start":{"line":22,"column":2},"end":{"line":22,"column":3}},"loc":{"start":{"line":22,"column":21},"end":{"line":32,"column":3}},"line":22},"1":{"name":"(anonymous_1)","decl":{"start":{"line":35,"column":2},"end":{"line":35,"column":3}},"loc":{"start":{"line":35,"column":43},"end":{"line":50,"column":3}},"line":35},"2":{"name":"(anonymous_2)","decl":{"start":{"line":45,"column":34},"end":{"line":45,"column":35}},"loc":{"start":{"line":45,"column":39},"end":{"line":45,"column":84}},"line":45},"3":{"name":"(anonymous_3)","decl":{"start":{"line":53,"column":2},"end":{"line":53,"column":3}},"loc":{"start":{"line":53,"column":21},"end":{"line":68,"column":3}},"line":53},"4":{"name":"(anonymous_4)","decl":{"start":{"line":71,"column":2},"end":{"line":71,"column":3}},"loc":{"start":{"line":71,"column":11},"end":{"line":128,"column":3}},"line":71},"5":{"name":"(anonymous_5)","decl":{"start":{"line":84,"column":44},"end":{"line":84,"column":45}},"loc":{"start":{"line":84,"column":49},"end":{"line":84,"column":94}},"line":84},"6":{"name":"(anonymous_6)","decl":{"start":{"line":111,"column":62},"end":{"line":111,"column":63}},"loc":{"start":{"line":111,"column":68},"end":{"line":111,"column":91}},"line":111},"7":{"name":"(anonymous_7)","decl":{"start":{"line":131,"column":2},"end":{"line":131,"column":3}},"loc":{"start":{"line":131,"column":21},"end":{"line":140,"column":3}},"line":131}},"branchMap":{"0":{"loc":{"start":{"line":10,"column":0},"end":{"line":11,"column":68}},"type":"if","locations":[{"start":{"line":10,"column":0},"end":{"line":11,"column":68}},{"start":{"line":10,"column":0},"end":{"line":11,"column":68}}],"line":10},"1":{"loc":{"start":{"line":13,"column":2},"end":{"line":14,"column":70}},"type":"if","locations":[{"start":{"line":13,"column":2},"end":{"line":14,"column":70}},{"start":{"line":13,"column":2},"end":{"line":14,"column":70}}],"line":13},"2":{"loc":{"start":{"line":17,"column":21},"end":{"line":17,"column":109}},"type":"binary-expr","locations":[{"start":{"line":17,"column":21},"end":{"line":17,"column":62}},{"start":{"line":17,"column":66},"end":{"line":17,"column":109}}],"line":17},"3":{"loc":{"start":{"line":39,"column":4},"end":{"line":49,"column":5}},"type":"if","locations":[{"start":{"line":39,"column":4},"end":{"line":49,"column":5}},{"start":{"line":39,"column":4},"end":{"line":49,"column":5}}],"line":39},"4":{"loc":{"start":{"line":39,"column":8},"end":{"line":39,"column":65}},"type":"binary-expr","locations":[{"start":{"line":39,"column":8},"end":{"line":39,"column":23}},{"start":{"line":39,"column":27},"end":{"line":39,"column":65}}],"line":39},"5":{"loc":{"start":{"line":41,"column":25},"end":{"line":41,"column":51}},"type":"cond-expr","locations":[{"start":{"line":41,"column":33},"end":{"line":41,"column":44}},{"start":{"line":41,"column":47},"end":{"line":41,"column":51}}],"line":41},"6":{"loc":{"start":{"line":43,"column":6},"end":{"line":48,"column":7}},"type":"if","locations":[{"start":{"line":43,"column":6},"end":{"line":48,"column":7}},{"start":{"line":43,"column":6},"end":{"line":48,"column":7}}],"line":43},"7":{"loc":{"start":{"line":43,"column":10},"end":{"line":43,"column":27}},"type":"binary-expr","locations":[{"start":{"line":43,"column":10},"end":{"line":43,"column":20}},{"start":{"line":43,"column":24},"end":{"line":43,"column":27}}],"line":43},"8":{"loc":{"start":{"line":44,"column":8},"end":{"line":47,"column":9}},"type":"if","locations":[{"start":{"line":44,"column":8},"end":{"line":47,"column":9}},{"start":{"line":44,"column":8},"end":{"line":47,"column":9}}],"line":44},"9":{"loc":{"start":{"line":44,"column":12},"end":{"line":45,"column":85}},"type":"binary-expr","locations":[{"start":{"line":44,"column":12},"end":{"line":44,"column":35}},{"start":{"line":45,"column":12},"end":{"line":45,"column":85}}],"line":44},"10":{"loc":{"start":{"line":59,"column":6},"end":{"line":59,"column":56}},"type":"if","locations":[{"start":{"line":59,"column":6},"end":{"line":59,"column":56}},{"start":{"line":59,"column":6},"end":{"line":59,"column":56}}],"line":59},"11":{"loc":{"start":{"line":59,"column":10},"end":{"line":59,"column":44}},"type":"binary-expr","locations":[{"start":{"line":59,"column":10},"end":{"line":59,"column":16}},{"start":{"line":59,"column":21},"end":{"line":59,"column":33}},{"start":{"line":59,"column":37},"end":{"line":59,"column":43}}],"line":59},"12":{"loc":{"start":{"line":61,"column":49},"end":{"line":61,"column":109}},"type":"binary-expr","locations":[{"start":{"line":61,"column":49},"end":{"line":61,"column":65}},{"start":{"line":61,"column":69},"end":{"line":61,"column":109}}],"line":61},"13":{"loc":{"start":{"line":79,"column":4},"end":{"line":99,"column":5}},"type":"if","locations":[{"start":{"line":79,"column":4},"end":{"line":99,"column":5}},{"start":{"line":79,"column":4},"end":{"line":99,"column":5}}],"line":79},"14":{"loc":{"start":{"line":79,"column":8},"end":{"line":79,"column":65}},"type":"binary-expr","locations":[{"start":{"line":79,"column":8},"end":{"line":79,"column":23}},{"start":{"line":79,"column":27},"end":{"line":79,"column":65}}],"line":79},"15":{"loc":{"start":{"line":81,"column":25},"end":{"line":81,"column":51}},"type":"cond-expr","locations":[{"start":{"line":81,"column":33},"end":{"line":81,"column":44}},{"start":{"line":81,"column":47},"end":{"line":81,"column":51}}],"line":81},"16":{"loc":{"start":{"line":83,"column":6},"end":{"line":98,"column":7}},"type":"if","locations":[{"start":{"line":83,"column":6},"end":{"line":98,"column":7}},{"start":{"line":83,"column":6},"end":{"line":98,"column":7}}],"line":83},"17":{"loc":{"start":{"line":83,"column":10},"end":{"line":83,"column":59}},"type":"binary-expr","locations":[{"start":{"line":83,"column":10},"end":{"line":83,"column":20}},{"start":{"line":83,"column":24},"end":{"line":83,"column":30}},{"start":{"line":83,"column":34},"end":{"line":83,"column":59}}],"line":83},"18":{"loc":{"start":{"line":85,"column":8},"end":{"line":92,"column":9}},"type":"if","locations":[{"start":{"line":85,"column":8},"end":{"line":92,"column":9}},{"start":{"line":85,"column":8},"end":{"line":92,"column":9}}],"line":85},"19":{"loc":{"start":{"line":86,"column":18},"end":{"line":86,"column":33}},"type":"binary-expr","locations":[{"start":{"line":86,"column":18},"end":{"line":86,"column":27}},{"start":{"line":86,"column":31},"end":{"line":86,"column":33}}],"line":86},"20":{"loc":{"start":{"line":96,"column":11},"end":{"line":98,"column":7}},"type":"if","locations":[{"start":{"line":96,"column":11},"end":{"line":98,"column":7}},{"start":{"line":96,"column":11},"end":{"line":98,"column":7}}],"line":96},"21":{"loc":{"start":{"line":96,"column":15},"end":{"line":96,"column":35}},"type":"binary-expr","locations":[{"start":{"line":96,"column":15},"end":{"line":96,"column":25}},{"start":{"line":96,"column":29},"end":{"line":96,"column":35}}],"line":96},"22":{"loc":{"start":{"line":101,"column":4},"end":{"line":104,"column":5}},"type":"if","locations":[{"start":{"line":101,"column":4},"end":{"line":104,"column":5}},{"start":{"line":101,"column":4},"end":{"line":104,"column":5}}],"line":101},"23":{"loc":{"start":{"line":106,"column":4},"end":{"line":108,"column":5}},"type":"if","locations":[{"start":{"line":106,"column":4},"end":{"line":108,"column":5}},{"start":{"line":106,"column":4},"end":{"line":108,"column":5}}],"line":106},"24":{"loc":{"start":{"line":110,"column":46},"end":{"line":110,"column":82}},"type":"cond-expr","locations":[{"start":{"line":110,"column":67},"end":{"line":110,"column":77}},{"start":{"line":110,"column":80},"end":{"line":110,"column":82}}],"line":110}},"s":{"0":1,"1":0,"2":1,"3":1,"4":0,"5":1,"6":1,"7":4,"8":4,"9":4,"10":4,"11":4,"12":4,"13":4,"14":4,"15":0,"16":0,"17":0,"18":8,"19":8,"20":8,"21":48,"22":8,"23":40,"24":8,"25":8,"26":8,"27":8,"28":8,"29":8,"30":8,"31":8,"32":8,"33":0,"34":0,"35":0,"36":0,"37":0,"38":8,"39":0,"40":8,"41":0,"42":0,"43":8,"44":0,"45":8,"46":0,"47":0,"48":0},"f":{"0":4,"1":4,"2":0,"3":8,"4":8,"5":0,"6":0,"7":0},"b":{"0":[0,1],"1":[0,1],"2":[1,1],"3":[4,0],"4":[4,4],"5":[0,4],"6":[0,4],"7":[4,0],"8":[0,0],"9":[0,0],"10":[8,40],"11":[48,40,0],"12":[40,40],"13":[8,0],"14":[8,8],"15":[0,8],"16":[0,8],"17":[8,0,0],"18":[0,0],"19":[0,0],"20":[0,8],"21":[8,0],"22":[0,8],"23":[0,8],"24":[0,8]},"_coverageSchema":"332fd63041d2c1bcb487cc26dd0d5f7d97098a6c","hash":"535bd6d5aaa49b3ee9ead0fecd1bc9aa08a4ddb8"}
,"/Volumes/Workspace/dev/zoidberg/src/script/components/CategoryFilter.js": {"path":"/Volumes/Workspace/dev/zoidberg/src/script/components/CategoryFilter.js","statementMap":{"0":{"start":{"line":20,"column":0},"end":{"line":21,"column":63}},"1":{"start":{"line":21,"column":2},"end":{"line":21,"column":63}},"2":{"start":{"line":22,"column":2},"end":{"line":23,"column":65}},"3":{"start":{"line":23,"column":2},"end":{"line":23,"column":65}},"4":{"start":{"line":29,"column":4},"end":{"line":29,"column":17}},"5":{"start":{"line":31,"column":4},"end":{"line":33,"column":6}},"6":{"start":{"line":34,"column":4},"end":{"line":34,"column":106}},"7":{"start":{"line":36,"column":4},"end":{"line":36,"column":61}},"8":{"start":{"line":37,"column":4},"end":{"line":37,"column":61}},"9":{"start":{"line":38,"column":4},"end":{"line":38,"column":75}},"10":{"start":{"line":42,"column":20},"end":{"line":42,"column":76}},"11":{"start":{"line":43,"column":4},"end":{"line":48,"column":5}},"12":{"start":{"line":44,"column":22},"end":{"line":44,"column":61}},"13":{"start":{"line":45,"column":26},"end":{"line":45,"column":58}},"14":{"start":{"line":46,"column":6},"end":{"line":46,"column":81}},"15":{"start":{"line":47,"column":6},"end":{"line":47,"column":69}},"16":{"start":{"line":55,"column":19},"end":{"line":56,"column":74}},"17":{"start":{"line":57,"column":4},"end":{"line":64,"column":5}},"18":{"start":{"line":58,"column":6},"end":{"line":63,"column":9}},"19":{"start":{"line":65,"column":4},"end":{"line":67,"column":5}},"20":{"start":{"line":66,"column":6},"end":{"line":66,"column":45}},"21":{"start":{"line":75,"column":4},"end":{"line":75,"column":114}},"22":{"start":{"line":80,"column":4},"end":{"line":80,"column":49}},"23":{"start":{"line":85,"column":4},"end":{"line":88,"column":5}},"24":{"start":{"line":86,"column":6},"end":{"line":86,"column":63}},"25":{"start":{"line":87,"column":6},"end":{"line":87,"column":13}},"26":{"start":{"line":89,"column":4},"end":{"line":98,"column":11}},"27":{"start":{"line":91,"column":10},"end":{"line":91,"column":32}},"28":{"start":{"line":92,"column":10},"end":{"line":92,"column":32}},"29":{"start":{"line":103,"column":19},"end":{"line":103,"column":42}},"30":{"start":{"line":105,"column":26},"end":{"line":105,"column":66}},"31":{"start":{"line":106,"column":24},"end":{"line":106,"column":48}},"32":{"start":{"line":108,"column":4},"end":{"line":110,"column":5}},"33":{"start":{"line":109,"column":6},"end":{"line":109,"column":78}},"34":{"start":{"line":112,"column":4},"end":{"line":134,"column":11}},"35":{"start":{"line":123,"column":48},"end":{"line":123,"column":73}},"36":{"start":{"line":127,"column":58},"end":{"line":127,"column":76}},"37":{"start":{"line":130,"column":49},"end":{"line":130,"column":69}},"38":{"start":{"line":139,"column":4},"end":{"line":139,"column":37}},"39":{"start":{"line":140,"column":15},"end":{"line":140,"column":46}},"40":{"start":{"line":141,"column":4},"end":{"line":141,"column":15}},"41":{"start":{"line":142,"column":4},"end":{"line":142,"column":15}},"42":{"start":{"line":143,"column":4},"end":{"line":143,"column":15}},"43":{"start":{"line":145,"column":4},"end":{"line":151,"column":5}},"44":{"start":{"line":146,"column":21},"end":{"line":146,"column":44}},"45":{"start":{"line":147,"column":18},"end":{"line":147,"column":68}},"46":{"start":{"line":148,"column":6},"end":{"line":148,"column":137}},"47":{"start":{"line":150,"column":6},"end":{"line":150,"column":45}},"48":{"start":{"line":153,"column":4},"end":{"line":158,"column":5}},"49":{"start":{"line":154,"column":6},"end":{"line":154,"column":34}},"50":{"start":{"line":157,"column":6},"end":{"line":157,"column":73}},"51":{"start":{"line":162,"column":4},"end":{"line":166,"column":5}},"52":{"start":{"line":163,"column":6},"end":{"line":163,"column":27}},"53":{"start":{"line":165,"column":6},"end":{"line":165,"column":46}}},"fnMap":{"0":{"name":"(anonymous_0)","decl":{"start":{"line":28,"column":2},"end":{"line":28,"column":3}},"loc":{"start":{"line":28,"column":21},"end":{"line":39,"column":3}},"line":28},"1":{"name":"(anonymous_1)","decl":{"start":{"line":41,"column":2},"end":{"line":41,"column":3}},"loc":{"start":{"line":41,"column":28},"end":{"line":49,"column":3}},"line":41},"2":{"name":"(anonymous_2)","decl":{"start":{"line":52,"column":2},"end":{"line":52,"column":3}},"loc":{"start":{"line":52,"column":23},"end":{"line":68,"column":3}},"line":52},"3":{"name":"(anonymous_3)","decl":{"start":{"line":71,"column":2},"end":{"line":71,"column":3}},"loc":{"start":{"line":71,"column":23},"end":{"line":76,"column":3}},"line":71},"4":{"name":"(anonymous_4)","decl":{"start":{"line":79,"column":2},"end":{"line":79,"column":3}},"loc":{"start":{"line":79,"column":12},"end":{"line":81,"column":3}},"line":79},"5":{"n
[...]
:{"line":346,"column":5}},"type":"if","locations":[{"start":{"line":341,"column":4},"end":{"line":346,"column":5}},{"start":{"line":341,"column":4},"end":{"line":346,"column":5}}],"line":341},"45":{"loc":{"start":{"line":341,"column":8},"end":{"line":341,"column":42}},"type":"binary-expr","locations":[{"start":{"line":341,"column":8},"end":{"line":341,"column":18}},{"start":{"line":341,"column":22},"end":{"line":341,"column":42}}],"line":341},"46":{"loc":{"start":{"line":343,"column":23},"end":{"line":343,"column":58}},"type":"binary-expr","locations":[{"start":{"line":343,"column":23},"end":{"line":343,"column":38}},{"start":{"line":343,"column":42},"end":{"line":343,"column":58}}],"line":343},"47":{"loc":{"start":{"line":357,"column":4},"end":{"line":359,"column":5}},"type":"if","locations":[{"start":{"line":357,"column":4},"end":{"line":359,"column":5}},{"start":{"line":357,"column":4},"end":{"line":359,"column":5}}],"line":357},"48":{"loc":{"start":{"line":387,"column":17},"end":{"line":387,"column":56}},"type":"binary-expr","locations":[{"start":{"line":387,"column":17},"end":{"line":387,"column":28}},{"start":{"line":387,"column":32},"end":{"line":387,"column":42}},{"start":{"line":387,"column":46},"end":{"line":387,"column":56}}],"line":387},"49":{"loc":{"start":{"line":388,"column":4},"end":{"line":390,"column":5}},"type":"if","locations":[{"start":{"line":388,"column":4},"end":{"line":390,"column":5}},{"start":{"line":388,"column":4},"end":{"line":390,"column":5}}],"line":388},"50":{"loc":{"start":{"line":391,"column":20},"end":{"line":393,"column":71}},"type":"cond-expr","locations":[{"start":{"line":392,"column":8},"end":{"line":392,"column":68}},{"start":{"line":393,"column":8},"end":{"line":393,"column":71}}],"line":391},"51":{"loc":{"start":{"line":391,"column":20},"end":{"line":391,"column":83}},"type":"binary-expr","locations":[{"start":{"line":391,"column":20},"end":{"line":391,"column":41}},{"start":{"line":391,"column":45},"end":{"line":391,"column":83}}],"line":391},"52":{"loc":{"start":{"line":395,"column":21},"end":{"line":395,"column":74}},"type":"cond-expr","locations":[{"start":{"line":395,"column":31},"end":{"line":395,"column":49}},{"start":{"line":395,"column":52},"end":{"line":395,"column":74}}],"line":395},"53":{"loc":{"start":{"line":396,"column":37},"end":{"line":396,"column":62}},"type":"cond-expr","locations":[{"start":{"line":396,"column":47},"end":{"line":396,"column":57}},{"start":{"line":396,"column":60},"end":{"line":396,"column":62}}],"line":396},"54":{"loc":{"start":{"line":396,"column":67},"end":{"line":396,"column":91}},"type":"cond-expr","locations":[{"start":{"line":396,"column":80},"end":{"line":396,"column":86}},{"start":{"line":396,"column":89},"end":{"line":396,"column":91}}],"line":396}},"s":{"0":4,"1":0,"2":4,"3":0,"4":2,"5":2,"6":2,"7":2,"8":2,"9":2,"10":2,"11":2,"12":2,"13":2,"14":2,"15":2,"16":0,"17":0,"18":0,"19":0,"20":0,"21":0,"22":0,"23":0,"24":0,"25":0,"26":2,"27":2,"28":2,"29":2,"30":2,"31":0,"32":0,"33":0,"34":0,"35":0,"36":0,"37":0,"38":0,"39":0,"40":2,"41":0,"42":0,"43":0,"44":0,"45":0,"46":0,"47":0,"48":0,"49":2,"50":2,"51":2,"52":2,"53":2,"54":2,"55":0,"56":0,"57":0,"58":0,"59":2,"60":2,"61":2,"62":2,"63":2,"64":0,"65":2,"66":0,"67":2,"68":2,"69":2,"70":2,"71":2,"72":2,"73":26,"74":2,"75":24,"76":24,"77":24,"78":2,"79":2,"80":2,"81":2,"82":36,"83":36,"84":2,"85":2,"86":2,"87":2,"88":0,"89":0,"90":0,"91":0,"92":0,"93":0,"94":0,"95":0,"96":0,"97":0,"98":0,"99":0,"100":0,"101":0,"102":0,"103":0,"104":0,"105":0,"106":0,"107":0,"108":0,"109":0,"110":0,"111":0,"112":0,"113":0,"114":0,"115":0,"116":0,"117":2,"118":2,"119":2,"120":2,"121":2,"122":2,"123":2,"124":2,"125":2},"f":{"0":2,"1":2,"2":0,"3":2,"4":0,"5":2,"6":0,"7":2,"8":2,"9":2,"10":0,"11":0,"12":2,"13":0,"14":0,"15":0,"16":0,"17":0,"18":0,"19":0,"20":0,"21":0,"22":2},"b":{"0":[0,4],"1":[0,4],"2":[2,2],"3":[0,2],"4":[0,0],"5":[0,0],"6":[0,2],"7":[0,2],"8":[2,0],"9":[0,0,0],"10":[0,0],"11":[0,0],"12":[0,0],"13":[0,0],"14":[0,0],"15":[0,0],"16":[0,0],"17":[2,0],"18":[2,2],"19":[0,0],"20":[0,0],"21":[0,2],"22":[2,0],"23":[2,0],"24":[2,0],"25":[2,0],"26":[2,0],"27":[2,0],"28":[2,2],"29":[2,24],"30":[2,0],"31":[2,1],"32":[1,1],"33":[0,2],"34":[2,1],"35":[1,0],"36":[0,1],"37":[2,2],"38":[2,0],"39":[2,2],"40":[2,0],"41":[0,0],"42":[0,0],"43":[0,0],"44":[0,0],"45":[0,0],"46":[0,0],"47":[0,0],"48":[2,1,1],"49":[2,0],"50":[2,0],"51":[2,2],"52":[2,0],"53":[2,0],"54":[0,2]},"_coverageSchema":"332fd63041d2c1bcb487cc26dd0d5f7d97098a6c","hash":"0375b7936f9b88f84d78d7b65d0a7e49bbb507e9"}
,"/Volumes/Workspace/dev/zoidberg/src/script/components/SubscriptionPromo.js": {"path":"/Volumes/Workspace/dev/zoidberg/src/script/components/SubscriptionPromo.js","statementMap":{"0":{"start":{"line":9,"column":4},"end":{"line":9,"column":17}},"1":{"start":{"line":10,"column":4},"end":{"line":10,"column":35}},"2":{"start":{"line":11,"column":4},"end":{"line":11,"column":41}},"3":{"start":{"line":12,"column":4},"end":{"line":16,"column":6}},"4":{"start":{"line":20,"column":14},"end":{"line":20,"column":40}},"5":{"start":{"line":21,"column":4},"end":{"line":21,"column":25}},"6":{"start":{"line":21,"column":16},"end":{"line":21,"column":23}},"7":{"start":{"line":22,"column":27},"end":{"line":22,"column":44}},"8":{"start":{"line":23,"column":4},"end":{"line":23,"column":96}},"9":{"start":{"line":24,"column":4},"end":{"line":31,"column":38}},"10":{"start":{"line":25,"column":6},"end":{"line":25,"column":17}},"11":{"start":{"line":26,"column":9},"end":{"line":31,"column":38}},"12":{"start":{"line":27,"column":6},"end":{"line":27,"column":38}},"13":{"start":{"line":28,"column":9},"end":{"line":31,"column":38}},"14":{"start":{"line":29,"column":6},"end":{"line":29,"column":38}},"15":{"start":{"line":30,"column":9},"end":{"line":31,"column":38}},"16":{"start":{"line":31,"column":6},"end":{"line":31,"column":38}},"17":{"start":{"line":35,"column":4},"end":{"line":35,"column":38}},"18":{"start":{"line":36,"column":4},"end":{"line":36,"column":44}},"19":{"start":{"line":44,"column":4},"end":{"line":44,"column":38}},"20":{"start":{"line":45,"column":4},"end":{"line":45,"column":44}},"21":{"start":{"line":46,"column":4},"end":{"line":50,"column":7}},"22":{"start":{"line":47,"column":6},"end":{"line":47,"column":40}},"23":{"start":{"line":48,"column":6},"end":{"line":48,"column":46}},"24":{"start":{"line":49,"column":6},"end":{"line":49,"column":51}},"25":{"start":{"line":54,"column":4},"end":{"line":63,"column":5}},"26":{"start":{"line":55,"column":26},"end":{"line":55,"column":38}},"27":{"start":{"line":56,"column":6},"end":{"line":62,"column":7}},"28":{"start":{"line":57,"column":8},"end":{"line":57,"column":37}},"29":{"start":{"line":58,"column":8},"end":{"line":58,"column":80}},"30":{"start":{"line":59,"column":8},"end":{"line":61,"column":9}},"31":{"start":{"line":60,"column":10},"end":{"line":60,"column":16}},"32":{"start":{"line":67,"column":23},"end":{"line":67,"column":56}},"33":{"start":{"line":68,"column":4},"end":{"line":74,"column":5}},"34":{"start":{"line":69,"column":6},"end":{"line":69,"column":39}},"35":{"start":{"line":70,"column":11},"end":{"line":74,"column":5}},"36":{"start":{"line":71,"column":6},"end":{"line":71,"column":42}},"37":{"start":{"line":72,"column":11},"end":{"line":74,"column":5}},"38":{"start":{"line":73,"column":6},"end":{"line":73,"column":44}},"39":{"start":{"line":75,"column":4},"end":{"line":75,"column":24}},"40":{"start":{"line":79,"column":16},"end":{"line":79,"column":30}},"41":{"start":{"line":80,"column":19},"end":{"line":80,"column":33}},"42":{"start":{"line":81,"column":27},"end":{"line":81,"column":47}},"43":{"start":{"line":82,"column":19},"end":{"line":82,"column":40}},"44":{"start":{"line":83,"column":23},"end":{"line":83,"column":56}},"45":{"start":{"line":84,"column":4},"end":{"line":86,"column":5}},"46":{"start":{"line":85,"column":6},"end":{"line":85,"column":31}},"47":{"start":{"line":88,"column":4},"end":{"line":111,"column":5}},"48":{"start":{"line":90,"column":131},"end":{"line":90,"column":154}},"49":{"start":{"line":100,"column":55},"end":{"line":100,"column":78}},"50":{"start":{"line":101,"column":115},"end":{"line":101,"column":130}},"51":{"start":{"line":103,"column":121},"end":{"line":103,"column":142}}},"fnMap":{"0":{"name":"(anonymous_0)","decl":{"start":{"line":8,"column":2},"end":{"line":8,"column":3}},"loc":{"start":{"line":8,"column":21},"end":{"line":17,"column":3}},"line":8},"1":{"name":"(anonymous_1)","decl":{"start":{"line":19,"column":2},"end":{"line":19,"column":3}},"loc":{"start":{"line":19,"column":16},"end":{"line":32,"column":3}},"line":19},"2":{"name":"(anonymous_2)","decl":{"start":{"line":34,"column":2},"end":{"line":34,"column":3}},"loc":{"start":{"line":34,"column":23},"end":{"line":37,"column":3}},"line":34},"3":{"name":"(anonymous_3)","decl":{"start":{"line":39,"column":2},"end":{"line":39,"column":3}},"loc":{"start":{"line":39,"column":22},"end":{"line":51,"column":3}},"line":39},"4":{"name":"(anonymous_4)","decl":{"start":{"line":46,"column":38},"end":{"line":46,"column":39}},"loc":{"start":{"line":46,"column":44},"end":{"line":50,"column":5}},"line":46},"5":{"name":"(anonymous_5)","decl":{"start":{"line":53,"column":2},"end":{"line":53,"column":3}},"loc":{"start":{"line":53,"column":23},"end":{"line":64,"column":3}},"line":53},"6":{"name":"(anonymous_6)","decl":{"start":{"line":66,"column":2},"end":{"line":66,"column":3}},"loc":{"start":{"line":66,"column":20},"end":{"line":76,"column":3}},"line":66},"7":{"name":"(anonymous_7)","decl":{"start":{"line":78,"column":2},"end":{"line":78,"column":3}},"loc":{"start":{"line":78,"column":11},"end":{"line":112,"column":3}},"line":78},"8":{"name":"(anonymous_8)","decl":{"start":{"line":90,"column":125},"end":{"line":90,"column":126}},"loc":{"start":{"line":90,"column":131},"end":{"line":90,"column":154}},"line":90},"9":{"name":"(anonymous_9)","decl":{"start":{"line":100,"column":49},"end":{"line":100,"column":50}},"loc":{"start":{"line":100,"column":55},"end":{"line":100,"column":78}},"line":100},"10":{"name":"(anonymous_10)","decl":{"start":{"line":101,"column":109},"end":{"line":101,"column":110}},"loc":{"start":{"line":101,"column":115},"end":{"line":101,"column":130}},"line":101},"11":{"name":"(anonymous_11)","decl":{"start":{"line":103,"column":115},"end":{"line":103,"column":116}},"loc":{"start":{"line":103,"column":121},"end":{"line":103,"column":142}},"line":103}},"branchMap":{"0":{"loc":{"start":{"line":15,"column":13},"end":{"line":15,"column":129}},"type":"binary-expr","locations":[{"start":{"line":15,"column":13},"end":{"line":15,"column":32}},{"start":{"line":15,"column":36},"end":{"line":15,"column":62}},{"start":{"line":15,"column":66},"end":{"line":15,"column":129}}],"line":15},"1":{"loc":{"start":{"line":21,"column":4},"end":{"line":21,"column":25}},"type":"if","locations":[{"start":{"line":21,"column":4},"end":{"line":21,"column":25}},{"start":{"line":21,"column":4},"end":{"line":21,"column":25}}],"line":21},"2":{"loc":{"start":{"line":23,"column":17},"end":{"line":23,"column":95}},"type":"binary-expr","locations":[{"start":{"line":23,"column":17},"end":{"line":23,"column":53}},{"start":{"line":23,"column":57},"end":{"line":23,"column":95}}],"line":23},"3":{"loc":{"start":{"line":24,"column":4},"end":{"line":31,"column":38}},"type":"if","locations":[{"start":{"line":24,"column":4},"end":{"line":31,"column":38}},{"start":{"line":24,"column":4},"end":{"line":31,"column":38}}],"line":24},"4":{"loc":{"start":{"line":24,"column":8},"end":{"line":24,"column":46}},"type":"binary-expr","locations":[{"start":{"line":24,"column":8},"end":{"line":24,"column":31}},{"start":{"line":24,"column":35},"end":{"line":24,"column":46}}],"line":24},"5":{"loc":{"start":{"line":26,"column":9},"end":{"line":31,"column":38}},"type":"if","locations":[{"start":{"line":26,"column":9},"end":{"line":31,"column":38}},{"start":{"line":26,"column":9},"end":{"line":31,"column":38}}],"line":26},"6":{"loc":{"start":{"line":26,"column":13},"end":{"line":26,"column":79}},"type":"binary-expr","locations":[{"start":{"line":26,"column":14},"end":{"line":26,"column":37}},{"start":{"line":26,"column":41},"end":{"line":26,"column":64}},{"start":{"line":26,"column":69},"end":{"line":26,"column":79}}],"line":26},"7":{"loc":{"start":{"line":28,"column":9},"end":{"line":31,"column":38}},"type":"if","locations":[{"start":{"line":28,"column":9},"end":{"line":31,"column":38}},{"start":{"line":28,"column":9},"end":{"line":31,"column":38}}],"line":28},"8":{"loc":{"start":{"line":28,"column":13},"end":{"line":28,"column":65}},"type":"binary-expr","locations":[{"start":{"line":28,"column":13},"end":{"line":28,"column":37}},{"start":{"line":28,"column":41},"end":{"line":28,"column":65}}],"line":28},"9":{"loc":{"start":{"line":30,"column":9},"end":{"line":31,"column":38}},"type":"if","locations":[{"start":{"line":30,"column":9},"end":{"line":31,"column":38}},{"start":{"line":30,"column":9},"end":{"line":31,"column":38}}],"line":30},"10":{"loc":{"start":{"line":54,"column":4},"end":{"line":63,"column":5}},"type":"if","locations":[{"start":{"line":54,"column":4},"end":{"line":63,"column":5}},{"start":{"line":54,"column":4},"end":{"line":63,"column":5}}],"line":54},"11":{"loc":{"start":{"line":59,"column":8},"end":{"line":61,"column":9}},"type":"if","locations":[{"start":{"line":59,"column":8},"end":{"line":61,"column":9}},{"start":{"line":59,"column":8},"end":{"line":61,"column":9}}],"line":59},"12":{"loc":{"start":{"line":67,"column":23},"end":{"line":67,"column":56}},"type":"binary-expr","locations":[{"start":{"line":67,"column":23},"end":{"line":67,"column":50}},{"start":{"line":67,"column":54},"end":{"line":67,"column":56}}],"line":67},"13":{"loc":{"start":{"line":68,"column":4},"end":{"line":74,"column":5}},"type":"if","locations":[{"start":{"line":68,"column":4},"end":{"line":74,"column":5}},{"start":{"line":68,"column":4},"end":{"line":74,"column":5}}],"line":68},"14":{"loc":{"start":{"line":70,"column":11},"end":{"line":74,"column":5}},"type":"if","locations":[{"start":{"line":70,"column":11},"end":{"line":74,"column":5}},{"start":{"line":70,"column":11},"end":{"line":74,"column":5}}],"line":70},"15":{"loc":{"start":{"line":72,"column":11},"end":{"line":74,"column":5}},"type":"if","locations":[{"start":{"line":72,"column":11},"end":{"line":74,"column":5}},{"start":{"line":72,"column":11},"end":{"line":74,"column":5}}],"line":72},"16":{"loc":{"start":{"line":83,"column":23},"end":{"line":83,"column":56}},"type":"binary-expr","locations":[{"start":{"line":83,"column":23},"end":{"line":83,"column":50}},{"start":{"line":83,"column":54},"end":{"line":83,"column":56}}],"line":83},"17":{"loc":{"start":{"line":84,"column":4},"end":{"line":86,"column":5}},"type":"if","locations":[{"start":{"line":84,"column":4},"end":{"line":86,"column":5}},{"start":{"line":84,"column":4},"end":{"line":86,"column":5}}],"line":84},"18":{"loc":{"start":{"line":84,"column":8},"end":{"line":84,"column":100}},"type":"binary-expr","locations":[{"start":{"line":84,"column":8},"end":{"line":84,"column":16}},{"start":{"line":84,"column":20},"end":{"line":84,"column":80}},{"start":{"line":84,"column":84},"end":{"line":84,"column":100}}],"line":84},"19":{"loc":{"start":{"line":90,"column":61},"end":{"line":90,"column":113}},"type":"cond-expr","locations":[{"start":{"line":90,"column":88},"end":{"line":90,"column":108}},{"start":{"line":90,"column":111},"end":{"line":90,"column":113}}],"line":90},"20":{"loc":{"start":{"line":96,"column":15},"end":{"line":96,"column":115}},"type":"binary-expr","locations":[{"start":{"line":96,"column":15},"end":{"line":96,"column":39}},{"start":{"line":96,"column":43},"end":{"line":96,"column":115}}],"line":96},"21":{"loc":{"start":{"line":97,"column":15},"end":{"line":99,"column":44}},"type":"binary-expr","locations":[{"start":{"line":97,"column":15},"end":{"line":97,"column":34}},{"start":{"line":97,"column":38},"end":{"line":99,"column":44}}],"line":97},"22":{"loc":{"start":{"line":98,"column":17},"end":{"line":98,"column":53}},"type":"cond-expr","locations":[{"start":{"line":98,"column":36},"end":{"line":98,"column":48}},{"start":{"line":98,"column":51},"end":{"line":98,"column":53}}],"line":98},"23":{"loc":{"start":{"line":101,"column":17},"end":{"line":102,"column":130}},"type":"binary-expr","locations":[{"start":{"line":101,"column":18},"end":{"line":101,"column":42}},{"start":{"line":101,"column":46},"end":{"line":101,"column":59}},{"start":{"line":101,"column":63},"end":{"line":101,"column":82}},{"start":{"line":101,"column":87},"end":{"line":101,"column":95}},{"start":{"line":101,"column":99},"end":{"line":102,"column":130}}],"line":101},"24":{"loc":{"start":{"line":102,"column":57},"end":{"line":102,"column":111}},"type":"cond-expr","locations":[{"start":{"line":102,"column":84},"end":{"line":102,"column":106}},{"start":{"line":102,"column":109},"end":{"line":102,"column":111}}],"line":102},"25":{"loc":{"start":{"line":103,"column":17},"end":{"line":104,"column":126}},"type":"binary-expr","locations":[{"start":{"line":103,"column":18},"end":{"line":103,"column":42}},{"start":{"line":103,"column":46},"end":{"line":103,"column":59}},{"start":{"line":103,"column":63},"end":{"line":103,"column":82}},{"start":{"line":103,"column":87},"end":{"line":103,"column":101}},{"start":{"line":103,"column":105},"end":{"line":104,"column":126}}],"line":103},"26":{"loc":{"start":{"line":104,"column":47},"end":{"line":104,"column":101}},"type":"cond-expr","locations":[{"start":{"line":104,"column":74},"end":{"line":104,"column":96}},{"start":{"line":104,"column":99},"end":{"line":104,"column":101}}],"line":104},"27":{"loc":{"start":{"line":105,"column":17},"end":{"line":105,"column":154}},"type":"binary-expr","locations":[{"start":{"line":105,"column":17},"end":{"line":105,"column":23}},{"start":{"line":105,"column":27},"end":{"line":105,"column":154}}],"line":105},"28":{"loc":{"start":{"line":105,"column":53},"end":{"line":105,"column":137}},"type":"cond-expr","locations":[{"start":{"line":105,"column":110},"end":{"line":105,"column":132}},{"start":{"line":105,"column":135},"end":{"line":105,"column":137}}],"line":105},"29":{"loc":{"start":{"line":105,"column":53},"end":{"line":105,"column":107}},"type":"binary-expr","locations":[{"start":{"line":105,"column":53},"end":{"line":105,"column":77}},{"start":{"line":105,"column":81},"end":{"line":105,"column":107}}],"line":105}},"s":{"0":6,"1":6,"2":6,"3":6,"4":6,"5":6,"6":2,"7":4,"8":4,"9":4,"10":0,"11":4,"12":0,"13":4,"14":4,"15":0,"16":0,"17":6,"18":6,"19":6,"20":6,"21":6,"22":0,"23":0,"24":0,"25":24,"26":24,"27":24,"28":0,"29":0,"30":0,"31":0,"32":24,"33":24,"34":12,"35":12,"36":0,"37":12,"38":12,"39":24,"40":12,"41":12,"42":12,"43":12,"44":12,"45":12,"46":4,"47":8,"48":0,"49":0,"50":12,"51":12},"f":{"0":6,"1":6,"2":6,"3":6,"4":0,"5":24,"6":24,"7":12,"8":0,"9":0,"10":12,"11":12},"b":{"0":[6,6,4],"1":[2,4],"2":[4,4],"3":[0,4],"4":[4,0],"5":[0,4],"6":[4,4,4],"7":[4,0],"8":[4,4],"9":[0,0],"10":[24,0],"11":[0,0],"12":[24,0],"13":[12,12],"14":[0,12],"15":[12,0],"16":[12,4],"17":[4,8],"18":[12,12,12],"19":[0,8],"20":[8,0],"21":[8,8],"22":[0,8],"23":[8,0,0,8,8],"24":[8,0],"25":[8,0,0,8,8],"26":[8,0],"27":[8,8],"28":[8,0],"29":[8,0]},"_coverageSchema":"332fd63041d2c1bcb487cc26dd0d5f7d97098a6c","hash":"5dfb622db005c761ed0eccc405102aab1ac6991b"}
,"/Volumes/Workspace/dev/zoidberg/src/script/components/UnSupportedPod.js": {"path":"/Volumes/Workspace/dev/zoidberg/src/script/components/UnSupportedPod.js","statementMap":{"0":{"start":{"line":4,"column":8},"end":{"line":12,"column":15}}},"fnMap":{"0":{"name":"(anonymous_0)","decl":{"start":{"line":3,"column":4},"end":{"line":3,"column":5}},"loc":{"start":{"line":3,"column":13},"end":{"line":13,"column":5}},"line":3}},"branchMap":{},"s":{"0":4},"f":{"0":4},"b":{},"_coverageSchema":"332fd63041d2c1bcb487cc26dd0d5f7d97098a6c","hash":"1c98763e766bc78fb021e650fee39c9d5d210508"}
}
