TN:
SF:/Volumes/Workspace/dev/zoidberg/src/script/components/404.js
FN:7,(anonymous_0)
FNF:1
FNH:0
FNDA:0,(anonymous_0)
DA:8,0
LF:1
LH:0
BRF:0
BRH:0
end_of_record
TN:
SF:/Volumes/Workspace/dev/zoidberg/src/script/components/AudiobookSubscription.js
FN:25,(anonymous_0)
FN:39,(anonymous_1)
FN:44,(anonymous_2)
FN:49,(anonymous_3)
FN:53,(anonymous_4)
FN:57,(anonymous_5)
FN:73,(anonymous_6)
FN:79,(anonymous_7)
FN:88,(anonymous_8)
FN:92,(anonymous_9)
FN:108,(anonymous_10)
FN:110,(anonymous_11)
FNF:12
FNH:6
FNDA:1,(anonymous_0)
FNDA:0,(anonymous_1)
FNDA:0,(anonymous_2)
FNDA:0,(anonymous_3)
FNDA:0,(anonymous_4)
FNDA:1,(anonymous_5)
FNDA:1,(anonymous_6)
FNDA:0,(anonymous_7)
FNDA:0,(anonymous_8)
FNDA:2,(anonymous_9)
FNDA:3,(anonymous_10)
FNDA:3,(anonymous_11)
DA:18,2
DA:20,2
DA:26,1
DA:27,1
DA:32,1
DA:35,1
DA:36,1
DA:40,0
DA:41,0
DA:45,0
DA:46,0
DA:50,0
DA:54,0
DA:58,1
DA:59,0
DA:60,0
DA:62,1
DA:63,0
DA:65,1
DA:66,1
DA:68,1
DA:69,1
DA:74,1
DA:76,1
DA:79,1
DA:80,0
DA:82,1
DA:84,1
DA:85,1
DA:89,0
DA:93,2
DA:108,3
DA:110,3
LF:33
LH:22
BRDA:32,0,0,1
BRDA:32,0,1,1
BRDA:36,1,0,0
BRDA:36,1,1,1
BRDA:36,2,0,1
BRDA:36,2,1,1
BRDA:58,3,0,0
BRDA:58,3,1,1
BRDA:62,4,0,0
BRDA:62,4,1,1
BRDA:62,5,0,1
BRDA:62,5,1,1
BRDA:65,6,0,1
BRDA:65,6,1,0
BRDA:68,7,0,1
BRDA:68,7,1,0
BRDA:84,8,0,1
BRDA:84,8,1,0
BRDA:94,9,0,0
BRDA:94,9,1,2
BRDA:110,10,0,2
BRDA:110,10,1,0
BRF:22
BRH:14
end_of_record
TN:
SF:/Volumes/Workspace/dev/zoidberg/src/script/components/AudiobookSubscriptionEPD.js
FN:23,(anonymous_0)
FN:31,(anonymous_1)
FN:35,(anonymous_2)
FN:39,(anonymous_3)
FNF:4
FNH:2
FNDA:1,(anonymous_0)
FNDA:0,(anonymous_1)
FNDA:0,(anonymous_2)
FNDA:1,(anonymous_3)
DA:13,3
DA:15,3
DA:16,3
DA:17,0
DA:24,1
DA:25,1
DA:32,0
DA:36,0
DA:40,1
LF:9
LH:6
BRDA:16,0,0,0
BRDA:16,0,1,3
BRDA:26,1,0,1
BRDA:26,1,1,0
BRDA:26,1,2,1
BRDA:26,1,3,0
BRDA:42,2,0,0
BRDA:42,2,1,1
BRDA:43,3,0,1
BRDA:43,3,1,1
BRF:10
BRH:6
end_of_record
TN:
SF:/Volumes/Workspace/dev/zoidberg/src/script/components/BecauseYouRead.js
FN:9,(anonymous_0)
FN:24,(anonymous_1)
FNF:2
FNH:0
FNDA:0,(anonymous_0)
FNDA:0,(anonymous_1)
DA:1,0
DA:10,0
DA:14,0
DA:25,0
DA:26,0
DA:27,0
DA:30,0
DA:31,0
DA:32,0
DA:37,0
DA:40,0
DA:41,0
DA:44,0
LF:13
LH:0
BRDA:26,0,0,0
BRDA:26,0,1,0
BRDA:31,1,0,0
BRDA:31,1,1,0
BRDA:31,2,0,0
BRDA:31,2,1,0
BRDA:40,3,0,0
BRDA:40,3,1,0
BRF:8
BRH:0
end_of_record
TN:
SF:/Volumes/Workspace/dev/zoidberg/src/script/components/BrowseCategories.js
FN:8,(anonymous_0)
FN:16,(anonymous_1)
FN:26,(anonymous_2)
FN:36,(anonymous_3)
FN:40,(anonymous_4)
FN:50,(anonymous_5)
FN:58,(anonymous_6)
FN:68,(anonymous_7)
FN:73,(anonymous_8)
FN:90,(anonymous_9)
FNF:10
FNH:6
FNDA:1,(anonymous_0)
FNDA:14,(anonymous_1)
FNDA:0,(anonymous_2)
FNDA:1,(anonymous_3)
FNDA:0,(anonymous_4)
FNDA:1,(anonymous_5)
FNDA:0,(anonymous_6)
FNDA:0,(anonymous_7)
FNDA:1,(anonymous_8)
FNDA:1,(anonymous_9)
DA:9,1
DA:12,1
DA:16,14
DA:19,1
DA:20,0
DA:23,1
DA:27,0
DA:28,0
DA:29,0
DA:30,0
DA:31,0
DA:39,1
DA:40,1
DA:41,0
DA:45,1
DA:46,1
DA:47,1
DA:52,1
DA:54,1
DA:55,1
DA:58,1
DA:59,0
DA:60,0
DA:61,0
DA:65,1
DA:70,0
DA:74,1
DA:77,1
DA:91,1
LF:29
LH:18
BRDA:16,0,0,14
BRDA:16,0,1,5
BRDA:19,1,0,0
BRDA:19,1,1,1
BRDA:27,2,0,0
BRDA:27,2,1,0
BRDA:27,3,0,0
BRDA:27,3,1,0
BRDA:45,4,0,1
BRDA:45,4,1,1
BRDA:47,5,0,1
BRDA:47,5,1,1
BRDA:52,6,0,1
BRDA:52,6,1,1
BRDA:54,7,0,1
BRDA:54,7,1,0
BRDA:59,8,0,0
BRDA:59,8,1,0
BRDA:74,9,0,1
BRDA:74,9,1,0
BRDA:74,10,0,0
BRDA:74,10,1,1
BRDA:75,11,0,0
BRDA:75,11,1,0
BRDA:80,12,0,1
BRDA:80,12,1,0
BRDA:81,13,0,1
BRDA:81,13,1,1
BRF:28
BRH:15
end_of_record
TN:
SF:/Volumes/Workspace/dev/zoidberg/src/script/components/Categories.js
FN:16,(anonymous_0)
FN:24,(anonymous_1)
FN:36,(anonymous_2)
FN:46,(anonymous_3)
FN:70,(anonymous_4)
FN:79,(anonymous_5)
FN:89,(anonymous_6)
FN:102,(anonymous_7)
FN:120,(anonymous_8)
FN:156,(anonymous_9)
FN:169,(anonymous_10)
FN:182,(anonymous_11)
FN:199,(anonymous_12)
FN:213,(anonymous_13)
FNF:14
FNH:8
FNDA:1,(anonymous_0)
FNDA:14,(anonymous_1)
FNDA:0,(anonymous_2)
FNDA:1,(anonymous_3)
FNDA:1,(anonymous_4)
FNDA:0,(anonymous_5)
FNDA:0,(anonymous_6)
FNDA:0,(anonymous_7)
FNDA:0,(anonymous_8)
FNDA:1,(anonymous_9)
FNDA:0,(anonymous_10)
FNDA:1,(anonymous_11)
FNDA:1,(anonymous_12)
FNDA:182,(anonymous_13)
DA:17,1
DA:20,1
DA:24,14
DA:27,1
DA:28,0
DA:32,1
DA:33,1
DA:37,0
DA:38,0
DA:39,0
DA:40,0
DA:41,0
DA:49,1
DA:50,1
DA:51,1
DA:73,1
DA:75,1
DA:76,1
DA:79,1
DA:80,0
DA:81,0
DA:82,0
DA:86,1
DA:92,0
DA:103,0
DA:104,0
DA:105,0
DA:112,0
DA:115,0
DA:117,0
DA:120,0
DA:121,0
DA:122,0
DA:123,0
DA:124,0
DA:127,0
DA:130,0
DA:135,0
DA:136,0
DA:139,0
DA:144,0
DA:145,0
DA:150,0
DA:157,1
DA:170,0
DA:172,0
DA:185,1
DA:188,1
DA:189,0
DA:194,1
DA:200,1
DA:201,1
DA:203,7
DA:204,0
DA:206,7
DA:207,7
DA:208,0
DA:209,0
DA:210,0
DA:213,7
DA:214,182
DA:215,50
DA:217,132
DA:218,132
DA:220,0
DA:222,7
DA:225,1
LF:67
LH:30
BRDA:24,0,0,14
BRDA:24,0,1,5
BRDA:27,1,0,0
BRDA:27,1,1,1
BRDA:37,2,0,0
BRDA:37,2,1,0
BRDA:49,3,0,1
BRDA:49,3,1,1
BRDA:73,4,0,1
BRDA:73,4,1,1
BRDA:75,5,0,1
BRDA:75,5,1,0
BRDA:80,6,0,0
BRDA:80,6,1,0
BRDA:115,7,0,0
BRDA:115,7,1,0
BRDA:115,8,0,0
BRDA:115,8,1,0
BRDA:121,9,0,0
BRDA:121,9,1,0
BRDA:135,10,0,0
BRDA:135,10,1,0
BRDA:144,11,0,0
BRDA:144,11,1,0
BRDA:170,12,0,0
BRDA:170,12,1,0
BRDA:174,13,0,0
BRDA:174,13,1,0
BRDA:188,14,0,0
BRDA:188,14,1,1
BRDA:203,15,0,0
BRDA:203,15,1,7
BRDA:207,16,0,0
BRDA:207,16,1,7
BRDA:214,17,0,50
BRDA:214,17,1,132
BRDA:217,18,0,132
BRDA:217,18,1,0
BRF:38
BRH:14
end_of_record
TN:
SF:/Volumes/Workspace/dev/zoidberg/src/script/components/CategoriesRecommended.js
FN:23,(anonymous_0)
FN:42,(anonymous_1)
FN:47,(anonymous_2)
FN:55,(anonymous_3)
FN:60,(anonymous_4)
FN:82,(anonymous_5)
FN:94,(anonymous_6)
FN:104,(anonymous_7)
FN:130,(anonymous_8)
FN:139,(anonymous_9)
FN:155,(anonymous_10)
FN:162,(anonymous_11)
FN:165,(anonymous_12)
FNF:13
FNH:10
FNDA:1,(anonymous_0)
FNDA:1,(anonymous_1)
FNDA:0,(anonymous_2)
FNDA:3,(anonymous_3)
FNDA:0,(anonymous_4)
FNDA:0,(anonymous_5)
FNDA:3,(anonymous_6)
FNDA:3,(anonymous_7)
FNDA:1,(anonymous_8)
FNDA:3,(anonymous_9)
FNDA:6,(anonymous_10)
FNDA:1,(anonymous_11)
FNDA:3,(anonymous_12)
DA:12,1
DA:13,0
DA:14,1
DA:15,1
DA:16,0
DA:17,1
DA:24,1
DA:28,1
DA:30,1
DA:35,1
DA:36,1
DA:37,1
DA:38,1
DA:43,1
DA:48,0
DA:50,0
DA:56,3
DA:57,3
DA:58,3
DA:60,3
DA:61,0
DA:69,3
DA:70,0
DA:73,3
DA:74,0
DA:83,0
DA:85,0
DA:86,0
DA:87,0
DA:88,0
DA:95,3
DA:96,3
DA:97,3
DA:99,3
DA:100,0
DA:101,0
DA:104,3
DA:105,3
DA:106,0
DA:110,3
DA:112,0
DA:115,3
DA:131,1
DA:134,1
DA:135,0
DA:138,1
DA:139,3
DA:141,1
DA:156,6
DA:163,1
DA:165,1
DA:166,3
LF:52
LH:35
BRDA:12,0,0,0
BRDA:12,0,1,1
BRDA:15,1,0,0
BRDA:15,1,1,1
BRDA:48,2,0,0
BRDA:48,2,1,0
BRDA:48,3,0,0
BRDA:48,3,1,0
BRDA:63,4,0,0
BRDA:63,4,1,0
BRDA:69,5,0,0
BRDA:69,5,1,3
BRDA:69,6,0,3
BRDA:69,6,1,3
BRDA:73,7,0,0
BRDA:73,7,1,3
BRDA:73,8,0,3
BRDA:73,8,1,0
BRDA:85,9,0,0
BRDA:85,9,1,0
BRDA:99,10,0,0
BRDA:99,10,1,3
BRDA:99,11,0,3
BRDA:99,11,1,3
BRDA:105,12,0,0
BRDA:105,12,1,3
BRDA:105,13,0,3
BRDA:105,13,1,0
BRDA:110,14,0,0
BRDA:110,14,1,3
BRDA:110,15,0,3
BRDA:110,15,1,0
BRDA:110,15,2,0
BRDA:134,16,0,0
BRDA:134,16,1,1
BRDA:141,17,0,0
BRDA:141,17,1,1
BRDA:143,18,0,1
BRDA:143,18,1,1
BRDA:156,19,0,0
BRDA:156,19,1,6
BRDA:156,20,0,0
BRDA:156,20,1,0
BRDA:157,21,0,0
BRDA:157,21,1,6
BRDA:163,22,0,1
BRDA:163,22,1,1
BRF:47
BRH:22
end_of_record
TN:
SF:/Volumes/Workspace/dev/zoidberg/src/script/components/CategoriesRelated.js
FN:15,(anonymous_0)
FN:29,(anonymous_1)
FN:38,(anonymous_2)
FN:67,(anonymous_3)
FN:87,(anonymous_4)
FN:93,(anonymous_5)
FN:115,(anonymous_6)
FN:131,(anonymous_7)
FN:138,(anonymous_8)
FN:154,(anonymous_9)
FN:183,(anonymous_10)
FN:210,(anonymous_11)
FNF:12
FNH:7
FNDA:4,(anonymous_0)
FNDA:4,(anonymous_1)
FNDA:4,(anonymous_2)
FNDA:4,(anonymous_3)
FNDA:0,(anonymous_4)
FNDA:4,(anonymous_5)
FNDA:0,(anonymous_6)
FNDA:32,(anonymous_7)
FNDA:0,(anonymous_8)
FNDA:8,(anonymous_9)
FNDA:0,(anonymous_10)
FNDA:0,(anonymous_11)
DA:8,1
DA:9,0
DA:10,1
DA:11,0
DA:16,4
DA:19,4
DA:24,4
DA:25,4
DA:32,4
DA:33,4
DA:39,4
DA:42,4
DA:43,0
DA:47,4
DA:48,0
DA:52,4
DA:53,4
DA:54,4
DA:55,4
DA:56,4
DA:57,4
DA:58,0
DA:68,4
DA:71,4
DA:72,4
DA:73,0
DA:77,4
DA:78,4
DA:79,4
DA:80,4
DA:82,0
DA:83,0
DA:84,0
DA:87,0
DA:88,0
DA:94,4
DA:95,4
DA:96,4
DA:98,4
DA:99,0
DA:104,4
DA:105,4
DA:106,4
DA:107,4
DA:108,4
DA:111,0
DA:112,0
DA:115,0
DA:117,0
DA:125,0
DA:126,0
DA:132,32
DA:133,32
DA:134,32
DA:135,32
DA:139,0
DA:155,8
DA:157,8
DA:158,8
DA:162,8
DA:163,8
DA:164,8
DA:167,8
DA:168,8
DA:171,8
DA:184,0
DA:185,0
DA:193,0
DA:206,0
DA:212,0
DA:213,0
DA:215,0
DA:216,0
DA:217,0
DA:218,0
DA:219,0
DA:222,0
DA:224,0
DA:225,0
DA:227,0
LF:80
LH:46
BRDA:8,0,0,0
BRDA:8,0,1,1
BRDA:10,1,0,0
BRDA:10,1,1,1
BRDA:32,2,0,4
BRDA:32,2,1,0
BRDA:39,3,0,4
BRDA:39,3,1,4
BRDA:39,3,2,4
BRDA:42,4,0,0
BRDA:42,4,1,4
BRDA:47,5,0,0
BRDA:47,5,1,4
BRDA:53,6,0,4
BRDA:53,6,1,0
BRDA:55,7,0,0
BRDA:55,7,1,4
BRDA:56,8,0,4
BRDA:56,8,1,0
BRDA:57,9,0,0
BRDA:57,9,1,4
BRDA:72,10,0,0
BRDA:72,10,1,4
BRDA:78,11,0,0
BRDA:78,11,1,4
BRDA:79,12,0,4
BRDA:79,12,1,0
BRDA:83,13,0,0
BRDA:83,13,1,0
BRDA:98,14,0,0
BRDA:98,14,1,4
BRDA:106,15,0,0
BRDA:106,15,1,4
BRDA:107,16,0,4
BRDA:107,16,1,0
BRDA:125,17,0,0
BRDA:125,17,1,0
BRDA:125,18,0,0
BRDA:125,18,1,0
BRDA:132,19,0,0
BRDA:132,19,1,32
BRDA:133,20,0,0
BRDA:133,20,1,32
BRDA:162,21,0,8
BRDA:162,21,1,0
BRDA:167,22,0,8
BRDA:167,22,1,0
BRDA:171,23,0,8
BRDA:171,23,1,0
BRDA:171,24,0,8
BRDA:171,24,1,0
BRDA:184,25,0,0
BRDA:184,25,1,0
BRDA:218,26,0,0
BRDA:218,26,1,0
BRF:55
BRH:24
end_of_record
TN:
SF:/Volumes/Workspace/dev/zoidberg/src/script/components/CategoryCarouselPod.js
FN:22,(anonymous_0)
FN:35,(anonymous_1)
FN:45,(anonymous_2)
FN:53,(anonymous_3)
FN:71,(anonymous_4)
FN:84,(anonymous_5)
FN:111,(anonymous_6)
FN:131,(anonymous_7)
FNF:8
FNH:4
FNDA:4,(anonymous_0)
FNDA:4,(anonymous_1)
FNDA:0,(anonymous_2)
FNDA:8,(anonymous_3)
FNDA:8,(anonymous_4)
FNDA:0,(anonymous_5)
FNDA:0,(anonymous_6)
FNDA:0,(anonymous_7)
DA:10,1
DA:11,0
DA:12,1
DA:13,1
DA:14,0
DA:15,1
DA:17,1
DA:23,4
DA:26,4
DA:31,4
DA:39,4
DA:40,4
DA:41,4
DA:42,4
DA:43,4
DA:44,0
DA:45,0
DA:46,0
DA:55,8
DA:57,8
DA:58,8
DA:59,48
DA:60,40
DA:65,8
DA:73,8
DA:74,8
DA:75,8
DA:79,8
DA:80,8
DA:81,8
DA:82,8
DA:83,8
DA:84,0
DA:85,0
DA:86,0
DA:91,0
DA:96,8
DA:97,0
DA:101,8
DA:102,0
DA:103,0
DA:106,8
DA:107,0
DA:110,8
DA:111,0
DA:134,0
DA:139,0
LF:47
LH:31
BRDA:10,0,0,0
BRDA:10,0,1,1
BRDA:13,1,0,0
BRDA:13,1,1,1
BRDA:17,2,0,1
BRDA:17,2,1,1
BRDA:39,3,0,4
BRDA:39,3,1,0
BRDA:39,4,0,4
BRDA:39,4,1,4
BRDA:41,5,0,0
BRDA:41,5,1,4
BRDA:43,6,0,0
BRDA:43,6,1,4
BRDA:43,7,0,4
BRDA:43,7,1,0
BRDA:44,8,0,0
BRDA:44,8,1,0
BRDA:44,9,0,0
BRDA:44,9,1,0
BRDA:59,10,0,8
BRDA:59,10,1,40
BRDA:59,11,0,48
BRDA:59,11,1,40
BRDA:59,11,2,0
BRDA:61,12,0,40
BRDA:61,12,1,40
BRDA:79,13,0,8
BRDA:79,13,1,0
BRDA:79,14,0,8
BRDA:79,14,1,8
BRDA:81,15,0,0
BRDA:81,15,1,8
BRDA:83,16,0,0
BRDA:83,16,1,8
BRDA:83,17,0,8
BRDA:83,17,1,0
BRDA:83,17,2,0
BRDA:85,18,0,0
BRDA:85,18,1,0
BRDA:86,19,0,0
BRDA:86,19,1,0
BRDA:96,20,0,0
BRDA:96,20,1,8
BRDA:96,21,0,8
BRDA:96,21,1,0
BRDA:101,22,0,0
BRDA:101,22,1,8
BRDA:106,23,0,0
BRDA:106,23,1,8
BRDA:110,24,0,0
BRDA:110,24,1,8
BRF:52
BRH:27
end_of_record
TN:
SF:/Volumes/Workspace/dev/zoidberg/src/script/components/CategoryFilter.js
FN:28,(anonymous_0)
FN:41,(anonymous_1)
FN:52,(anonymous_2)
FN:71,(anonymous_3)
FN:79,(anonymous_4)
FN:84,(anonymous_5)
FN:90,(anonymous_6)
FN:102,(anonymous_7)
FN:123,(anonymous_8)
FN:127,(anonymous_9)
FN:130,(anonymous_10)
FN:138,(anonymous_11)
FN:161,(anonymous_12)
FNF:13
FNH:0
FNDA:0,(anonymous_0)
FNDA:0,(anonymous_1)
FNDA:0,(anonymous_2)
FNDA:0,(anonymous_3)
FNDA:0,(anonymous_4)
FNDA:0,(anonymous_5)
FNDA:0,(anonymous_6)
FNDA:0,(anonymous_7)
FNDA:0,(anonymous_8)
FNDA:0,(anonymous_9)
FNDA:0,(anonymous_10)
FNDA:0,(anonymous_11)
FNDA:0,(anonymous_12)
DA:20,1
DA:21,0
DA:22,1
DA:23,0
DA:29,0
DA:31,0
DA:34,0
DA:36,0
DA:37,0
DA:38,0
DA:42,0
DA:43,0
DA:44,0
DA:45,0
DA:46,0
DA:47,0
DA:55,0
DA:57,0
DA:58,0
DA:65,0
DA:66,0
DA:75,0
DA:80,0
DA:85,0
DA:86,0
DA:87,0
DA:89,0
DA:91,0
DA:92,0
DA:103,0
DA:105,0
DA:106,0
DA:108,0
DA:109,0
DA:112,0
DA:123,0
DA:127,0
DA:130,0
DA:139,0
DA:140,0
DA:141,0
DA:142,0
DA:143,0
DA:145,0
DA:146,0
DA:147,0
DA:148,0
DA:150,0
DA:153,0
DA:154,0
DA:157,0
DA:162,0
DA:163,0
DA:165,0
LF:54
LH:2
BRDA:20,0,0,0
BRDA:20,0,1,1
BRDA:22,1,0,0
BRDA:22,1,1,1
BRDA:34,2,0,0
BRDA:34,2,1,0
BRDA:42,3,0,0
BRDA:42,3,1,0
BRDA:43,4,0,0
BRDA:43,4,1,0
BRDA:43,5,0,0
BRDA:43,5,1,0
BRDA:55,6,0,0
BRDA:55,6,1,0
BRDA:57,7,0,0
BRDA:57,7,1,0
BRDA:65,8,0,0
BRDA:65,8,1,0
BRDA:65,9,0,0
BRDA:65,9,1,0
BRDA:75,10,0,0
BRDA:75,10,1,0
BRDA:85,11,0,0
BRDA:85,11,1,0
BRDA:95,12,0,0
BRDA:95,12,1,0
BRDA:108,13,0,0
BRDA:108,13,1,0
BRDA:115,14,0,0
BRDA:115,14,1,0
BRDA:115,15,0,0
BRDA:115,15,1,0
BRDA:124,16,0,0
BRDA:124,16,1,0
BRDA:145,17,0,0
BRDA:145,17,1,0
BRDA:148,18,0,0
BRDA:148,18,1,0
BRDA:153,19,0,0
BRDA:153,19,1,0
BRDA:162,20,0,0
BRDA:162,20,1,0
BRF:42
BRH:2
end_of_record
TN:
SF:/Volumes/Workspace/dev/zoidberg/src/script/components/CategoryLanding.js
FN:31,(anonymous_0)
FN:45,(anonymous_1)
FN:92,(anonymous_2)
FN:99,(anonymous_3)
FN:105,(anonymous_4)
FN:111,(anonymous_5)
FN:158,(anonymous_6)
FN:171,(anonymous_7)
FN:199,(anonymous_8)
FN:201,(anonymous_9)
FN:236,(anonymous_10)
FN:278,(anonymous_11)
FNF:12
FNH:7
FNDA:1,(anonymous_0)
FNDA:1,(anonymous_1)
FNDA:1,(anonymous_2)
FNDA:0,(anonymous_3)
FNDA:1,(anonymous_4)
FNDA:3,(anonymous_5)
FNDA:0,(anonymous_6)
FNDA:0,(anonymous_7)
FNDA:1,(anonymous_8)
FNDA:3,(anonymous_9)
FNDA:0,(anonymous_10)
FNDA:0,(anonymous_11)
DA:22,1
DA:23,0
DA:24,1
DA:25,0
DA:32,1
DA:33,1
DA:34,1
DA:35,1
DA:36,1
DA:38,1
DA:41,1
DA:42,1
DA:47,1
DA:49,1
DA:52,1
DA:53,3
DA:54,3
DA:55,0
DA:61,3
DA:62,3
DA:63,1
DA:64,0
DA:79,2
DA:80,2
DA:81,0
DA:94,1
DA:95,1
DA:101,0
DA:106,1
DA:107,1
DA:115,3
DA:116,3
DA:117,3
DA:118,3
DA:119,3
DA:125,3
DA:130,3
DA:131,3
DA:132,3
DA:133,3
DA:134,3
DA:135,3
DA:136,18
DA:137,18
DA:138,0
DA:139,0
DA:143,18
DA:144,17
DA:145,0
DA:148,17
DA:153,18
DA:161,0
DA:171,3
DA:174,0
DA:180,3
DA:200,1
DA:201,1
DA:202,3
DA:204,1
DA:205,1
DA:208,1
DA:209,1
DA:210,0
DA:211,0
DA:212,0
DA:216,1
DA:239,0
DA:240,0
DA:242,0
DA:245,0
DA:246,0
DA:247,0
DA:248,0
DA:249,0
DA:252,0
DA:253,0
DA:254,0
DA:255,0
DA:256,0
DA:257,0
DA:260,0
DA:261,0
DA:262,0
DA:263,0
DA:264,0
DA:267,0
DA:268,0
DA:269,0
DA:270,0
DA:271,0
DA:273,0
DA:281,0
LF:92
LH:52
BRDA:22,0,0,0
BRDA:22,0,1,1
BRDA:24,1,0,0
BRDA:24,1,1,1
BRDA:54,2,0,0
BRDA:54,2,1,3
BRDA:54,3,0,3
BRDA:54,3,1,0
BRDA:62,4,0,1
BRDA:62,4,1,2
BRDA:63,5,0,0
BRDA:63,5,1,1
BRDA:80,6,0,0
BRDA:80,6,1,2
BRDA:94,7,0,0
BRDA:94,7,1,1
BRDA:115,8,0,2
BRDA:115,8,1,1
BRDA:118,9,0,3
BRDA:118,9,1,0
BRDA:118,10,0,3
BRDA:118,10,1,3
BRDA:137,11,0,0
BRDA:137,11,1,18
BRDA:143,12,0,17
BRDA:143,12,1,1
BRDA:144,13,0,0
BRDA:144,13,1,17
BRDA:185,14,0,2
BRDA:185,14,1,1
BRDA:192,15,0,0
BRDA:192,15,1,3
BRDA:193,16,0,2
BRDA:193,16,1,1
BRDA:204,17,0,1
BRDA:204,17,1,1
BRDA:209,18,0,0
BRDA:209,18,1,1
BRDA:209,19,0,1
BRDA:209,19,1,1
BRDA:209,19,2,0
BRDA:230,20,0,1
BRDA:230,20,1,1
BRDA:230,20,2,0
BRDA:242,21,0,0
BRDA:242,21,1,0
BRDA:242,21,2,0
BRDA:242,21,3,0
BRDA:242,21,4,0
BRF:49
BRH:30
end_of_record
TN:
SF:/Volumes/Workspace/dev/zoidberg/src/script/components/CategoryLink.js
FN:19,(anonymous_0)
FN:35,(anonymous_1)
FN:52,(anonymous_2)
FN:60,(anonymous_3)
FN:65,(anonymous_4)
FN:72,(anonymous_5)
FN:111,(anonymous_6)
FN:120,(anonymous_7)
FN:121,(anonymous_8)
FNF:9
FNH:5
FNDA:85,(anonymous_0)
FNDA:0,(anonymous_1)
FNDA:85,(anonymous_2)
FNDA:0,(anonymous_3)
FNDA:0,(anonymous_4)
FNDA:145,(anonymous_5)
FNDA:0,(anonymous_6)
FNDA:85,(anonymous_7)
FNDA:60,(anonymous_8)
DA:12,4
DA:13,0
DA:14,4
DA:15,0
DA:20,85
DA:23,85
DA:28,85
DA:29,85
DA:31,85
DA:32,85
DA:36,0
DA:37,0
DA:38,0
DA:39,0
DA:40,0
DA:41,0
DA:42,0
DA:44,0
DA:45,0
DA:47,0
DA:48,0
DA:53,85
DA:54,85
DA:55,0
DA:56,0
DA:61,0
DA:62,0
DA:66,0
DA:67,0
DA:68,0
DA:73,145
DA:74,145
DA:75,145
DA:77,145
DA:79,145
DA:111,0
DA:121,85
DA:122,60
DA:123,60
DA:124,0
DA:125,0
DA:126,0
DA:129,60
DA:132,85
LF:44
LH:20
BRDA:12,0,0,0
BRDA:12,0,1,4
BRDA:14,1,0,0
BRDA:14,1,1,4
BRDA:38,2,0,0
BRDA:38,2,1,0
BRDA:41,3,0,0
BRDA:41,3,1,0
BRDA:47,4,0,0
BRDA:47,4,1,0
BRDA:54,5,0,0
BRDA:54,5,1,85
BRDA:61,6,0,0
BRDA:61,6,1,0
BRDA:61,7,0,0
BRDA:61,7,1,0
BRDA:66,8,0,0
BRDA:66,8,1,0
BRDA:73,9,0,143
BRDA:73,9,1,2
BRDA:75,10,0,2
BRDA:75,10,1,143
BRDA:76,11,0,126
BRDA:76,11,1,19
BRDA:77,12,0,145
BRDA:77,12,1,145
BRDA:81,13,0,145
BRDA:81,13,1,0
BRDA:82,14,0,3
BRDA:82,14,1,142
BRDA:82,15,0,145
BRDA:82,15,1,6
BRDA:83,16,0,3
BRDA:83,16,1,142
BRDA:83,17,0,145
BRDA:83,17,1,6
BRDA:86,18,0,145
BRDA:86,18,1,97
BRDA:86,18,2,48
BRDA:89,19,0,3
BRDA:89,19,1,142
BRDA:89,20,0,120
BRDA:89,20,1,22
BRDA:90,21,0,0
BRDA:90,21,1,145
BRDA:96,22,0,0
BRDA:96,22,1,0
BRDA:96,23,0,0
BRDA:96,23,1,0
BRDA:97,24,0,0
BRDA:97,24,1,0
BRDA:97,25,0,0
BRDA:97,25,1,0
BRDA:99,26,0,0
BRDA:99,26,1,0
BRDA:99,27,0,0
BRDA:99,27,1,0
BRDA:100,28,0,0
BRDA:100,28,1,0
BRDA:101,29,0,0
BRDA:101,29,1,0
BRF:61
BRH:28
end_of_record
TN:
SF:/Volumes/Workspace/dev/zoidberg/src/script/components/CategoryList.js
FN:32,(anonymous_0)
FN:45,(anonymous_1)
FN:59,(anonymous_2)
FN:92,(anonymous_3)
FN:98,(anonymous_4)
FN:115,(anonymous_5)
FN:132,(anonymous_6)
FN:134,(anonymous_7)
FN:143,(anonymous_8)
FN:153,(anonymous_9)
FN:167,(anonymous_10)
FN:179,(anonymous_11)
FN:184,(anonymous_12)
FN:186,(anonymous_13)
FN:193,(anonymous_14)
FN:212,(anonymous_15)
FN:234,(anonymous_16)
FN:262,(anonymous_17)
FN:270,(anonymous_18)
FN:283,(anonymous_19)
FN:305,(anonymous_20)
FN:306,(anonymous_21)
FN:317,(anonymous_22)
FN:318,(anonymous_23)
FN:323,(anonymous_24)
FN:340,(anonymous_25)
FN:346,(anonymous_26)
FN:358,(anonymous_27)
FN:395,(anonymous_28)
FN:401,(anonymous_29)
FN:406,(anonymous_30)
FN:407,(anonymous_31)
FN:408,(anonymous_32)
FN:426,(anonymous_33)
FN:427,(anonymous_34)
FN:429,(anonymous_35)
FN:445,(anonymous_36)
FN:456,(anonymous_37)
FN:470,(anonymous_38)
FN:505,(anonymous_39)
FNF:40
FNH:0
FNDA:0,(anonymous_0)
FNDA:0,(anonymous_1)
FNDA:0,(anonymous_2)
FNDA:0,(anonymous_3)
FNDA:0,(anonymous_4)
FNDA:0,(anonymous_5)
FNDA:0,(anonymous_6)
FNDA:0,(anonymous_7)
FNDA:0,(anonymous_8)
FNDA:0,(anonymous_9)
FNDA:0,(anonymous_10)
FNDA:0,(anonymous_11)
FNDA:0,(anonymous_12)
FNDA:0,(anonymous_13)
FNDA:0,(anonymous_14)
FNDA:0,(anonymous_15)
FNDA:0,(anonymous_16)
FNDA:0,(anonymous_17)
FNDA:0,(anonymous_18)
FNDA:0,(anonymous_19)
FNDA:0,(anonymous_20)
FNDA:0,(anonymous_21)
FNDA:0,(anonymous_22)
FNDA:0,(anonymous_23)
FNDA:0,(anonymous_24)
FNDA:0,(anonymous_25)
FNDA:0,(anonymous_26)
FNDA:0,(anonymous_27)
FNDA:0,(anonymous_28)
FNDA:0,(anonymous_29)
FNDA:0,(anonymous_30)
FNDA:0,(anonymous_31)
FNDA:0,(anonymous_32)
FNDA:0,(anonymous_33)
FNDA:0,(anonymous_34)
FNDA:0,(anonymous_35)
FNDA:0,(anonymous_36)
FNDA:0,(anonymous_37)
FNDA:0,(anonymous_38)
FNDA:0,(anonymous_39)
DA:24,1
DA:25,0
DA:26,1
DA:27,0
DA:33,0
DA:34,0
DA:35,0
DA:37,0
DA:38,0
DA:45,0
DA:46,0
DA:47,0
DA:48,0
DA:49,0
DA:51,0
DA:53,0
DA:54,0
DA:55,0
DA:56,0
DA:60,0
DA:61,0
DA:63,0
DA:64,0
DA:67,0
DA:69,0
DA:75,0
DA:76,0
DA:77,0
DA:78,0
DA:79,0
DA:80,0
DA:81,0
DA:84,0
DA:85,0
DA:87,0
DA:88,0
DA:93,0
DA:95,0
DA:98,0
DA:99,0
DA:100,0
DA:101,0
DA:102,0
DA:105,0
DA:107,0
DA:110,0
DA:112,0
DA:117,0
DA:118,0
DA:120,0
DA:121,0
DA:122,0
DA:124,0
DA:125,0
DA:127,0
DA:128,0
DA:134,0
DA:135,0
DA:137,0
DA:139,0
DA:140,0
DA:145,0
DA:146,0
DA:154,0
DA:155,0
DA:156,0
DA:158,0
DA:159,0
DA:161,0
DA:163,0
DA:169,0
DA:170,0
DA:173,0
DA:174,0
DA:180,0
DA:181,0
DA:185,0
DA:186,0
DA:187,0
DA:188,0
DA:189,0
DA:196,0
DA:197,0
DA:200,0
DA:201,0
DA:202,0
DA:212,0
DA:213,0
DA:214,0
DA:215,0
DA:216,0
DA:219,0
DA:222,0
DA:227,0
DA:230,0
DA:235,0
DA:236,0
DA:237,0
DA:238,0
DA:241,0
DA:242,0
DA:243,0
DA:244,0
DA:245,0
DA:246,0
DA:247,0
DA:248,0
DA:255,0
DA:256,0
DA:257,0
DA:258,0
DA:259,0
DA:262,0
DA:269,0
DA:270,0
DA:278,0
DA:285,0
DA:286,0
DA:288,0
DA:289,0
DA:290,0
DA:291,0
DA:293,0
DA:305,0
DA:306,0
DA:317,0
DA:318,0
DA:324,0
DA:325,0
DA:326,0
DA:328,0
DA:331,0
DA:332,0
DA:333,0
DA:334,0
DA:335,0
DA:341,0
DA:342,0
DA:343,0
DA:347,0
DA:348,0
DA:349,0
DA:350,0
DA:351,0
DA:352,0
DA:355,0
DA:359,0
DA:360,0
DA:361,0
DA:362,0
DA:363,0
DA:365,0
DA:366,0
DA:367,0
DA:368,0
DA:371,0
DA:376,0
DA:377,0
DA:378,0
DA:379,0
DA:383,0
DA:385,0
DA:386,0
DA:390,0
DA:391,0
DA:394,0
DA:395,0
DA:396,0
DA:401,0
DA:406,0
DA:407,0
DA:408,0
DA:426,0
DA:427,0
DA:429,0
DA:446,0
DA:449,0
DA:450,0
DA:451,0
DA:453,0
DA:458,0
DA:459,0
DA:461,0
DA:462,0
DA:465,0
DA:466,0
DA:471,0
DA:472,0
DA:474,0
DA:477,0
DA:478,0
DA:481,0
DA:482,0
DA:483,0
DA:484,0
DA:485,0
DA:486,0
DA:489,0
DA:490,0
DA:491,0
DA:492,0
DA:495,0
DA:496,0
DA:497,0
DA:498,0
DA:500,0
DA:507,0
DA:509,0
DA:510,0
DA:514,0
DA:517,0
LF:211
LH:2
BRDA:24,0,0,0
BRDA:24,0,1,1
BRDA:26,1,0,0
BRDA:26,1,1,1
BRDA:34,2,0,0
BRDA:34,2,1,0
BRDA:61,3,0,0
BRDA:61,3,1,0
BRDA:63,4,0,0
BRDA:63,4,1,0
BRDA:63,5,0,0
BRDA:63,5,1,0
BRDA:64,6,0,0
BRDA:64,6,1,0
BRDA:77,7,0,0
BRDA:77,7,1,0
BRDA:80,8,0,0
BRDA:80,8,1,0
BRDA:84,9,0,0
BRDA:84,9,1,0
BRDA:87,10,0,0
BRDA:87,10,1,0
BRDA:87,11,0,0
BRDA:87,11,1,0
BRDA:88,12,0,0
BRDA:88,12,1,0
BRDA:93,13,0,0
BRDA:93,13,1,0
BRDA:93,14,0,0
BRDA:93,14,1,0
BRDA:99,15,0,0
BRDA:99,15,1,0
BRDA:120,16,0,0
BRDA:120,16,1,0
BRDA:121,17,0,0
BRDA:121,17,1,0
BRDA:124,18,0,0
BRDA:124,18,1,0
BRDA:127,19,0,0
BRDA:127,19,1,0
BRDA:139,20,0,0
BRDA:139,20,1,0
BRDA:145,21,0,0
BRDA:145,21,1,0
BRDA:154,22,0,0
BRDA:154,22,1,0
BRDA:155,23,0,0
BRDA:155,23,1,0
BRDA:158,24,0,0
BRDA:158,24,1,0
BRDA:169,25,0,0
BRDA:169,25,1,0
BRDA:173,26,0,0
BRDA:173,26,1,0
BRDA:187,27,0,0
BRDA:187,27,1,0
BRDA:193,28,0,0
BRDA:196,29,0,0
BRDA:196,29,1,0
BRDA:207,30,0,0
BRDA:207,30,1,0
BRDA:208,31,0,0
BRDA:208,31,1,0
BRDA:213,32,0,0
BRDA:213,32,1,0
BRDA:237,33,0,0
BRDA:237,33,1,0
BRDA:237,34,0,0
BRDA:237,34,1,0
BRDA:243,35,0,0
BRDA:243,35,1,0
BRDA:245,36,0,0
BRDA:245,36,1,0
BRDA:247,37,0,0
BRDA:247,37,1,0
BRDA:250,38,0,0
BRDA:250,38,1,0
BRDA:250,39,0,0
BRDA:250,39,1,0
BRDA:250,39,2,0
BRDA:257,40,0,0
BRDA:257,40,1,0
BRDA:258,41,0,0
BRDA:258,41,1,0
BRDA:258,42,0,0
BRDA:258,42,1,0
BRDA:259,43,0,0
BRDA:259,43,1,0
BRDA:262,44,0,0
BRDA:262,44,1,0
BRDA:269,45,0,0
BRDA:269,45,1,0
BRDA:269,46,0,0
BRDA:269,46,1,0
BRDA:271,47,0,0
BRDA:271,47,1,0
BRDA:271,47,2,0
BRDA:272,48,0,0
BRDA:272,48,1,0
BRDA:275,49,0,0
BRDA:275,49,1,0
BRDA:285,50,0,0
BRDA:285,50,1,0
BRDA:285,51,0,0
BRDA:285,51,1,0
BRDA:290,52,0,0
BRDA:290,52,1,0
BRDA:294,53,0,0
BRDA:294,53,1,0
BRDA:294,54,0,0
BRDA:294,54,1,0
BRDA:294,54,2,0
BRDA:325,55,0,0
BRDA:325,55,1,0
BRDA:325,56,0,0
BRDA:325,56,1,0
BRDA:326,57,0,0
BRDA:326,57,1,0
BRDA:326,58,0,0
BRDA:326,58,1,0
BRDA:331,59,0,0
BRDA:331,59,1,0
BRDA:331,60,0,0
BRDA:331,60,1,0
BRDA:332,61,0,0
BRDA:332,61,1,0
BRDA:334,62,0,0
BRDA:334,62,1,0
BRDA:343,63,0,0
BRDA:343,63,1,0
BRDA:348,64,0,0
BRDA:348,64,1,0
BRDA:349,65,0,0
BRDA:349,65,1,0
BRDA:349,66,0,0
BRDA:349,66,1,0
BRDA:351,67,0,0
BRDA:351,67,1,0
BRDA:361,68,0,0
BRDA:361,68,1,0
BRDA:363,69,0,0
BRDA:363,69,1,0
BRDA:366,70,0,0
BRDA:366,70,1,0
BRDA:367,71,0,0
BRDA:367,71,1,0
BRDA:367,72,0,0
BRDA:367,72,1,0
BRDA:383,73,0,0
BRDA:383,73,1,0
BRDA:383,74,0,0
BRDA:383,74,1,0
BRDA:395,75,0,0
BRDA:395,75,1,0
BRDA:396,76,0,0
BRDA:396,76,1,0
BRDA:397,77,0,0
BRDA:397,77,1,0
BRDA:398,78,0,0
BRDA:398,78,1,0
BRDA:399,79,0,0
BRDA:399,79,1,0
BRDA:400,80,0,0
BRDA:400,80,1,0
BRDA:400,81,0,0
BRDA:400,81,1,0
BRDA:405,82,0,0
BRDA:405,82,1,0
BRDA:405,82,2,0
BRDA:405,82,3,0
BRDA:406,83,0,0
BRDA:406,83,1,0
BRDA:408,84,0,0
BRDA:408,84,1,0
BRDA:410,85,0,0
BRDA:410,85,1,0
BRDA:417,86,0,0
BRDA:417,86,1,0
BRDA:418,87,0,0
BRDA:418,87,1,0
BRDA:429,88,0,0
BRDA:429,88,1,0
BRDA:429,88,2,0
BRDA:434,89,0,0
BRDA:434,89,1,0
BRDA:450,90,0,0
BRDA:450,90,1,0
BRDA:461,91,0,0
BRDA:461,91,1,0
BRDA:461,92,0,0
BRDA:461,92,1,0
BRDA:471,93,0,0
BRDA:471,93,1,0
BRDA:474,94,0,0
BRDA:474,94,1,0
BRDA:474,94,2,0
BRDA:474,94,3,0
BRDA:474,94,4,0
BRDA:507,95,0,0
BRDA:507,95,1,0
BRDA:507,96,0,0
BRDA:507,96,1,0
BRF:202
BRH:2
end_of_record
TN:
SF:/Volumes/Workspace/dev/zoidberg/src/script/components/Channels.js
FN:29,(anonymous_0)
FN:59,(anonymous_1)
FN:65,(anonymous_2)
FN:82,(anonymous_3)
FN:95,(anonymous_4)
FN:105,(anonymous_5)
FN:122,(anonymous_6)
FN:140,(anonymous_7)
FN:154,(anonymous_8)
FN:162,(anonymous_9)
FN:172,(anonymous_10)
FN:202,(anonymous_11)
FN:210,(anonymous_12)
FN:236,(anonymous_13)
FNF:14
FNH:6
FNDA:1,(anonymous_0)
FNDA:1,(anonymous_1)
FNDA:1,(anonymous_2)
FNDA:1,(anonymous_3)
FNDA:0,(anonymous_4)
FNDA:0,(anonymous_5)
FNDA:1,(anonymous_6)
FNDA:0,(anonymous_7)
FNDA:0,(anonymous_8)
FNDA:0,(anonymous_9)
FNDA:1,(anonymous_10)
FNDA:0,(anonymous_11)
FNDA:0,(anonymous_12)
FNDA:0,(anonymous_13)
DA:23,2
DA:24,0
DA:30,1
DA:33,1
DA:38,1
DA:39,1
DA:42,1
DA:43,1
DA:45,1
DA:46,1
DA:47,1
DA:48,1
DA:52,1
DA:53,1
DA:54,1
DA:55,1
DA:60,1
DA:61,1
DA:68,1
DA:71,1
DA:72,1
DA:75,1
DA:77,1
DA:78,1
DA:85,1
DA:91,1
DA:98,0
DA:101,0
DA:106,0
DA:107,0
DA:111,0
DA:112,0
DA:113,0
DA:114,0
DA:115,0
DA:117,0
DA:123,1
DA:141,0
DA:142,0
DA:143,0
DA:144,0
DA:147,0
DA:150,0
DA:155,0
DA:156,0
DA:157,0
DA:158,0
DA:163,0
DA:165,0
DA:173,1
DA:174,1
DA:175,1
DA:176,1
DA:189,1
DA:190,1
DA:191,1
DA:194,0
DA:203,0
DA:204,0
DA:207,0
DA:210,0
DA:211,0
DA:212,0
DA:213,0
DA:214,0
DA:217,0
DA:221,0
DA:222,0
DA:227,0
DA:237,0
DA:238,0
DA:240,0
DA:241,0
DA:242,0
LF:74
LH:33
BRDA:23,0,0,0
BRDA:23,0,1,2
BRDA:48,1,0,0
BRDA:48,1,1,1
BRDA:48,2,0,1
BRDA:48,2,1,1
BRDA:77,3,0,0
BRDA:77,3,1,1
BRDA:106,4,0,0
BRDA:106,4,1,0
BRDA:106,5,0,0
BRDA:106,5,1,0
BRDA:111,6,0,0
BRDA:111,6,1,0
BRDA:111,7,0,0
BRDA:111,7,1,0
BRDA:114,8,0,0
BRDA:114,8,1,0
BRDA:172,9,0,1
BRDA:191,10,0,0
BRDA:191,10,1,1
BRDA:191,11,0,1
BRDA:191,11,1,1
BRDA:202,12,0,0
BRDA:203,13,0,0
BRDA:203,13,1,0
BRDA:211,14,0,0
BRDA:211,14,1,0
BRDA:221,15,0,0
BRDA:221,15,1,0
BRDA:237,16,0,0
BRDA:237,16,1,0
BRDA:237,17,0,0
BRDA:237,17,1,0
BRF:34
BRH:9
end_of_record
TN:
SF:/Volumes/Workspace/dev/zoidberg/src/script/components/ChannelsView.js
FN:7,(anonymous_0)
FNF:1
FNH:0
FNDA:0,(anonymous_0)
DA:8,0
LF:1
LH:0
BRF:0
BRH:0
end_of_record
TN:
SF:/Volumes/Workspace/dev/zoidberg/src/script/components/ContainerFiller.js
FN:4,(anonymous_0)
FN:8,(anonymous_1)
FNF:2
FNH:0
FNDA:0,(anonymous_0)
FNDA:0,(anonymous_1)
DA:5,0
DA:6,0
DA:9,0
LF:3
LH:0
BRF:0
BRH:0
end_of_record
TN:
SF:/Volumes/Workspace/dev/zoidberg/src/script/components/CustomDropdown.js
FN:23,(anonymous_0)
FN:44,(anonymous_1)
FN:47,(anonymous_2)
FN:53,(anonymous_3)
FN:61,(anonymous_4)
FN:71,(anonymous_5)
FN:72,(anonymous_6)
FN:79,(anonymous_7)
FN:128,(anonymous_8)
FN:166,(anonymous_9)
FN:173,(anonymous_10)
FN:178,(anonymous_11)
FN:183,(anonymous_12)
FN:195,(anonymous_13)
FN:220,(anonymous_14)
FN:222,(anonymous_15)
FN:228,(anonymous_16)
FNF:17
FNH:7
FNDA:6,(anonymous_0)
FNDA:0,(anonymous_1)
FNDA:0,(anonymous_2)
FNDA:99,(anonymous_3)
FNDA:0,(anonymous_4)
FNDA:11,(anonymous_5)
FNDA:19,(anonymous_6)
FNDA:0,(anonymous_7)
FNDA:0,(anonymous_8)
FNDA:0,(anonymous_9)
FNDA:0,(anonymous_10)
FNDA:11,(anonymous_11)
FNDA:11,(anonymous_12)
FNDA:11,(anonymous_13)
FNDA:0,(anonymous_14)
FNDA:0,(anonymous_15)
FNDA:0,(anonymous_16)
DA:11,4
DA:12,0
DA:13,0
DA:15,4
DA:16,0
DA:17,0
DA:24,6
DA:26,6
DA:27,6
DA:28,6
DA:29,6
DA:30,6
DA:31,6
DA:32,6
DA:37,6
DA:38,6
DA:39,6
DA:40,6
DA:41,6
DA:44,6
DA:47,6
DA:54,99
DA:55,99
DA:56,0
DA:59,99
DA:62,0
DA:63,0
DA:72,11
DA:73,19
DA:75,11
DA:80,0
DA:81,0
DA:82,0
DA:83,0
DA:84,0
DA:85,0
DA:86,0
DA:87,0
DA:89,0
DA:94,0
DA:95,0
DA:99,0
DA:101,0
DA:102,0
DA:103,0
DA:105,0
DA:108,0
DA:110,0
DA:114,0
DA:115,0
DA:117,0
DA:118,0
DA:119,0
DA:120,0
DA:126,0
DA:127,0
DA:128,0
DA:129,0
DA:130,0
DA:131,0
DA:144,0
DA:146,0
DA:151,0
DA:153,0
DA:154,0
DA:162,0
DA:167,0
DA:168,0
DA:174,0
DA:179,11
DA:184,11
DA:196,11
DA:197,11
DA:198,11
DA:199,11
DA:200,11
DA:202,11
DA:220,0
DA:222,0
DA:228,0
LF:80
LH:31
BRDA:11,0,0,0
BRDA:11,0,1,4
BRDA:15,1,0,0
BRDA:15,1,1,4
BRDA:26,2,0,6
BRDA:26,2,1,0
BRDA:30,3,0,6
BRDA:30,3,1,6
BRDA:33,4,0,2
BRDA:33,4,1,4
BRDA:33,5,0,6
BRDA:33,5,1,6
BRDA:55,6,0,0
BRDA:55,6,1,99
BRDA:60,7,0,10
BRDA:60,7,1,89
BRDA:75,8,0,10
BRDA:75,8,1,1
BRDA:82,9,0,0
BRDA:82,9,1,0
BRDA:89,10,0,0
BRDA:89,10,1,0
BRDA:90,11,0,0
BRDA:90,11,1,0
BRDA:90,11,2,0
BRDA:90,11,3,0
BRDA:95,12,0,0
BRDA:95,12,1,0
BRDA:96,13,0,0
BRDA:96,13,1,0
BRDA:103,14,0,0
BRDA:103,14,1,0
BRDA:103,15,0,0
BRDA:103,15,1,0
BRDA:103,16,0,0
BRDA:103,16,1,0
BRDA:104,17,0,0
BRDA:104,17,1,0
BRDA:105,18,0,0
BRDA:105,18,1,0
BRDA:105,19,0,0
BRDA:105,19,1,0
BRDA:105,20,0,0
BRDA:105,20,1,0
BRDA:105,21,0,0
BRDA:105,21,1,0
BRDA:105,22,0,0
BRDA:105,22,1,0
BRDA:106,23,0,0
BRDA:106,23,1,0
BRDA:108,24,0,0
BRDA:108,24,1,0
BRDA:108,25,0,0
BRDA:108,25,1,0
BRDA:108,26,0,0
BRDA:108,26,1,0
BRDA:109,27,0,0
BRDA:109,27,1,0
BRDA:110,28,0,0
BRDA:110,28,1,0
BRDA:110,29,0,0
BRDA:110,29,1,0
BRDA:110,30,0,0
BRDA:110,30,1,0
BRDA:110,31,0,0
BRDA:110,31,1,0
BRDA:110,32,0,0
BRDA:110,32,1,0
BRDA:111,33,0,0
BRDA:111,33,1,0
BRDA:117,34,0,0
BRDA:117,34,1,0
BRDA:117,35,0,0
BRDA:117,35,1,0
BRDA:119,36,0,0
BRDA:119,36,1,0
BRDA:119,37,0,0
BRDA:119,37,1,0
BRDA:120,38,0,0
BRDA:120,38,1,0
BRDA:126,39,0,0
BRDA:126,39,1,0
BRDA:129,40,0,0
BRDA:129,40,1,0
BRDA:146,41,0,0
BRDA:146,41,1,0
BRDA:151,42,0,0
BRDA:151,42,1,0
BRDA:167,43,0,0
BRDA:167,43,1,0
BRDA:169,44,0,0
BRDA:169,44,1,0
BRDA:185,45,0,11
BRDA:185,45,1,0
BRDA:185,45,2,0
BRDA:187,46,0,0
BRDA:187,46,1,11
BRDA:188,47,0,11
BRDA:188,47,1,11
BRDA:197,48,0,11
BRDA:197,48,1,11
BRDA:198,49,0,11
BRDA:198,49,1,11
BRDA:200,50,0,8
BRDA:200,50,1,3
BRDA:202,51,0,0
BRDA:202,51,1,11
BRDA:207,52,0,0
BRDA:207,52,1,11
BRDA:207,53,0,0
BRDA:207,53,1,0
BRDA:215,54,0,0
BRDA:215,54,1,11
BRDA:220,55,0,0
BRDA:220,55,1,0
BRDA:220,56,0,0
BRDA:220,56,1,0
BRDA:222,57,0,0
BRDA:222,57,1,0
BRDA:222,58,0,0
BRDA:222,58,1,0
BRDA:237,59,0,11
BRDA:237,59,1,11
BRF:123
BRH:29
end_of_record
TN:
SF:/Volumes/Workspace/dev/zoidberg/src/script/components/DownloadFail.js
FN:2,_interopRequireDefault
FN:8,(anonymous_1)
FN:14,(anonymous_2)
FN:15,(anonymous_3)
FN:20,(anonymous_4)
FN:24,(anonymous_5)
FN:29,(anonymous_6)
FN:35,(anonymous_7)
FNF:8
FNH:0
FNDA:0,_interopRequireDefault
FNDA:0,(anonymous_1)
FNDA:0,(anonymous_2)
FNDA:0,(anonymous_3)
FNDA:0,(anonymous_4)
FNDA:0,(anonymous_5)
FNDA:0,(anonymous_6)
FNDA:0,(anonymous_7)
DA:1,0
DA:2,0
DA:4,0
DA:5,0
DA:9,0
DA:11,0
DA:14,0
DA:15,0
DA:17,0
DA:31,0
DA:32,0
DA:37,0
DA:38,0
DA:42,0
DA:43,0
DA:49,0
LF:16
LH:0
BRDA:2,0,0,0
BRDA:2,0,1,0
BRDA:2,1,0,0
BRDA:2,1,1,0
BRDA:4,2,0,0
BRDA:4,2,1,0
BRDA:37,3,0,0
BRDA:37,3,1,0
BRDA:42,4,0,0
BRDA:42,4,1,0
BRF:10
BRH:0
end_of_record
TN:
SF:/Volumes/Workspace/dev/zoidberg/src/script/components/EpdControls.js
FN:19,(anonymous_0)
FN:26,(anonymous_1)
FN:51,(anonymous_2)
FN:60,(anonymous_3)
FN:68,(anonymous_4)
FN:95,(anonymous_5)
FN:98,(anonymous_6)
FN:115,(anonymous_7)
FN:124,(anonymous_8)
FN:134,(anonymous_9)
FN:145,(anonymous_10)
FN:149,(anonymous_11)
FN:153,(anonymous_12)
FN:165,(anonymous_13)
FN:202,(anonymous_14)
FN:207,(anonymous_15)
FN:211,(anonymous_16)
FN:241,(anonymous_17)
FN:250,(anonymous_18)
FN:255,(anonymous_19)
FN:262,(anonymous_20)
FN:271,(anonymous_21)
FN:278,(anonymous_22)
FN:299,(anonymous_23)
FN:305,(anonymous_24)
FNF:25
FNH:4
FNDA:1,(anonymous_0)
FNDA:0,(anonymous_1)
FNDA:0,(anonymous_2)
FNDA:0,(anonymous_3)
FNDA:0,(anonymous_4)
FNDA:1,(anonymous_5)
FNDA:0,(anonymous_6)
FNDA:0,(anonymous_7)
FNDA:0,(anonymous_8)
FNDA:0,(anonymous_9)
FNDA:0,(anonymous_10)
FNDA:0,(anonymous_11)
FNDA:1,(anonymous_12)
FNDA:1,(anonymous_13)
FNDA:0,(anonymous_14)
FNDA:0,(anonymous_15)
FNDA:0,(anonymous_16)
FNDA:0,(anonymous_17)
FNDA:0,(anonymous_18)
FNDA:0,(anonymous_19)
FNDA:0,(anonymous_20)
FNDA:0,(anonymous_21)
FNDA:0,(anonymous_22)
FNDA:0,(anonymous_23)
FNDA:0,(anonymous_24)
DA:13,3
DA:14,0
DA:20,1
DA:22,1
DA:23,1
DA:26,1
DA:28,1
DA:29,1
DA:30,1
DA:31,1
DA:33,1
DA:40,1
DA:43,1
DA:44,1
DA:45,1
DA:46,1
DA:47,1
DA:53,0
DA:54,0
DA:57,0
DA:58,0
DA:59,0
DA:60,0
DA:61,0
DA:63,0
DA:66,0
DA:67,0
DA:68,0
DA:69,0
DA:75,0
DA:76,0
DA:77,0
DA:80,0
DA:81,0
DA:83,0
DA:84,0
DA:85,0
DA:88,0
DA:89,0
DA:90,0
DA:97,1
DA:98,1
DA:99,0
DA:100,0
DA:101,0
DA:102,0
DA:104,0
DA:105,0
DA:106,0
DA:112,0
DA:115,1
DA:116,0
DA:117,0
DA:124,1
DA:125,0
DA:126,0
DA:127,0
DA:128,0
DA:129,0
DA:130,0
DA:134,1
DA:135,0
DA:136,0
DA:137,0
DA:138,0
DA:139,0
DA:140,0
DA:154,1
DA:155,1
DA:156,1
DA:157,1
DA:159,1
DA:160,0
DA:162,1
DA:163,1
DA:165,1
DA:203,0
DA:204,0
DA:208,0
DA:213,0
DA:214,0
DA:216,0
DA:220,0
DA:221,0
DA:224,0
DA:225,0
DA:228,0
DA:229,0
DA:234,0
DA:235,0
DA:236,0
DA:242,0
DA:243,0
DA:245,0
DA:246,0
DA:247,0
DA:248,0
DA:249,0
DA:250,0
DA:251,0
DA:254,0
DA:255,0
DA:256,0
DA:263,0
DA:264,0
DA:266,0
DA:267,0
DA:268,0
DA:269,0
DA:270,0
DA:271,0
DA:272,0
DA:279,0
DA:286,0
DA:289,0
DA:291,0
DA:292,0
DA:295,0
DA:300,0
DA:301,0
DA:306,0
DA:308,0
DA:309,0
DA:310,0
DA:311,0
DA:313,0
DA:315,0
DA:316,0
DA:317,0
DA:319,0
DA:320,0
DA:322,0
LF:132
LH:29
BRDA:13,0,0,0
BRDA:13,0,1,3
BRDA:29,1,0,0
BRDA:29,1,1,1
BRDA:30,2,0,0
BRDA:30,2,1,1
BRDA:31,3,0,0
BRDA:31,3,1,1
BRDA:53,4,0,0
BRDA:53,4,1,0
BRDA:57,5,0,0
BRDA:57,5,1,0
BRDA:57,6,0,0
BRDA:57,6,1,0
BRDA:66,7,0,0
BRDA:66,7,1,0
BRDA:75,8,0,0
BRDA:75,8,1,0
BRDA:83,9,0,0
BRDA:83,9,1,0
BRDA:88,10,0,0
BRDA:88,10,1,0
BRDA:88,11,0,0
BRDA:88,11,1,0
BRDA:99,12,0,0
BRDA:99,12,1,0
BRDA:105,13,0,0
BRDA:105,13,1,0
BRDA:105,14,0,0
BRDA:105,14,1,0
BRDA:116,15,0,0
BRDA:116,15,1,0
BRDA:125,16,0,0
BRDA:125,16,1,0
BRDA:127,17,0,0
BRDA:127,17,1,0
BRDA:127,17,2,0
BRDA:135,18,0,0
BRDA:135,18,1,0
BRDA:137,19,0,0
BRDA:137,19,1,0
BRDA:137,19,2,0
BRDA:156,20,0,0
BRDA:156,20,1,1
BRDA:159,21,0,0
BRDA:159,21,1,1
BRDA:159,22,0,1
BRDA:159,22,1,1
BRDA:162,23,0,0
BRDA:162,23,1,1
BRDA:162,24,0,1
BRDA:162,24,1,1
BRDA:162,24,2,0
BRDA:165,25,0,0
BRDA:165,25,1,1
BRDA:166,26,0,0
BRDA:166,26,1,1
BRDA:166,27,0,0
BRDA:166,27,1,1
BRDA:168,28,0,0
BRDA:168,28,1,1
BRDA:168,29,0,1
BRDA:168,29,1,0
BRDA:168,29,2,0
BRDA:168,29,3,1
BRDA:168,29,4,0
BRDA:169,30,0,0
BRDA:169,30,1,0
BRDA:170,31,0,0
BRDA:170,31,1,0
BRDA:170,32,0,0
BRDA:170,32,1,0
BRDA:170,32,2,0
BRDA:170,32,3,0
BRDA:183,33,0,0
BRDA:183,33,1,1
BRDA:184,34,0,1
BRDA:184,34,1,0
BRDA:186,35,0,1
BRDA:186,35,1,0
BRDA:192,36,0,1
BRDA:192,36,1,0
BRDA:194,37,0,1
BRDA:194,37,1,0
BRDA:216,38,0,0
BRDA:216,38,1,0
BRDA:220,39,0,0
BRDA:220,39,1,0
BRDA:224,40,0,0
BRDA:224,40,1,0
BRDA:224,41,0,0
BRDA:224,41,1,0
BRDA:225,42,0,0
BRDA:225,42,1,0
BRDA:228,43,0,0
BRDA:228,43,1,0
BRDA:242,44,0,0
BRDA:242,44,1,0
BRDA:247,45,0,0
BRDA:247,45,1,0
BRDA:249,46,0,0
BRDA:249,46,1,0
BRDA:254,47,0,0
BRDA:254,47,1,0
BRDA:263,48,0,0
BRDA:263,48,1,0
BRDA:268,49,0,0
BRDA:268,49,1,0
BRDA:270,50,0,0
BRDA:270,50,1,0
BRDA:291,51,0,0
BRDA:291,51,1,0
BRDA:301,52,0,0
BRDA:301,52,1,0
BRDA:301,53,0,0
BRDA:301,53,1,0
BRDA:301,54,0,0
BRDA:301,54,1,0
BRDA:301,55,0,0
BRDA:301,55,1,0
BRDA:308,56,0,0
BRDA:308,56,1,0
BRDA:310,57,0,0
BRDA:310,57,1,0
BRDA:311,58,0,0
BRDA:311,58,1,0
BRDA:313,59,0,0
BRDA:313,59,1,0
BRDA:315,60,0,0
BRDA:315,60,1,0
BRDA:317,61,0,0
BRDA:317,61,1,0
BRDA:319,62,0,0
BRDA:319,62,1,0
BRF:134
BRH:22
end_of_record
TN:
SF:/Volumes/Workspace/dev/zoidberg/src/script/components/EpdHome.js
FN:28,(anonymous_0)
FN:39,(anonymous_1)
FN:40,(anonymous_2)
FN:41,(anonymous_3)
FN:45,(anonymous_4)
FN:72,(anonymous_5)
FN:78,(anonymous_6)
FN:105,(anonymous_7)
FN:130,(anonymous_8)
FN:134,(anonymous_9)
FN:152,(anonymous_10)
FN:187,(anonymous_11)
FN:188,(anonymous_12)
FN:200,(anonymous_13)
FN:207,(anonymous_14)
FN:213,(anonymous_15)
FNF:16
FNH:0
FNDA:0,(anonymous_0)
FNDA:0,(anonymous_1)
FNDA:0,(anonymous_2)
FNDA:0,(anonymous_3)
FNDA:0,(anonymous_4)
FNDA:0,(anonymous_5)
FNDA:0,(anonymous_6)
FNDA:0,(anonymous_7)
FNDA:0,(anonymous_8)
FNDA:0,(anonymous_9)
FNDA:0,(anonymous_10)
FNDA:0,(anonymous_11)
FNDA:0,(anonymous_12)
FNDA:0,(anonymous_13)
FNDA:0,(anonymous_14)
FNDA:0,(anonymous_15)
DA:21,1
DA:22,0
DA:23,1
DA:29,0
DA:31,0
DA:40,0
DA:41,0
DA:42,0
DA:46,0
DA:47,0
DA:49,0
DA:50,0
DA:58,0
DA:66,0
DA:67,0
DA:77,0
DA:78,0
DA:80,0
DA:81,0
DA:82,0
DA:86,0
DA:89,0
DA:93,0
DA:98,0
DA:99,0
DA:105,0
DA:106,0
DA:107,0
DA:109,0
DA:110,0
DA:115,0
DA:133,0
DA:134,0
DA:135,0
DA:136,0
DA:137,0
DA:140,0
DA:143,0
DA:147,0
DA:153,0
DA:154,0
DA:157,0
DA:158,0
DA:162,0
DA:163,0
DA:169,0
DA:170,0
DA:173,0
DA:174,0
DA:175,0
DA:177,0
DA:179,0
DA:180,0
DA:181,0
DA:187,0
DA:193,0
DA:200,0
DA:208,0
DA:214,0
DA:215,0
DA:216,0
LF:61
LH:2
BRDA:21,0,0,0
BRDA:21,0,1,1
BRDA:49,1,0,0
BRDA:49,1,1,0
BRDA:49,2,0,0
BRDA:49,2,1,0
BRDA:49,3,0,0
BRDA:49,3,1,0
BRDA:49,3,2,0
BRDA:66,4,0,0
BRDA:66,4,1,0
BRDA:80,5,0,0
BRDA:80,5,1,0
BRDA:80,6,0,0
BRDA:80,6,1,0
BRDA:98,7,0,0
BRDA:98,7,1,0
BRDA:98,8,0,0
BRDA:98,8,1,0
BRDA:98,8,2,0
BRDA:98,8,3,0
BRDA:106,9,0,0
BRDA:106,9,1,0
BRDA:106,10,0,0
BRDA:106,10,1,0
BRDA:106,10,2,0
BRDA:135,11,0,0
BRDA:135,11,1,0
BRDA:153,12,0,0
BRDA:153,12,1,0
BRDA:157,13,0,0
BRDA:157,13,1,0
BRDA:162,14,0,0
BRDA:162,14,1,0
BRDA:169,15,0,0
BRDA:169,15,1,0
BRDA:169,16,0,0
BRDA:169,16,1,0
BRDA:170,17,0,0
BRDA:170,17,1,0
BRDA:170,18,0,0
BRDA:170,18,1,0
BRDA:174,19,0,0
BRDA:174,19,1,0
BRDA:179,20,0,0
BRDA:179,20,1,0
BRDA:179,21,0,0
BRDA:179,21,1,0
BRDA:195,22,0,0
BRDA:195,22,1,0
BRDA:195,23,0,0
BRDA:195,23,1,0
BRDA:195,23,2,0
BRF:53
BRH:1
end_of_record
TN:
SF:/Volumes/Workspace/dev/zoidberg/src/script/components/EpdHomeOffline.js
FN:13,(anonymous_0)
FN:18,(anonymous_1)
FNF:2
FNH:0
FNDA:0,(anonymous_0)
FNDA:0,(anonymous_1)
DA:14,0
DA:19,0
DA:20,0
DA:23,0
LF:4
LH:0
BRDA:19,0,0,0
BRDA:19,0,1,0
BRF:2
BRH:0
end_of_record
TN:
SF:/Volumes/Workspace/dev/zoidberg/src/script/components/EpdUpgrade.js
FN:17,(anonymous_0)
FN:46,(anonymous_1)
FN:72,(anonymous_2)
FN:82,(anonymous_3)
FN:94,(anonymous_4)
FN:103,(anonymous_5)
FN:108,(anonymous_6)
FN:116,(anonymous_7)
FN:121,(anonymous_8)
FN:125,(anonymous_9)
FN:132,(anonymous_10)
FN:137,(anonymous_11)
FN:150,(anonymous_12)
FN:160,(anonymous_13)
FN:162,(anonymous_14)
FN:173,(anonymous_15)
FN:179,(anonymous_16)
FN:186,(anonymous_17)
FN:226,(anonymous_18)
FN:259,(anonymous_19)
FNF:20
FNH:0
FNDA:0,(anonymous_0)
FNDA:0,(anonymous_1)
FNDA:0,(anonymous_2)
FNDA:0,(anonymous_3)
FNDA:0,(anonymous_4)
FNDA:0,(anonymous_5)
FNDA:0,(anonymous_6)
FNDA:0,(anonymous_7)
FNDA:0,(anonymous_8)
FNDA:0,(anonymous_9)
FNDA:0,(anonymous_10)
FNDA:0,(anonymous_11)
FNDA:0,(anonymous_12)
FNDA:0,(anonymous_13)
FNDA:0,(anonymous_14)
FNDA:0,(anonymous_15)
FNDA:0,(anonymous_16)
FNDA:0,(anonymous_17)
FNDA:0,(anonymous_18)
FNDA:0,(anonymous_19)
DA:7,1
DA:8,0
DA:9,1
DA:11,1
DA:18,0
DA:21,0
DA:31,0
DA:32,0
DA:33,0
DA:34,0
DA:35,0
DA:36,0
DA:37,0
DA:38,0
DA:39,0
DA:40,0
DA:41,0
DA:42,0
DA:47,0
DA:54,0
DA:55,0
DA:56,0
DA:58,0
DA:59,0
DA:60,0
DA:62,0
DA:63,0
DA:64,0
DA:66,0
DA:67,0
DA:68,0
DA:74,0
DA:75,0
DA:76,0
DA:77,0
DA:83,0
DA:84,0
DA:85,0
DA:86,0
DA:89,0
DA:90,0
DA:95,0
DA:96,0
DA:97,0
DA:98,0
DA:104,0
DA:105,0
DA:109,0
DA:110,0
DA:111,0
DA:112,0
DA:113,0
DA:117,0
DA:118,0
DA:122,0
DA:126,0
DA:127,0
DA:128,0
DA:129,0
DA:134,0
DA:138,0
DA:139,0
DA:140,0
DA:141,0
DA:142,0
DA:143,0
DA:145,0
DA:146,0
DA:151,0
DA:152,0
DA:153,0
DA:154,0
DA:155,0
DA:156,0
DA:161,0
DA:162,0
DA:163,0
DA:164,0
DA:167,0
DA:168,0
DA:169,0
DA:174,0
DA:175,0
DA:180,0
DA:181,0
DA:182,0
DA:183,0
DA:187,0
DA:188,0
DA:189,0
DA:190,0
DA:191,0
DA:194,0
DA:195,0
DA:196,0
DA:197,0
DA:201,0
DA:202,0
DA:205,0
DA:206,0
DA:209,0
DA:210,0
DA:213,0
DA:226,0
DA:261,0
LF:105
LH:3
BRDA:7,0,0,0
BRDA:7,0,1,1
BRDA:74,1,0,0
BRDA:74,1,1,0
BRDA:74,2,0,0
BRDA:74,2,1,0
BRDA:75,3,0,0
BRDA:75,3,1,0
BRDA:84,4,0,0
BRDA:84,4,1,0
BRDA:89,5,0,0
BRDA:89,5,1,0
BRDA:96,6,0,0
BRDA:96,6,1,0
BRDA:142,7,0,0
BRDA:142,7,1,0
BRDA:145,8,0,0
BRDA:145,8,1,0
BRDA:151,9,0,0
BRDA:151,9,1,0
BRDA:161,10,0,0
BRDA:161,10,1,0
BRDA:163,11,0,0
BRDA:163,11,1,0
BRDA:167,12,0,0
BRDA:167,12,1,0
BRDA:174,13,0,0
BRDA:174,13,1,0
BRDA:194,14,0,0
BRDA:194,14,1,0
BRDA:196,15,0,0
BRDA:196,15,1,0
BRDA:201,16,0,0
BRDA:201,16,1,0
BRDA:205,17,0,0
BRDA:205,17,1,0
BRDA:209,18,0,0
BRDA:209,18,1,0
BRDA:221,19,0,0
BRDA:221,19,1,0
BRDA:223,20,0,0
BRDA:223,20,1,0
BRDA:223,21,0,0
BRDA:223,21,1,0
BRDA:224,22,0,0
BRDA:224,22,1,0
BRDA:229,23,0,0
BRDA:229,23,1,0
BRDA:231,24,0,0
BRDA:231,24,1,0
BRDA:235,25,0,0
BRDA:235,25,1,0
BRDA:235,26,0,0
BRDA:235,26,1,0
BRDA:240,27,0,0
BRDA:240,27,1,0
BRDA:246,28,0,0
BRDA:246,28,1,0
BRF:58
BRH:1
end_of_record
TN:
SF:/Volumes/Workspace/dev/zoidberg/src/script/components/ExploreFavCategories.js
FN:19,(anonymous_0)
FN:47,(anonymous_1)
FN:60,(anonymous_2)
FN:69,(anonymous_3)
FN:71,(anonymous_4)
FN:75,(anonymous_5)
FN:79,(anonymous_6)
FN:80,(anonymous_7)
FN:96,(anonymous_8)
FN:104,(anonymous_9)
FN:110,(anonymous_10)
FN:133,(anonymous_11)
FN:143,(anonymous_12)
FNF:13
FNH:6
FNDA:2,(anonymous_0)
FNDA:0,(anonymous_1)
FNDA:0,(anonymous_2)
FNDA:2,(anonymous_3)
FNDA:0,(anonymous_4)
FNDA:1,(anonymous_5)
FNDA:5,(anonymous_6)
FNDA:2,(anonymous_7)
FNDA:0,(anonymous_8)
FNDA:0,(anonymous_9)
FNDA:0,(anonymous_10)
FNDA:2,(anonymous_11)
FNDA:0,(anonymous_12)
DA:14,3
DA:15,0
DA:16,3
DA:17,0
DA:20,2
DA:21,2
DA:24,2
DA:25,2
DA:28,2
DA:29,2
DA:33,2
DA:34,2
DA:35,2
DA:36,2
DA:37,2
DA:43,2
DA:44,2
DA:48,0
DA:49,0
DA:50,0
DA:51,0
DA:55,0
DA:56,0
DA:57,0
DA:61,0
DA:62,0
DA:63,0
DA:64,0
DA:70,2
DA:71,2
DA:72,2
DA:76,1
DA:80,5
DA:81,2
DA:82,2
DA:83,2
DA:85,0
DA:86,0
DA:87,0
DA:88,0
DA:90,0
DA:91,0
DA:97,0
DA:98,0
DA:100,0
DA:105,0
DA:106,0
DA:107,0
DA:111,0
DA:112,0
DA:113,0
DA:114,0
DA:115,0
DA:116,0
DA:117,0
DA:120,0
DA:121,0
DA:134,2
DA:135,2
DA:136,2
DA:137,2
DA:139,2
DA:140,0
DA:141,0
DA:143,0
DA:144,0
DA:145,0
DA:146,0
DA:147,0
DA:148,0
DA:151,0
DA:153,0
DA:154,0
DA:157,0
DA:160,2
DA:169,2
DA:170,0
DA:178,2
LF:78
LH:31
BRDA:14,0,0,0
BRDA:14,0,1,3
BRDA:16,1,0,0
BRDA:16,1,1,3
BRDA:28,2,0,2
BRDA:28,2,1,2
BRDA:35,3,0,0
BRDA:35,3,1,2
BRDA:44,4,0,0
BRDA:44,4,1,2
BRDA:48,5,0,0
BRDA:48,5,1,0
BRDA:61,6,0,0
BRDA:61,6,1,0
BRDA:61,7,0,0
BRDA:61,7,1,0
BRDA:63,8,0,0
BRDA:63,8,1,0
BRDA:63,9,0,0
BRDA:63,9,1,0
BRDA:81,10,0,2
BRDA:81,10,1,0
BRDA:85,11,0,0
BRDA:85,11,1,0
BRDA:85,12,0,0
BRDA:85,12,1,0
BRDA:86,13,0,0
BRDA:86,13,1,0
BRDA:87,14,0,0
BRDA:87,14,1,0
BRDA:97,15,0,0
BRDA:97,15,1,0
BRDA:114,16,0,0
BRDA:114,16,1,0
BRDA:115,17,0,0
BRDA:115,17,1,0
BRDA:116,18,0,0
BRDA:116,18,1,0
BRDA:116,19,0,0
BRDA:116,19,1,0
BRDA:120,20,0,0
BRDA:120,20,1,0
BRDA:134,21,0,0
BRDA:134,21,1,2
BRDA:139,22,0,0
BRDA:139,22,1,2
BRDA:139,23,0,2
BRDA:139,23,1,0
BRDA:169,24,0,0
BRDA:169,24,1,2
BRDA:169,25,0,2
BRDA:169,25,1,2
BRDA:169,25,2,0
BRDA:181,26,0,0
BRDA:181,26,1,2
BRDA:181,27,0,2
BRDA:181,27,1,0
BRDA:182,28,0,0
BRDA:182,28,1,2
BRDA:182,29,0,2
BRDA:182,29,1,0
BRDA:185,30,0,2
BRDA:185,30,1,0
BRDA:185,30,2,0
BRDA:188,31,0,2
BRDA:188,31,1,0
BRF:66
BRH:19
end_of_record
TN:
SF:/Volumes/Workspace/dev/zoidberg/src/script/components/F1Recommendations.js
FN:12,(anonymous_0)
FN:23,(anonymous_1)
FNF:2
FNH:2
FNDA:1,(anonymous_0)
FNDA:1,(anonymous_1)
DA:13,1
DA:16,1
DA:24,1
DA:25,1
DA:27,1
DA:28,1
DA:29,1
DA:33,1
DA:34,1
DA:37,0
DA:38,0
DA:45,0
LF:12
LH:9
BRDA:27,0,0,1
BRDA:27,0,1,0
BRDA:27,1,0,1
BRDA:27,1,1,1
BRDA:33,2,0,1
BRDA:33,2,1,0
BRDA:33,3,0,1
BRDA:33,3,1,1
BRDA:33,3,2,1
BRDA:37,4,0,0
BRDA:37,4,1,0
BRDA:37,5,0,0
BRDA:37,5,1,0
BRF:13
BRH:7
end_of_record
TN:
SF:/Volumes/Workspace/dev/zoidberg/src/script/components/F2Pods.js
FN:26,(anonymous_0)
FN:46,(anonymous_1)
FN:52,(anonymous_2)
FN:53,(anonymous_3)
FN:56,(anonymous_4)
FN:84,(anonymous_5)
FN:105,(anonymous_6)
FN:133,(anonymous_7)
FN:156,(anonymous_8)
FN:175,(anonymous_9)
FN:190,(anonymous_10)
FN:192,(anonymous_11)
FN:193,(anonymous_12)
FNF:13
FNH:8
FNDA:2,(anonymous_0)
FNDA:2,(anonymous_1)
FNDA:2,(anonymous_2)
FNDA:0,(anonymous_3)
FNDA:21,(anonymous_4)
FNDA:0,(anonymous_5)
FNDA:2,(anonymous_6)
FNDA:0,(anonymous_7)
FNDA:0,(anonymous_8)
FNDA:0,(anonymous_9)
FNDA:2,(anonymous_10)
FNDA:21,(anonymous_11)
FNDA:17,(anonymous_12)
DA:13,3
DA:14,0
DA:15,0
DA:18,3
DA:19,0
DA:27,2
DA:30,2
DA:39,2
DA:41,2
DA:42,2
DA:43,2
DA:47,2
DA:48,2
DA:53,2
DA:57,21
DA:58,21
DA:59,21
DA:60,21
DA:61,21
DA:62,3
DA:63,18
DA:64,3
DA:66,4
DA:68,4
DA:72,21
DA:73,21
DA:74,21
DA:75,21
DA:80,21
DA:82,21
DA:84,0
DA:85,0
DA:88,0
DA:90,21
DA:92,0
DA:94,1
DA:96,1
DA:98,1
DA:100,18
DA:106,2
DA:107,2
DA:108,2
DA:109,2
DA:110,1
DA:111,1
DA:113,2
DA:117,2
DA:118,0
DA:121,2
DA:123,2
DA:124,2
DA:125,2
DA:134,0
DA:135,0
DA:136,0
DA:137,0
DA:139,0
DA:142,0
DA:148,0
DA:149,0
DA:150,0
DA:151,0
DA:157,0
DA:158,0
DA:160,0
DA:161,0
DA:165,0
DA:172,0
DA:178,0
DA:179,0
DA:183,0
DA:184,0
DA:185,0
DA:186,0
DA:191,2
DA:192,21
DA:194,17
DA:202,2
DA:203,1
DA:204,1
DA:206,0
LF:81
LH:50
BRDA:13,0,0,0
BRDA:13,0,1,3
BRDA:18,1,0,0
BRDA:18,1,1,3
BRDA:39,2,0,2
BRDA:39,2,1,2
BRDA:47,3,0,2
BRDA:47,3,1,0
BRDA:60,4,0,21
BRDA:60,4,1,0
BRDA:61,5,0,3
BRDA:61,5,1,18
BRDA:61,6,0,21
BRDA:61,6,1,3
BRDA:63,7,0,3
BRDA:63,7,1,15
BRDA:63,8,0,18
BRDA:63,8,1,3
BRDA:74,9,0,21
BRDA:74,9,1,0
BRDA:76,10,0,3
BRDA:76,10,1,18
BRDA:77,11,0,17
BRDA:77,11,1,4
BRDA:77,12,0,17
BRDA:77,12,1,17
BRDA:82,13,0,0
BRDA:82,13,1,21
BRDA:82,14,0,21
BRDA:82,14,1,21
BRDA:90,15,0,0
BRDA:90,15,1,1
BRDA:90,15,2,1
BRDA:90,15,3,1
BRDA:90,15,4,18
BRDA:109,16,0,1
BRDA:109,16,1,1
BRDA:109,17,0,2
BRDA:109,17,1,2
BRDA:117,18,0,0
BRDA:117,18,1,2
BRDA:117,19,0,2
BRDA:117,19,1,1
BRDA:117,19,2,1
BRDA:124,20,0,2
BRDA:124,20,1,2
BRDA:125,21,0,1
BRDA:125,21,1,1
BRDA:125,22,0,0
BRDA:125,22,1,2
BRDA:125,23,0,1
BRDA:125,23,1,1
BRDA:135,24,0,0
BRDA:135,24,1,0
BRDA:136,25,0,0
BRDA:136,25,1,0
BRDA:139,26,0,0
BRDA:139,26,1,0
BRDA:148,27,0,0
BRDA:148,27,1,0
BRDA:148,28,0,0
BRDA:148,28,1,0
BRDA:150,29,0,0
BRDA:150,29,1,0
BRDA:157,30,0,0
BRDA:157,30,1,0
BRDA:178,31,0,0
BRDA:178,31,1,0
BRDA:184,32,0,0
BRDA:184,32,1,0
BRDA:184,33,0,0
BRDA:184,33,1,0
BRDA:195,34,0,3
BRDA:195,34,1,14
BRDA:197,35,0,3
BRDA:197,35,1,11
BRDA:202,36,0,1
BRDA:202,36,1,1
BRF:78
BRH:49
end_of_record
TN:
SF:/Volumes/Workspace/dev/zoidberg/src/script/components/F3Links.js
FN:19,(anonymous_0)
FN:35,(anonymous_1)
FN:53,(anonymous_2)
FN:64,(anonymous_3)
FN:69,(anonymous_4)
FN:81,(anonymous_5)
FN:112,(anonymous_6)
FN:121,(anonymous_7)
FN:137,(anonymous_8)
FN:158,(anonymous_9)
FN:191,(anonymous_10)
FNF:11
FNH:7
FNDA:2,(anonymous_0)
FNDA:9,(anonymous_1)
FNDA:0,(anonymous_2)
FNDA:2,(anonymous_3)
FNDA:0,(anonymous_4)
FNDA:2,(anonymous_5)
FNDA:1,(anonymous_6)
FNDA:0,(anonymous_7)
FNDA:12,(anonymous_8)
FNDA:1,(anonymous_9)
FNDA:0,(anonymous_10)
DA:11,6
DA:12,0
DA:13,6
DA:14,0
DA:20,2
DA:23,2
DA:31,2
DA:36,9
DA:38,9
DA:39,9
DA:40,7
DA:42,9
DA:43,0
DA:48,9
DA:49,0
DA:52,9
DA:53,0
DA:66,2
DA:71,0
DA:72,0
DA:73,0
DA:75,0
DA:76,0
DA:82,2
DA:83,2
DA:84,2
DA:85,2
DA:89,2
DA:90,0
DA:91,0
DA:95,2
DA:96,1
DA:100,1
DA:103,1
DA:104,1
DA:105,1
DA:108,1
DA:109,1
DA:112,1
DA:122,0
DA:138,12
DA:139,6
DA:142,6
DA:143,0
DA:146,6
DA:147,6
DA:148,0
DA:149,0
DA:150,0
DA:163,1
DA:164,1
DA:165,0
DA:170,1
DA:171,1
DA:172,6
DA:173,6
DA:174,0
DA:177,6
DA:178,0
DA:183,1
DA:184,1
DA:187,0
DA:192,0
DA:195,0
DA:200,0
DA:202,0
DA:203,0
DA:204,0
DA:206,0
DA:208,0
DA:210,0
DA:211,0
DA:212,0
DA:214,0
DA:215,0
DA:216,0
DA:217,0
DA:219,0
DA:221,0
DA:223,0
LF:80
LH:41
BRDA:11,0,0,0
BRDA:11,0,1,6
BRDA:13,1,0,0
BRDA:13,1,1,6
BRDA:36,2,0,0
BRDA:36,2,1,9
BRDA:36,3,0,9
BRDA:36,3,1,0
BRDA:39,4,0,7
BRDA:39,4,1,2
BRDA:42,5,0,0
BRDA:42,5,1,9
BRDA:48,6,0,0
BRDA:48,6,1,9
BRDA:54,7,0,9
BRDA:54,7,1,9
BRDA:72,8,0,0
BRDA:72,8,1,0
BRDA:72,9,0,0
BRDA:72,9,1,0
BRDA:72,9,2,0
BRDA:75,10,0,0
BRDA:75,10,1,0
BRDA:75,11,0,0
BRDA:75,11,1,0
BRDA:89,12,0,0
BRDA:89,12,1,2
BRDA:95,13,0,1
BRDA:95,13,1,1
BRDA:95,14,0,2
BRDA:95,14,1,2
BRDA:95,14,2,2
BRDA:95,14,3,2
BRDA:103,15,0,1
BRDA:103,15,1,0
BRDA:112,16,0,0
BRDA:112,16,1,1
BRDA:112,17,0,0
BRDA:112,17,1,1
BRDA:138,18,0,6
BRDA:138,18,1,6
BRDA:142,19,0,0
BRDA:142,19,1,6
BRDA:142,20,0,6
BRDA:142,20,1,6
BRDA:146,21,0,6
BRDA:146,21,1,6
BRDA:149,22,0,0
BRDA:149,22,1,0
BRDA:164,23,0,0
BRDA:164,23,1,1
BRDA:173,24,0,0
BRDA:173,24,1,6
BRDA:173,25,0,6
BRDA:173,25,1,6
BRDA:177,26,0,0
BRDA:177,26,1,6
BRDA:183,27,0,1
BRDA:183,27,1,0
BRDA:200,28,0,0
BRDA:200,28,1,0
BRDA:200,28,2,0
BRDA:200,28,3,0
BRDA:203,29,0,0
BRDA:203,29,1,0
BRF:65
BRH:33
end_of_record
TN:
SF:/Volumes/Workspace/dev/zoidberg/src/script/components/F4Lists.js
FN:15,(anonymous_0)
FN:35,(anonymous_1)
FN:40,(anonymous_2)
FN:67,(anonymous_3)
FN:86,(anonymous_4)
FN:87,(anonymous_5)
FNF:6
FNH:5
FNDA:2,(anonymous_0)
FNDA:2,(anonymous_1)
FNDA:0,(anonymous_2)
FNDA:2,(anonymous_3)
FNDA:2,(anonymous_4)
FNDA:8,(anonymous_5)
DA:16,2
DA:18,2
DA:21,2
DA:22,2
DA:24,2
DA:27,2
DA:28,0
DA:31,2
DA:40,2
DA:41,0
DA:42,0
DA:44,0
DA:45,0
DA:47,0
DA:48,0
DA:52,2
DA:53,2
DA:54,2
DA:55,0
DA:57,2
DA:62,0
DA:68,2
DA:69,2
DA:70,2
DA:71,2
DA:72,2
DA:73,2
DA:77,2
DA:78,0
DA:82,2
DA:83,1
DA:86,2
DA:88,8
LF:33
LH:23
BRDA:18,0,0,2
BRDA:18,0,1,2
BRDA:27,1,0,0
BRDA:27,1,1,2
BRDA:27,2,0,2
BRDA:27,2,1,0
BRDA:44,3,0,0
BRDA:44,3,1,0
BRDA:47,4,0,0
BRDA:47,4,1,0
BRDA:52,5,0,2
BRDA:52,5,1,0
BRDA:54,6,0,0
BRDA:54,6,1,2
BRDA:54,7,0,2
BRDA:54,7,1,2
BRDA:70,8,0,2
BRDA:70,8,1,2
BRDA:70,8,2,2
BRDA:71,9,0,2
BRDA:71,9,1,0
BRDA:71,10,0,2
BRDA:71,10,1,2
BRDA:77,11,0,0
BRDA:77,11,1,2
BRDA:77,12,0,2
BRDA:77,12,1,2
BRDA:77,12,2,2
BRDA:82,13,0,1
BRDA:82,13,1,1
BRDA:82,14,0,2
BRDA:82,14,1,2
BRDA:83,15,0,1
BRDA:83,15,1,0
BRDA:88,16,0,0
BRDA:88,16,1,8
BRDA:96,17,0,0
BRDA:96,17,1,8
BRDA:96,18,0,8
BRDA:96,18,1,8
BRDA:96,18,2,8
BRF:41
BRH:28
end_of_record
TN:
SF:/Volumes/Workspace/dev/zoidberg/src/script/components/F5Lols.js
FN:8,_interopRequireDefault
FN:17,(anonymous_1)
FN:29,(anonymous_2)
FN:34,(anonymous_3)
FN:39,(anonymous_4)
FN:45,(anonymous_5)
FN:55,(anonymous_6)
FN:61,(anonymous_7)
FN:76,(anonymous_8)
FN:99,(anonymous_9)
FN:116,(anonymous_10)
FN:124,(anonymous_11)
FNF:12
FNH:0
FNDA:0,_interopRequireDefault
FNDA:0,(anonymous_1)
FNDA:0,(anonymous_2)
FNDA:0,(anonymous_3)
FNDA:0,(anonymous_4)
FNDA:0,(anonymous_5)
FNDA:0,(anonymous_6)
FNDA:0,(anonymous_7)
FNDA:0,(anonymous_8)
FNDA:0,(anonymous_9)
FNDA:0,(anonymous_10)
FNDA:0,(anonymous_11)
DA:1,0
DA:8,0
DA:9,0
DA:10,0
DA:11,0
DA:12,0
DA:18,0
DA:21,0
DA:23,0
DA:30,0
DA:35,0
DA:41,0
DA:42,0
DA:43,0
DA:44,0
DA:45,0
DA:46,0
DA:47,0
DA:50,0
DA:56,0
DA:57,0
DA:59,0
DA:61,0
DA:77,0
DA:78,0
DA:79,0
DA:81,0
DA:82,0
DA:83,0
DA:86,0
DA:91,0
DA:92,0
DA:95,0
DA:96,0
DA:97,0
DA:98,0
DA:99,0
DA:100,0
DA:102,0
DA:119,0
DA:125,0
DA:131,0
DA:132,0
DA:136,0
LF:44
LH:0
BRDA:8,0,0,0
BRDA:8,0,1,0
BRDA:8,1,0,0
BRDA:8,1,1,0
BRDA:9,2,0,0
BRDA:9,2,1,0
BRDA:11,3,0,0
BRDA:11,3,1,0
BRDA:42,4,0,0
BRDA:42,4,1,0
BRDA:42,5,0,0
BRDA:42,5,1,0
BRDA:42,5,2,0
BRDA:46,6,0,0
BRDA:46,6,1,0
BRDA:64,7,0,0
BRDA:66,9,0,0
BRDA:66,9,1,0
BRDA:81,10,0,0
BRDA:81,10,1,0
BRDA:91,11,0,0
BRDA:91,11,1,0
BRDA:91,12,0,0
BRDA:91,12,1,0
BRDA:91,12,2,0
BRDA:102,13,0,0
BRDA:102,13,1,0
BRDA:102,14,0,0
BRDA:102,14,1,0
BRDA:124,15,0,0
BRDA:131,16,0,0
BRDA:131,16,1,0
BRF:32
BRH:0
end_of_record
TN:
SF:/Volumes/Workspace/dev/zoidberg/src/script/components/F6Component.js
FN:16,(anonymous_0)
FN:23,(anonymous_1)
FN:28,(anonymous_2)
FN:29,(anonymous_3)
FN:34,(anonymous_4)
FN:53,(anonymous_5)
FN:56,(anonymous_6)
FN:60,(anonymous_7)
FN:69,(anonymous_8)
FN:76,(anonymous_9)
FNF:10
FNH:5
FNDA:1,(anonymous_0)
FNDA:0,(anonymous_1)
FNDA:0,(anonymous_2)
FNDA:0,(anonymous_3)
FNDA:1,(anonymous_4)
FNDA:0,(anonymous_5)
FNDA:1,(anonymous_6)
FNDA:1,(anonymous_7)
FNDA:1,(anonymous_8)
FNDA:0,(anonymous_9)
DA:7,3
DA:8,0
DA:9,0
DA:10,0
DA:17,1
DA:18,1
DA:19,1
DA:23,1
DA:25,1
DA:26,0
DA:27,0
DA:28,0
DA:29,0
DA:35,1
DA:36,1
DA:37,1
DA:38,1
DA:41,1
DA:43,1
DA:53,0
DA:57,1
DA:58,1
DA:60,1
DA:69,1
DA:77,0
DA:83,0
LF:26
LH:16
BRDA:7,0,0,0
BRDA:7,0,1,3
BRDA:7,1,0,3
BRDA:7,1,1,3
BRDA:18,2,0,1
BRDA:18,2,1,1
BRDA:21,3,0,1
BRDA:21,3,1,1
BRDA:23,4,0,0
BRDA:23,4,1,0
BRDA:25,5,0,0
BRDA:25,5,1,1
BRDA:35,6,0,1
BRDA:35,6,1,0
BRDA:38,7,0,1
BRDA:38,7,1,0
BRDA:38,7,2,0
BRDA:41,8,0,0
BRDA:41,8,1,1
BRDA:41,9,0,1
BRDA:41,9,1,1
BRDA:45,10,0,1
BRDA:45,10,1,0
BRDA:58,11,0,1
BRDA:58,11,1,0
BRDA:60,12,0,0
BRDA:60,12,1,1
BRDA:61,13,0,1
BRDA:61,13,1,0
BRDA:76,14,0,0
BRF:30
BRH:17
end_of_record
TN:
SF:/Volumes/Workspace/dev/zoidberg/src/script/components/FavoriteCategories.js
FN:21,(anonymous_0)
FN:52,(anonymous_1)
FN:54,(anonymous_2)
FN:76,(anonymous_3)
FN:88,(anonymous_4)
FN:95,(anonymous_5)
FN:108,(anonymous_6)
FN:124,(anonymous_7)
FN:142,(anonymous_8)
FN:151,(anonymous_9)
FN:152,(anonymous_10)
FN:167,(anonymous_11)
FN:175,(anonymous_12)
FN:181,(anonymous_13)
FN:183,(anonymous_14)
FN:198,(anonymous_15)
FN:211,(anonymous_16)
FN:260,(anonymous_17)
FN:266,(anonymous_18)
FN:289,(anonymous_19)
FN:300,(anonymous_20)
FN:302,(anonymous_21)
FN:331,(anonymous_22)
FN:342,(anonymous_23)
FN:354,(anonymous_24)
FN:379,(anonymous_25)
FN:405,(anonymous_26)
FN:414,(anonymous_27)
FN:428,(anonymous_28)
FN:440,(anonymous_29)
FN:446,(anonymous_30)
FNF:31
FNH:0
FNDA:0,(anonymous_0)
FNDA:0,(anonymous_1)
FNDA:0,(anonymous_2)
FNDA:0,(anonymous_3)
FNDA:0,(anonymous_4)
FNDA:0,(anonymous_5)
FNDA:0,(anonymous_6)
FNDA:0,(anonymous_7)
FNDA:0,(anonymous_8)
FNDA:0,(anonymous_9)
FNDA:0,(anonymous_10)
FNDA:0,(anonymous_11)
FNDA:0,(anonymous_12)
FNDA:0,(anonymous_13)
FNDA:0,(anonymous_14)
FNDA:0,(anonymous_15)
FNDA:0,(anonymous_16)
FNDA:0,(anonymous_17)
FNDA:0,(anonymous_18)
FNDA:0,(anonymous_19)
FNDA:0,(anonymous_20)
FNDA:0,(anonymous_21)
FNDA:0,(anonymous_22)
FNDA:0,(anonymous_23)
FNDA:0,(anonymous_24)
FNDA:0,(anonymous_25)
FNDA:0,(anonymous_26)
FNDA:0,(anonymous_27)
FNDA:0,(anonymous_28)
FNDA:0,(anonymous_29)
FNDA:0,(anonymous_30)
DA:15,2
DA:16,2
DA:17,0
DA:22,0
DA:23,0
DA:24,0
DA:25,0
DA:26,0
DA:27,0
DA:28,0
DA:36,0
DA:37,0
DA:40,0
DA:42,0
DA:43,0
DA:44,0
DA:45,0
DA:46,0
DA:47,0
DA:48,0
DA:49,0
DA:54,0
DA:55,0
DA:57,0
DA:58,0
DA:61,0
DA:62,0
DA:65,0
DA:69,0
DA:70,0
DA:71,0
DA:72,0
DA:76,0
DA:77,0
DA:78,0
DA:79,0
DA:82,0
DA:83,0
DA:87,0
DA:88,0
DA:89,0
DA:90,0
DA:91,0
DA:95,0
DA:96,0
DA:97,0
DA:103,0
DA:104,0
DA:105,0
DA:106,0
DA:107,0
DA:108,0
DA:109,0
DA:113,0
DA:117,0
DA:119,0
DA:121,0
DA:125,0
DA:126,0
DA:129,0
DA:131,0
DA:132,0
DA:143,0
DA:144,0
DA:145,0
DA:146,0
DA:147,0
DA:152,0
DA:153,0
DA:154,0
DA:155,0
DA:156,0
DA:157,0
DA:158,0
DA:159,0
DA:160,0
DA:161,0
DA:168,0
DA:169,0
DA:170,0
DA:171,0
DA:176,0
DA:177,0
DA:178,0
DA:182,0
DA:183,0
DA:184,0
DA:185,0
DA:186,0
DA:187,0
DA:189,0
DA:190,0
DA:191,0
DA:193,0
DA:194,0
DA:199,0
DA:200,0
DA:201,0
DA:202,0
DA:207,0
DA:211,0
DA:212,0
DA:213,0
DA:214,0
DA:215,0
DA:216,0
DA:219,0
DA:220,0
DA:222,0
DA:223,0
DA:224,0
DA:225,0
DA:227,0
DA:234,0
DA:235,0
DA:236,0
DA:240,0
DA:241,0
DA:244,0
DA:245,0
DA:247,0
DA:248,0
DA:253,0
DA:254,0
DA:256,0
DA:258,0
DA:260,0
DA:261,0
DA:267,0
DA:290,0
DA:291,0
DA:292,0
DA:293,0
DA:294,0
DA:296,0
DA:301,0
DA:302,0
DA:303,0
DA:305,0
DA:306,0
DA:307,0
DA:309,0
DA:312,0
DA:313,0
DA:315,0
DA:318,0
DA:319,0
DA:320,0
DA:322,0
DA:323,0
DA:326,0
DA:328,0
DA:332,0
DA:333,0
DA:334,0
DA:336,0
DA:338,0
DA:343,0
DA:346,0
DA:347,0
DA:348,0
DA:350,0
DA:351,0
DA:352,0
DA:354,0
DA:355,0
DA:356,0
DA:357,0
DA:358,0
DA:359,0
DA:362,0
DA:364,0
DA:365,0
DA:368,0
DA:372,0
DA:373,0
DA:374,0
DA:375,0
DA:376,0
DA:378,0
DA:379,0
DA:405,0
DA:415,0
DA:429,0
DA:441,0
DA:446,0
LF:186
LH:2
BRDA:16,0,0,0
BRDA:16,0,1,2
BRDA:25,1,0,0
BRDA:25,1,1,0
BRDA:29,2,0,0
BRDA:29,2,1,0
BRDA:29,2,2,0
BRDA:37,3,0,0
BRDA:37,3,1,0
BRDA:37,3,2,0
BRDA:38,4,0,0
BRDA:38,4,1,0
BRDA:39,5,0,0
BRDA:39,5,1,0
BRDA:46,6,0,0
BRDA:46,6,1,0
BRDA:48,7,0,0
BRDA:48,7,1,0
BRDA:57,8,0,0
BRDA:57,8,1,0
BRDA:57,9,0,0
BRDA:57,9,1,0
BRDA:61,10,0,0
BRDA:61,10,1,0
BRDA:61,11,0,0
BRDA:61,11,1,0
BRDA:69,12,0,0
BRDA:69,12,1,0
BRDA:71,13,0,0
BRDA:71,13,1,0
BRDA:77,14,0,0
BRDA:77,14,1,0
BRDA:77,14,2,0
BRDA:78,15,0,0
BRDA:78,15,1,0
BRDA:82,16,0,0
BRDA:82,16,1,0
BRDA:89,17,0,0
BRDA:89,17,1,0
BRDA:103,18,0,0
BRDA:103,18,1,0
BRDA:125,19,0,0
BRDA:125,19,1,0
BRDA:125,20,0,0
BRDA:125,20,1,0
BRDA:131,21,0,0
BRDA:131,21,1,0
BRDA:131,22,0,0
BRDA:131,22,1,0
BRDA:143,23,0,0
BRDA:143,23,1,0
BRDA:143,24,0,0
BRDA:143,24,1,0
BRDA:143,24,2,0
BRDA:145,25,0,0
BRDA:145,25,1,0
BRDA:153,26,0,0
BRDA:153,26,1,0
BRDA:154,27,0,0
BRDA:154,27,1,0
BRDA:156,28,0,0
BRDA:156,28,1,0
BRDA:158,29,0,0
BRDA:158,29,1,0
BRDA:159,30,0,0
BRDA:159,30,1,0
BRDA:160,31,0,0
BRDA:160,31,1,0
BRDA:160,32,0,0
BRDA:160,32,1,0
BRDA:168,33,0,0
BRDA:168,33,1,0
BRDA:168,34,0,0
BRDA:168,34,1,0
BRDA:168,34,2,0
BRDA:170,35,0,0
BRDA:170,35,1,0
BRDA:170,36,0,0
BRDA:170,36,1,0
BRDA:170,36,2,0
BRDA:185,37,0,0
BRDA:185,37,1,0
BRDA:189,38,0,0
BRDA:189,38,1,0
BRDA:190,39,0,0
BRDA:190,39,1,0
BRDA:212,40,0,0
BRDA:212,40,1,0
BRDA:213,41,0,0
BRDA:213,41,1,0
BRDA:219,42,0,0
BRDA:219,42,1,0
BRDA:219,43,0,0
BRDA:219,43,1,0
BRDA:222,44,0,0
BRDA:222,44,1,0
BRDA:222,45,0,0
BRDA:222,45,1,0
BRDA:224,46,0,0
BRDA:224,46,1,0
BRDA:224,47,0,0
BRDA:224,47,1,0
BRDA:225,48,0,0
BRDA:225,48,1,0
BRDA:234,49,0,0
BRDA:234,49,1,0
BRDA:234,50,0,0
BRDA:234,50,1,0
BRDA:234,50,2,0
BRDA:235,51,0,0
BRDA:235,51,1,0
BRDA:240,52,0,0
BRDA:240,52,1,0
BRDA:247,53,0,0
BRDA:247,53,1,0
BRDA:270,54,0,0
BRDA:270,54,1,0
BRDA:290,55,0,0
BRDA:290,55,1,0
BRDA:293,56,0,0
BRDA:293,56,1,0
BRDA:305,57,0,0
BRDA:305,57,1,0
BRDA:306,58,0,0
BRDA:306,58,1,0
BRDA:312,59,0,0
BRDA:312,59,1,0
BRDA:322,60,0,0
BRDA:322,60,1,0
BRDA:322,61,0,0
BRDA:322,61,1,0
BRDA:322,61,2,0
BRDA:333,62,0,0
BRDA:333,62,1,0
BRDA:343,63,0,0
BRDA:343,63,1,0
BRDA:350,64,0,0
BRDA:350,64,1,0
BRDA:350,65,0,0
BRDA:350,65,1,0
BRDA:372,66,0,0
BRDA:372,66,1,0
BRDA:373,67,0,0
BRDA:373,67,1,0
BRDA:374,68,0,0
BRDA:374,68,1,0
BRDA:374,69,0,0
BRDA:374,69,1,0
BRDA:375,70,0,0
BRDA:375,70,1,0
BRDA:376,71,0,0
BRDA:376,71,1,0
BRDA:379,72,0,0
BRDA:379,72,1,0
BRDA:380,73,0,0
BRDA:380,73,1,0
BRDA:380,74,0,0
BRDA:380,74,1,0
BRDA:381,75,0,0
BRDA:381,75,1,0
BRDA:382,76,0,0
BRDA:382,76,1,0
BRDA:382,77,0,0
BRDA:382,77,1,0
BRDA:383,78,0,0
BRDA:383,78,1,0
BRDA:383,78,2,0
BRDA:383,78,3,0
BRDA:383,78,4,0
BRDA:383,78,5,0
BRDA:388,79,0,0
BRDA:388,79,1,0
BRDA:392,80,0,0
BRDA:392,80,1,0
BRDA:392,80,2,0
BRDA:395,81,0,0
BRDA:395,81,1,0
BRDA:395,82,0,0
BRDA:395,82,1,0
BRDA:399,83,0,0
BRDA:399,83,1,0
BRDA:399,83,2,0
BRDA:400,84,0,0
BRDA:400,84,1,0
BRDA:400,84,2,0
BRDA:404,85,0,0
BRDA:404,85,1,0
BRDA:405,86,0,0
BRDA:405,86,1,0
BRDA:405,87,0,0
BRDA:405,87,1,0
BRDA:406,88,0,0
BRDA:406,88,1,0
BRDA:414,89,0,0
BRDA:414,89,1,0
BRDA:418,90,0,0
BRDA:418,90,1,0
BRDA:418,90,2,0
BRDA:418,90,3,0
BRDA:421,91,0,0
BRDA:421,91,1,0
BRDA:421,91,2,0
BRDA:425,92,0,0
BRDA:425,92,1,0
BRDA:433,93,0,0
BRDA:433,93,1,0
BRDA:437,94,0,0
BRDA:437,94,1,0
BRDA:438,95,0,0
BRDA:438,95,1,0
BRDA:438,95,2,0
BRDA:440,96,0,0
BRDA:440,96,1,0
BRDA:444,97,0,0
BRDA:444,97,1,0
BRDA:444,98,0,0
BRDA:444,98,1,0
BRF:217
BRH:1
end_of_record
TN:
SF:/Volumes/Workspace/dev/zoidberg/src/script/components/ForMe.js
FN:28,(anonymous_0)
FN:51,(anonymous_1)
FN:54,(anonymous_2)
FN:62,(anonymous_3)
FN:97,(anonymous_4)
FN:114,(anonymous_5)
FN:125,(anonymous_6)
FN:130,(anonymous_7)
FN:139,(anonymous_8)
FN:144,(anonymous_9)
FN:162,(anonymous_10)
FN:184,(anonymous_11)
FN:201,(anonymous_12)
FN:219,(anonymous_13)
FN:233,(anonymous_14)
FN:238,(anonymous_15)
FN:250,(anonymous_16)
FN:257,(anonymous_17)
FN:265,(anonymous_18)
FN:266,(anonymous_19)
FN:274,(anonymous_20)
FN:280,(anonymous_21)
FN:337,(anonymous_22)
FNF:23
FNH:6
FNDA:1,(anonymous_0)
FNDA:1,(anonymous_1)
FNDA:0,(anonymous_2)
FNDA:1,(anonymous_3)
FNDA:0,(anonymous_4)
FNDA:0,(anonymous_5)
FNDA:0,(anonymous_6)
FNDA:1,(anonymous_7)
FNDA:0,(anonymous_8)
FNDA:0,(anonymous_9)
FNDA:0,(anonymous_10)
FNDA:0,(anonymous_11)
FNDA:0,(anonymous_12)
FNDA:0,(anonymous_13)
FNDA:1,(anonymous_14)
FNDA:1,(anonymous_15)
FNDA:0,(anonymous_16)
FNDA:0,(anonymous_17)
FNDA:0,(anonymous_18)
FNDA:0,(anonymous_19)
FNDA:0,(anonymous_20)
FNDA:0,(anonymous_21)
FNDA:0,(anonymous_22)
DA:21,2
DA:22,0
DA:23,2
DA:24,0
DA:29,1
DA:31,1
DA:34,1
DA:42,1
DA:43,1
DA:44,1
DA:45,1
DA:47,1
DA:53,1
DA:54,1
DA:55,0
DA:59,1
DA:63,1
DA:64,1
DA:65,1
DA:66,1
DA:77,1
DA:79,1
DA:80,0
DA:84,1
DA:85,0
DA:92,1
DA:93,1
DA:97,1
DA:98,0
DA:99,0
DA:100,0
DA:101,0
DA:102,0
DA:103,0
DA:105,0
DA:106,0
DA:107,0
DA:108,0
DA:111,1
DA:120,0
DA:122,0
DA:126,0
DA:131,1
DA:132,1
DA:140,0
DA:143,0
DA:144,0
DA:145,0
DA:146,0
DA:147,0
DA:149,0
DA:151,0
DA:156,0
DA:160,0
DA:161,0
DA:162,0
DA:163,0
DA:164,0
DA:165,0
DA:167,0
DA:168,0
DA:169,0
DA:170,0
DA:171,0
DA:174,0
DA:175,0
DA:176,0
DA:177,0
DA:183,0
DA:184,0
DA:185,0
DA:186,0
DA:187,0
DA:189,0
DA:191,0
DA:196,0
DA:200,0
DA:201,0
DA:202,0
DA:203,0
DA:204,0
DA:206,0
DA:208,0
DA:213,0
DA:217,0
DA:218,0
DA:219,0
DA:220,0
DA:221,0
DA:222,0
DA:225,0
DA:228,0
DA:234,1
DA:235,1
DA:236,1
DA:238,1
DA:250,0
DA:257,0
DA:265,0
DA:266,0
DA:274,0
DA:281,0
DA:283,0
DA:285,0
DA:286,0
DA:288,0
DA:290,0
DA:291,0
DA:292,0
DA:293,0
DA:296,0
DA:297,0
DA:298,0
DA:300,0
DA:303,0
DA:304,0
DA:305,0
DA:306,0
DA:307,0
DA:308,0
DA:311,0
DA:312,0
DA:313,0
DA:314,0
DA:317,0
DA:318,0
DA:319,0
DA:320,0
DA:321,0
DA:322,0
DA:323,0
DA:326,0
DA:327,0
DA:328,0
DA:329,0
DA:330,0
DA:332,0
DA:340,0
DA:343,0
LF:139
LH:30
BRDA:21,0,0,0
BRDA:21,0,1,2
BRDA:23,1,0,0
BRDA:23,1,1,2
BRDA:42,2,0,1
BRDA:42,2,1,1
BRDA:43,3,0,0
BRDA:43,3,1,1
BRDA:45,4,0,0
BRDA:45,4,1,1
BRDA:63,5,0,1
BRDA:63,5,1,1
BRDA:66,6,0,0
BRDA:66,6,1,1
BRDA:79,7,0,0
BRDA:79,7,1,1
BRDA:84,8,0,0
BRDA:84,8,1,1
BRDA:84,9,0,1
BRDA:84,9,1,1
BRDA:84,9,2,1
BRDA:92,10,0,0
BRDA:92,10,1,1
BRDA:98,11,0,0
BRDA:98,11,1,0
BRDA:101,12,0,0
BRDA:101,12,1,0
BRDA:102,13,0,0
BRDA:102,13,1,0
BRDA:145,14,0,0
BRDA:145,14,1,0
BRDA:163,15,0,0
BRDA:163,15,1,0
BRDA:168,16,0,0
BRDA:168,16,1,0
BRDA:168,17,0,0
BRDA:168,17,1,0
BRDA:169,18,0,0
BRDA:169,18,1,0
BRDA:170,19,0,0
BRDA:170,19,1,0
BRDA:174,20,0,0
BRDA:174,20,1,0
BRDA:176,21,0,0
BRDA:176,21,1,0
BRDA:185,22,0,0
BRDA:185,22,1,0
BRDA:202,23,0,0
BRDA:202,23,1,0
BRDA:220,24,0,0
BRDA:220,24,1,0
BRDA:236,25,0,1
BRDA:236,25,1,1
BRDA:285,26,0,0
BRDA:285,26,1,0
BRDA:288,27,0,0
BRDA:288,27,1,0
BRDA:288,27,2,0
BRDA:288,27,3,0
BRDA:288,27,4,0
BRDA:288,27,5,0
BRDA:296,28,0,0
BRDA:296,28,1,0
BRF:63
BRH:17
end_of_record
TN:
SF:/Volumes/Workspace/dev/zoidberg/src/script/components/HeroListCarousel.js
FN:21,(anonymous_0)
FN:32,(anonymous_1)
FN:39,(anonymous_2)
FN:58,(anonymous_3)
FN:61,(anonymous_4)
FN:72,(anonymous_5)
FN:84,(anonymous_6)
FN:106,(anonymous_7)
FN:111,(anonymous_8)
FN:119,(anonymous_9)
FN:129,(anonymous_10)
FN:134,(anonymous_11)
FN:157,(anonymous_12)
FN:177,(anonymous_13)
FN:194,(anonymous_14)
FN:207,(anonymous_15)
FN:216,(anonymous_16)
FNF:17
FNH:0
FNDA:0,(anonymous_0)
FNDA:0,(anonymous_1)
FNDA:0,(anonymous_2)
FNDA:0,(anonymous_3)
FNDA:0,(anonymous_4)
FNDA:0,(anonymous_5)
FNDA:0,(anonymous_6)
FNDA:0,(anonymous_7)
FNDA:0,(anonymous_8)
FNDA:0,(anonymous_9)
FNDA:0,(anonymous_10)
FNDA:0,(anonymous_11)
FNDA:0,(anonymous_12)
FNDA:0,(anonymous_13)
FNDA:0,(anonymous_14)
FNDA:0,(anonymous_15)
FNDA:0,(anonymous_16)
DA:10,3
DA:11,0
DA:13,3
DA:14,0
DA:17,3
DA:22,0
DA:23,0
DA:24,0
DA:25,0
DA:26,0
DA:27,0
DA:28,0
DA:29,0
DA:33,0
DA:34,0
DA:35,0
DA:38,0
DA:39,0
DA:40,0
DA:41,0
DA:42,0
DA:43,0
DA:44,0
DA:50,0
DA:53,0
DA:58,0
DA:65,0
DA:66,0
DA:67,0
DA:68,0
DA:73,0
DA:74,0
DA:75,0
DA:76,0
DA:77,0
DA:78,0
DA:79,0
DA:85,0
DA:86,0
DA:87,0
DA:90,0
DA:91,0
DA:92,0
DA:93,0
DA:94,0
DA:95,0
DA:96,0
DA:100,0
DA:106,0
DA:111,0
DA:119,0
DA:129,0
DA:137,0
DA:140,0
DA:141,0
DA:142,0
DA:143,0
DA:146,0
DA:158,0
DA:164,0
DA:165,0
DA:169,0
DA:178,0
DA:179,0
DA:180,0
DA:182,0
DA:183,0
DA:184,0
DA:190,0
DA:195,0
DA:196,0
DA:199,0
DA:208,0
DA:209,0
DA:211,0
DA:212,0
DA:217,0
DA:218,0
DA:219,0
DA:222,0
LF:80
LH:3
BRDA:10,0,0,0
BRDA:10,0,1,3
BRDA:13,1,0,0
BRDA:13,1,1,3
BRDA:17,2,0,3
BRDA:17,2,1,3
BRDA:24,3,0,0
BRDA:24,3,1,0
BRDA:33,4,0,0
BRDA:33,4,1,0
BRDA:35,5,0,0
BRDA:35,5,1,0
BRDA:35,5,2,0
BRDA:40,6,0,0
BRDA:40,6,1,0
BRDA:40,7,0,0
BRDA:40,7,1,0
BRDA:42,8,0,0
BRDA:42,8,1,0
BRDA:44,9,0,0
BRDA:44,9,1,0
BRDA:66,10,0,0
BRDA:66,10,1,0
BRDA:66,11,0,0
BRDA:66,11,1,0
BRDA:74,12,0,0
BRDA:74,12,1,0
BRDA:77,13,0,0
BRDA:77,13,1,0
BRDA:78,14,0,0
BRDA:78,14,1,0
BRDA:79,15,0,0
BRDA:79,15,1,0
BRDA:87,16,0,0
BRDA:87,16,1,0
BRDA:88,17,0,0
BRDA:88,17,1,0
BRDA:95,18,0,0
BRDA:95,18,1,0
BRDA:100,19,0,0
BRDA:100,19,1,0
BRDA:101,20,0,0
BRDA:101,20,1,0
BRDA:102,21,0,0
BRDA:102,21,1,0
BRDA:108,22,0,0
BRDA:108,22,1,0
BRDA:129,23,0,0
BRDA:129,23,1,0
BRDA:140,24,0,0
BRDA:140,24,1,0
BRDA:142,25,0,0
BRDA:142,25,1,0
BRDA:150,26,0,0
BRDA:150,26,1,0
BRDA:157,27,0,0
BRDA:164,28,0,0
BRDA:164,28,1,0
BRDA:178,29,0,0
BRDA:178,29,1,0
BRDA:183,30,0,0
BRDA:183,30,1,0
BRDA:183,31,0,0
BRDA:183,31,1,0
BRDA:195,32,0,0
BRDA:195,32,1,0
BRDA:195,33,0,0
BRDA:195,33,1,0
BRDA:208,34,0,0
BRDA:208,34,1,0
BRDA:208,35,0,0
BRDA:208,35,1,0
BRF:72
BRH:4
end_of_record
TN:
SF:/Volumes/Workspace/dev/zoidberg/src/script/components/HomeTabs.js
FN:15,(anonymous_0)
FN:33,(anonymous_1)
FN:36,(anonymous_2)
FNF:3
FNH:0
FNDA:0,(anonymous_0)
FNDA:0,(anonymous_1)
FNDA:0,(anonymous_2)
DA:7,1
DA:8,0
DA:9,1
DA:10,0
DA:16,0
DA:18,0
DA:19,0
DA:20,0
DA:34,0
DA:37,0
LF:10
LH:2
BRDA:7,0,0,0
BRDA:7,0,1,1
BRDA:9,1,0,0
BRDA:9,1,1,1
BRF:4
BRH:2
end_of_record
TN:
SF:/Volumes/Workspace/dev/zoidberg/src/script/components/HomeView.js
FN:16,(anonymous_0)
FNF:1
FNH:0
FNDA:0,(anonymous_0)
DA:17,0
DA:18,0
DA:19,0
DA:21,0
LF:4
LH:0
BRDA:22,0,0,0
BRDA:22,0,1,0
BRDA:25,1,0,0
BRDA:25,1,1,0
BRF:4
BRH:0
end_of_record
TN:
SF:/Volumes/Workspace/dev/zoidberg/src/script/components/ItemCover.js
FN:20,(anonymous_0)
FN:38,(anonymous_1)
FN:43,(anonymous_2)
FN:51,(anonymous_3)
FN:58,(anonymous_4)
FN:108,(anonymous_5)
FN:111,(anonymous_6)
FN:121,(anonymous_7)
FN:139,(anonymous_8)
FNF:9
FNH:6
FNDA:26,(anonymous_0)
FNDA:26,(anonymous_1)
FNDA:26,(anonymous_2)
FNDA:0,(anonymous_3)
FNDA:26,(anonymous_4)
FNDA:6,(anonymous_5)
FNDA:0,(anonymous_6)
FNDA:0,(anonymous_7)
FNDA:50,(anonymous_8)
DA:12,8
DA:13,0
DA:14,8
DA:15,0
DA:21,26
DA:23,26
DA:25,26
DA:39,26
DA:45,26
DA:46,0
DA:54,0
DA:59,26
DA:60,26
DA:61,0
DA:65,26
DA:69,6
DA:72,6
DA:73,0
DA:77,6
DA:78,0
DA:81,6
DA:82,6
DA:83,6
DA:87,0
DA:91,6
DA:92,0
DA:96,6
DA:97,0
DA:102,26
DA:103,26
DA:104,0
DA:106,26
DA:107,6
DA:108,6
DA:109,6
DA:111,6
DA:112,0
DA:113,0
DA:114,0
DA:117,26
DA:122,0
DA:123,0
DA:128,0
DA:130,0
DA:132,0
DA:134,0
DA:140,50
DA:141,50
DA:142,10
DA:145,50
DA:146,50
DA:153,0
LF:52
LH:31
BRDA:12,0,0,0
BRDA:12,0,1,8
BRDA:14,1,0,0
BRDA:14,1,1,8
BRDA:45,2,0,0
BRDA:45,2,1,26
BRDA:60,3,0,0
BRDA:60,3,1,26
BRDA:65,4,0,20
BRDA:65,4,1,6
BRDA:65,5,0,26
BRDA:65,5,1,26
BRDA:69,6,0,0
BRDA:69,6,1,6
BRDA:72,7,0,0
BRDA:72,7,1,6
BRDA:77,8,0,0
BRDA:77,8,1,6
BRDA:81,9,0,6
BRDA:81,9,1,0
BRDA:81,10,0,6
BRDA:81,10,1,6
BRDA:91,11,0,0
BRDA:91,11,1,6
BRDA:96,12,0,0
BRDA:96,12,1,6
BRDA:103,13,0,0
BRDA:103,13,1,26
BRDA:103,14,0,26
BRDA:103,14,1,26
BRDA:103,14,2,26
BRDA:106,15,0,6
BRDA:106,15,1,20
BRDA:106,16,0,26
BRDA:106,16,1,26
BRDA:117,17,0,0
BRDA:117,17,1,26
BRDA:123,18,0,0
BRDA:123,18,1,0
BRDA:123,18,2,0
BRDA:123,18,3,0
BRDA:123,18,4,0
BRDA:123,18,5,0
BRDA:123,18,6,0
BRDA:141,19,0,10
BRDA:141,19,1,40
BRDA:145,20,0,50
BRDA:145,20,1,0
BRF:48
BRH:28
end_of_record
TN:
SF:/Volumes/Workspace/dev/zoidberg/src/script/components/List.js
FN:45,(anonymous_0)
FN:117,(anonymous_1)
FN:123,(anonymous_2)
FN:145,(anonymous_3)
FN:148,(anonymous_4)
FN:155,(anonymous_5)
FN:181,(anonymous_6)
FN:188,(anonymous_7)
FN:199,(anonymous_8)
FN:211,(anonymous_9)
FN:224,(anonymous_10)
FN:226,(anonymous_11)
FN:238,(anonymous_12)
FN:249,(anonymous_13)
FN:262,(anonymous_14)
FN:264,(anonymous_15)
FN:275,(anonymous_16)
FN:309,(anonymous_17)
FN:317,(anonymous_18)
FN:320,(anonymous_19)
FN:326,(anonymous_20)
FN:376,(anonymous_21)
FN:388,(anonymous_22)
FN:423,(anonymous_23)
FN:439,(anonymous_24)
FN:455,(anonymous_25)
FN:476,(anonymous_26)
FN:492,(anonymous_27)
FN:498,(anonymous_28)
FN:510,(anonymous_29)
FN:515,(anonymous_30)
FN:527,(anonymous_31)
FN:543,(anonymous_32)
FN:563,(anonymous_33)
FN:571,(anonymous_34)
FN:588,(anonymous_35)
FN:590,(anonymous_36)
FN:593,(anonymous_37)
FN:598,(anonymous_38)
FN:663,(anonymous_39)
FN:670,(anonymous_40)
FN:676,(anonymous_41)
FN:737,(anonymous_42)
FN:776,(anonymous_43)
FN:778,(anonymous_44)
FN:790,(anonymous_45)
FN:796,(anonymous_46)
FN:805,(anonymous_47)
FN:807,(anonymous_48)
FN:818,(anonymous_49)
FN:838,(anonymous_50)
FN:857,(anonymous_51)
FN:885,(anonymous_52)
FN:954,(anonymous_53)
FN:962,(anonymous_54)
FN:977,(anonymous_55)
FN:1053,(anonymous_56)
FN:1055,(anonymous_57)
FN:1084,(anonymous_58)
FN:1100,(anonymous_59)
FN:1103,(anonymous_60)
FN:1110,(anonymous_61)
FN:1131,(anonymous_62)
FN:1138,(anonymous_63)
FN:1144,(anonymous_64)
FNF:65
FNH:17
FNDA:7,(anonymous_0)
FNDA:7,(anonymous_1)
FNDA:7,(anonymous_2)
FNDA:0,(anonymous_3)
FNDA:0,(anonymous_4)
FNDA:7,(anonymous_5)
FNDA:0,(anonymous_6)
FNDA:0,(anonymous_7)
FNDA:7,(anonymous_8)
FNDA:0,(anonymous_9)
FNDA:0,(anonymous_10)
FNDA:0,(anonymous_11)
FNDA:0,(anonymous_12)
FNDA:0,(anonymous_13)
FNDA:0,(anonymous_14)
FNDA:0,(anonymous_15)
FNDA:0,(anonymous_16)
FNDA:7,(anonymous_17)
FNDA:0,(anonymous_18)
FNDA:0,(anonymous_19)
FNDA:7,(anonymous_20)
FNDA:0,(anonymous_21)
FNDA:0,(anonymous_22)
FNDA:0,(anonymous_23)
FNDA:0,(anonymous_24)
FNDA:4,(anonymous_25)
FNDA:7,(anonymous_26)
FNDA:7,(anonymous_27)
FNDA:0,(anonymous_28)
FNDA:0,(anonymous_29)
FNDA:0,(anonymous_30)
FNDA:0,(anonymous_31)
FNDA:0,(anonymous_32)
FNDA:0,(anonymous_33)
FNDA:0,(anonymous_34)
FNDA:0,(anonymous_35)
FNDA:0,(anonymous_36)
FNDA:0,(anonymous_37)
FNDA:14,(anonymous_38)
FNDA:0,(anonymous_39)
FNDA:0,(anonymous_40)
FNDA:0,(anonymous_41)
FNDA:25,(anonymous_42)
FNDA:25,(anonymous_43)
FNDA:0,(anonymous_44)
FNDA:0,(anonymous_45)
FNDA:0,(anonymous_46)
FNDA:14,(anonymous_47)
FNDA:0,(anonymous_48)
FNDA:0,(anonymous_49)
FNDA:4,(anonymous_50)
FNDA:7,(anonymous_51)
FNDA:0,(anonymous_52)
FNDA:0,(anonymous_53)
FNDA:0,(anonymous_54)
FNDA:0,(anonymous_55)
FNDA:7,(anonymous_56)
FNDA:0,(anonymous_57)
FNDA:0,(anonymous_58)
FNDA:0,(anonymous_59)
FNDA:0,(anonymous_60)
FNDA:0,(anonymous_61)
FNDA:0,(anonymous_62)
FNDA:0,(anonymous_63)
FNDA:0,(anonymous_64)
DA:35,4
DA:36,0
DA:37,0
DA:40,4
DA:41,4
DA:46,7
DA:48,7
DA:60,7
DA:61,6
DA:63,7
DA:64,7
DA:65,7
DA:68,7
DA:70,7
DA:71,7
DA:75,7
DA:78,7
DA:79,7
DA:80,7
DA:81,7
DA:82,7
DA:85,7
DA:86,7
DA:89,7
DA:90,7
DA:91,7
DA:92,7
DA:93,7
DA:94,7
DA:95,7
DA:96,7
DA:98,7
DA:99,7
DA:101,7
DA:103,7
DA:104,0
DA:108,0
DA:109,0
DA:111,0
DA:118,7
DA:119,7
DA:126,7
DA:127,7
DA:128,0
DA:134,7
DA:143,7
DA:144,0
DA:146,0
DA:148,0
DA:151,7
DA:152,0
DA:159,7
DA:162,7
DA:166,7
DA:167,7
DA:171,7
DA:172,7
DA:173,7
DA:177,7
DA:178,7
DA:181,7
DA:182,0
DA:183,0
DA:184,0
DA:185,0
DA:186,0
DA:188,0
DA:189,0
DA:190,0
DA:196,7
DA:200,7
DA:201,7
DA:203,7
DA:210,7
DA:211,7
DA:212,0
DA:213,0
DA:214,0
DA:216,0
DA:218,0
DA:223,0
DA:224,0
DA:225,0
DA:226,0
DA:227,0
DA:230,0
DA:231,0
DA:239,0
DA:240,0
DA:242,0
DA:248,0
DA:249,0
DA:250,0
DA:251,0
DA:252,0
DA:254,0
DA:256,0
DA:261,0
DA:262,0
DA:263,0
DA:264,0
DA:265,0
DA:268,0
DA:269,0
DA:276,0
DA:277,0
DA:278,0
DA:279,0
DA:281,0
DA:282,0
DA:283,0
DA:285,0
DA:287,0
DA:288,0
DA:289,0
DA:291,0
DA:292,0
DA:294,0
DA:295,0
DA:296,0
DA:298,0
DA:299,0
DA:303,0
DA:304,0
DA:311,7
DA:315,0
DA:318,0
DA:320,0
DA:328,7
DA:329,7
DA:330,0
DA:331,0
DA:335,7
DA:336,0
DA:337,0
DA:338,0
DA:339,0
DA:341,0
DA:345,7
DA:346,0
DA:350,7
DA:351,0
DA:352,0
DA:357,7
DA:358,0
DA:359,0
DA:362,0
DA:369,0
DA:370,0
DA:372,0
DA:377,0
DA:378,0
DA:379,0
DA:380,0
DA:381,0
DA:382,0
DA:385,0
DA:389,0
DA:390,0
DA:391,0
DA:392,0
DA:393,0
DA:395,0
DA:396,0
DA:397,0
DA:399,0
DA:400,0
DA:402,0
DA:403,0
DA:405,0
DA:406,0
DA:409,0
DA:410,0
DA:413,0
DA:415,0
DA:416,0
DA:420,0
DA:421,0
DA:422,0
DA:423,0
DA:424,0
DA:425,0
DA:431,0
DA:432,0
DA:433,0
DA:436,0
DA:437,0
DA:438,0
DA:439,0
DA:440,0
DA:441,0
DA:446,0
DA:447,0
DA:448,0
DA:456,4
DA:458,4
DA:459,4
DA:461,4
DA:462,4
DA:464,4
DA:465,0
DA:469,4
DA:470,4
DA:478,7
DA:479,0
DA:484,7
DA:485,7
DA:496,7
DA:497,7
DA:498,7
DA:499,0
DA:500,0
DA:501,0
DA:503,0
DA:513,0
DA:514,0
DA:515,0
DA:521,0
DA:522,0
DA:523,0
DA:524,0
DA:526,0
DA:527,0
DA:533,0
DA:534,0
DA:544,0
DA:546,0
DA:548,0
DA:564,0
DA:565,0
DA:567,0
DA:568,0
DA:572,0
DA:574,0
DA:589,0
DA:591,0
DA:593,0
DA:599,14
DA:600,14
DA:601,14
DA:602,14
DA:603,14
DA:607,14
DA:608,14
DA:609,0
DA:613,14
DA:614,14
DA:615,0
DA:616,0
DA:620,14
DA:621,14
DA:650,14
DA:651,14
DA:652,14
DA:655,14
DA:656,14
DA:657,14
DA:659,14
DA:661,14
DA:662,14
DA:663,0
DA:664,0
DA:665,0
DA:669,14
DA:670,0
DA:671,0
DA:672,0
DA:673,0
DA:674,0
DA:676,0
DA:679,14
DA:680,0
DA:683,14
DA:684,14
DA:685,14
DA:686,12
DA:687,12
DA:688,0
DA:692,2
DA:693,2
DA:694,0
DA:698,14
DA:699,14
DA:700,14
DA:701,0
DA:702,0
DA:703,0
DA:704,0
DA:705,0
DA:709,14
DA:711,14
DA:714,14
DA:715,14
DA:716,0
DA:718,14
DA:722,14
DA:723,14
DA:724,14
DA:725,0
DA:727,14
DA:729,14
DA:730,0
DA:731,0
DA:734,14
DA:735,0
DA:737,25
DA:776,25
DA:778,0
DA:790,0
DA:797,0
DA:798,0
DA:799,0
DA:800,0
DA:806,14
DA:807,14
DA:808,0
DA:809,0
DA:810,0
DA:812,0
DA:813,0
DA:821,0
DA:822,0
DA:825,0
DA:828,0
DA:832,0
DA:833,0
DA:840,4
DA:841,4
DA:842,4
DA:843,4
DA:844,4
DA:845,0
DA:849,4
DA:858,7
DA:859,7
DA:860,7
DA:861,7
DA:862,7
DA:863,7
DA:865,7
DA:876,7
DA:877,0
DA:878,0
DA:879,0
DA:883,7
DA:884,0
DA:885,0
DA:886,0
DA:890,7
DA:891,0
DA:894,7
DA:895,7
DA:897,0
DA:900,7
DA:901,0
DA:906,7
DA:907,7
DA:910,7
DA:911,0
DA:914,7
DA:917,7
DA:922,7
DA:923,7
DA:924,7
DA:928,7
DA:929,7
DA:940,0
DA:941,0
DA:942,0
DA:944,0
DA:955,0
DA:956,0
DA:959,0
DA:961,0
DA:962,0
DA:963,0
DA:964,0
DA:965,0
DA:967,0
DA:968,0
DA:972,0
DA:973,0
DA:977,0
DA:978,0
DA:979,0
DA:980,0
DA:981,0
DA:984,0
DA:985,0
DA:988,0
DA:993,0
DA:994,0
DA:995,0
DA:996,0
DA:1000,0
DA:1016,0
DA:1017,0
DA:1021,0
DA:1022,0
DA:1027,0
DA:1030,0
DA:1031,0
DA:1032,0
DA:1038,0
DA:1040,0
DA:1054,7
DA:1055,7
DA:1059,0
DA:1061,0
DA:1062,0
DA:1063,0
DA:1064,0
DA:1067,0
DA:1072,0
DA:1073,0
DA:1075,0
DA:1076,0
DA:1077,0
DA:1079,0
DA:1085,0
DA:1086,0
DA:1088,0
DA:1089,0
DA:1092,0
DA:1093,0
DA:1096,0
DA:1101,0
DA:1102,0
DA:1103,0
DA:1104,0
DA:1105,0
DA:1111,0
DA:1112,0
DA:1113,0
DA:1114,0
DA:1115,0
DA:1116,0
DA:1117,0
DA:1118,0
DA:1119,0
DA:1120,0
DA:1121,0
DA:1123,0
DA:1127,0
DA:1128,0
DA:1132,0
DA:1133,0
DA:1135,0
DA:1139,0
DA:1140,0
DA:1145,0
DA:1146,0
DA:1147,0
DA:1148,0
DA:1150,0
DA:1151,0
DA:1152,0
DA:1153,0
DA:1156,0
DA:1157,0
DA:1159,0
DA:1163,4
LF:462
LH:156
BRDA:35,0,0,0
BRDA:35,0,1,4
BRDA:35,1,0,4
BRDA:35,1,1,4
BRDA:53,2,0,7
BRDA:53,2,1,7
BRDA:54,3,0,7
BRDA:54,3,1,7
BRDA:55,4,0,0
BRDA:55,4,1,7
BRDA:55,5,0,0
BRDA:55,5,1,0
BRDA:60,6,0,6
BRDA:60,6,1,1
BRDA:63,7,0,7
BRDA:63,7,1,7
BRDA:70,8,0,7
BRDA:70,8,1,0
BRDA:98,9,0,7
BRDA:98,9,1,0
BRDA:99,10,0,5
BRDA:99,10,1,2
BRDA:101,11,0,0
BRDA:101,11,1,7
BRDA:103,12,0,0
BRDA:103,12,1,7
BRDA:126,13,0,7
BRDA:126,13,1,0
BRDA:127,14,0,0
BRDA:127,14,1,7
BRDA:143,15,0,0
BRDA:143,15,1,7
BRDA:143,16,0,7
BRDA:143,16,1,7
BRDA:151,17,0,0
BRDA:151,17,1,7
BRDA:151,18,0,7
BRDA:151,18,1,0
BRDA:166,19,0,7
BRDA:166,19,1,0
BRDA:171,20,0,7
BRDA:171,20,1,0
BRDA:172,21,0,0
BRDA:172,21,1,7
BRDA:177,22,0,7
BRDA:177,22,1,0
BRDA:182,23,0,0
BRDA:182,23,1,0
BRDA:184,24,0,0
BRDA:184,24,1,0
BRDA:200,25,0,7
BRDA:200,25,1,2
BRDA:201,26,0,7
BRDA:201,26,1,2
BRDA:212,27,0,0
BRDA:212,27,1,0
BRDA:225,28,0,0
BRDA:225,28,1,0
BRDA:250,29,0,0
BRDA:250,29,1,0
BRDA:263,30,0,0
BRDA:263,30,1,0
BRDA:276,31,0,0
BRDA:276,31,1,0
BRDA:283,32,0,0
BRDA:283,32,1,0
BRDA:287,33,0,0
BRDA:287,33,1,0
BRDA:291,34,0,0
BRDA:291,34,1,0
BRDA:292,35,0,0
BRDA:292,35,1,0
BRDA:295,36,0,0
BRDA:295,36,1,0
BRDA:296,37,0,0
BRDA:296,37,1,0
BRDA:298,38,0,0
BRDA:298,38,1,0
BRDA:311,39,0,0
BRDA:311,39,1,7
BRDA:311,40,0,7
BRDA:311,40,1,7
BRDA:311,40,2,7
BRDA:329,41,0,0
BRDA:329,41,1,7
BRDA:335,42,0,0
BRDA:335,42,1,7
BRDA:335,43,0,7
BRDA:335,43,1,0
BRDA:335,43,2,0
BRDA:338,44,0,0
BRDA:338,44,1,0
BRDA:338,45,0,0
BRDA:338,45,1,0
BRDA:338,45,2,0
BRDA:345,46,0,0
BRDA:345,46,1,7
BRDA:350,47,0,0
BRDA:350,47,1,7
BRDA:357,48,0,0
BRDA:357,48,1,7
BRDA:358,49,0,0
BRDA:358,49,1,0
BRDA:359,50,0,0
BRDA:359,50,1,0
BRDA:363,51,0,0
BRDA:363,51,1,0
BRDA:363,51,2,0
BRDA:369,52,0,0
BRDA:369,52,1,0
BRDA:369,53,0,0
BRDA:369,53,1,0
BRDA:370,54,0,0
BRDA:370,54,1,0
BRDA:378,55,0,0
BRDA:378,55,1,0
BRDA:379,56,0,0
BRDA:379,56,1,0
BRDA:381,57,0,0
BRDA:381,57,1,0
BRDA:389,58,0,0
BRDA:389,58,1,0
BRDA:395,59,0,0
BRDA:395,59,1,0
BRDA:395,60,0,0
BRDA:395,60,1,0
BRDA:395,60,2,0
BRDA:396,61,0,0
BRDA:396,61,1,0
BRDA:399,62,0,0
BRDA:399,62,1,0
BRDA:402,63,0,0
BRDA:402,63,1,0
BRDA:405,64,0,0
BRDA:405,64,1,0
BRDA:409,65,0,0
BRDA:409,65,1,0
BRDA:409,66,0,0
BRDA:409,66,1,0
BRDA:413,67,0,0
BRDA:413,67,1,0
BRDA:413,68,0,0
BRDA:413,68,1,0
BRDA:415,69,0,0
BRDA:415,69,1,0
BRDA:415,70,0,0
BRDA:415,70,1,0
BRDA:415,70,2,0
BRDA:424,71,0,0
BRDA:424,71,1,0
BRDA:424,72,0,0
BRDA:424,72,1,0
BRDA:431,73,0,0
BRDA:431,73,1,0
BRDA:431,74,0,0
BRDA:431,74,1,0
BRDA:432,75,0,0
BRDA:432,75,1,0
BRDA:432,76,0,0
BRDA:432,76,1,0
BRDA:440,77,0,0
BRDA:440,77,1,0
BRDA:440,78,0,0
BRDA:440,78,1,0
BRDA:446,79,0,0
BRDA:446,79,1,0
BRDA:446,80,0,0
BRDA:446,80,1,0
BRDA:447,81,0,0
BRDA:447,81,1,0
BRDA:458,82,0,4
BRDA:458,82,1,0
BRDA:461,83,0,4
BRDA:461,83,1,0
BRDA:464,84,0,0
BRDA:464,84,1,4
BRDA:469,85,0,4
BRDA:469,85,1,0
BRDA:478,86,0,0
BRDA:478,86,1,7
BRDA:496,87,0,7
BRDA:496,87,1,0
BRDA:499,88,0,0
BRDA:499,88,1,0
BRDA:499,88,2,0
BRDA:500,89,0,0
BRDA:500,89,1,0
BRDA:500,90,0,0
BRDA:500,90,1,0
BRDA:513,91,0,0
BRDA:513,91,1,0
BRDA:521,92,0,0
BRDA:521,92,1,0
BRDA:522,93,0,0
BRDA:522,93,1,0
BRDA:522,93,2,0
BRDA:523,94,0,0
BRDA:523,94,1,0
BRDA:533,95,0,0
BRDA:533,95,1,0
BRDA:535,96,0,0
BRDA:535,96,1,0
BRDA:535,97,0,0
BRDA:535,97,1,0
BRDA:546,98,0,0
BRDA:546,98,1,0
BRDA:546,99,0,0
BRDA:546,99,1,0
BRDA:546,99,2,0
BRDA:564,100,0,0
BRDA:564,100,1,0
BRDA:565,101,0,0
BRDA:565,101,1,0
BRDA:565,101,2,0
BRDA:608,102,0,0
BRDA:608,102,1,14
BRDA:608,103,0,14
BRDA:608,103,1,14
BRDA:614,104,0,0
BRDA:614,104,1,14
BRDA:620,105,0,14
BRDA:620,105,1,0
BRDA:650,106,0,14
BRDA:650,106,1,0
BRDA:664,107,0,0
BRDA:664,107,1,0
BRDA:669,108,0,0
BRDA:669,108,1,14
BRDA:669,109,0,14
BRDA:669,109,1,14
BRDA:671,110,0,0
BRDA:671,110,1,0
BRDA:673,111,0,0
BRDA:673,111,1,0
BRDA:679,112,0,0
BRDA:679,112,1,14
BRDA:679,113,0,14
BRDA:679,113,1,0
BRDA:685,114,0,12
BRDA:685,114,1,2
BRDA:687,115,0,0
BRDA:687,115,1,12
BRDA:687,116,0,12
BRDA:687,116,1,0
BRDA:693,117,0,0
BRDA:693,117,1,2
BRDA:693,118,0,2
BRDA:693,118,1,0
BRDA:699,119,0,0
BRDA:699,119,1,14
BRDA:700,120,0,0
BRDA:700,120,1,14
BRDA:702,121,0,0
BRDA:702,121,1,0
BRDA:702,122,0,0
BRDA:702,122,1,0
BRDA:704,123,0,0
BRDA:704,123,1,0
BRDA:709,124,0,14
BRDA:709,124,1,0
BRDA:715,125,0,0
BRDA:715,125,1,14
BRDA:718,126,0,14
BRDA:718,126,1,13
BRDA:722,127,0,14
BRDA:722,127,1,14
BRDA:723,128,0,14
BRDA:723,128,1,14
BRDA:724,129,0,0
BRDA:724,129,1,14
BRDA:724,130,0,14
BRDA:724,130,1,0
BRDA:727,131,0,0
BRDA:727,131,1,14
BRDA:727,132,0,14
BRDA:727,132,1,0
BRDA:727,133,0,0
BRDA:727,133,1,0
BRDA:729,134,0,0
BRDA:729,134,1,14
BRDA:730,135,0,0
BRDA:730,135,1,0
BRDA:734,136,0,0
BRDA:734,136,1,14
BRDA:735,137,0,0
BRDA:735,137,1,0
BRDA:735,138,0,0
BRDA:735,138,1,0
BRDA:737,139,0,0
BRDA:737,139,1,14
BRDA:737,140,0,0
BRDA:737,140,1,14
BRDA:739,141,0,0
BRDA:739,141,1,14
BRDA:739,142,0,14
BRDA:739,142,1,14
BRDA:740,143,0,0
BRDA:740,143,1,14
BRDA:740,144,0,14
BRDA:740,144,1,0
BRDA:740,144,2,0
BRDA:741,145,0,0
BRDA:741,145,1,14
BRDA:741,146,0,14
BRDA:741,146,1,0
BRDA:741,146,2,0
BRDA:742,147,0,0
BRDA:742,147,1,14
BRDA:742,148,0,14
BRDA:742,148,1,14
BRDA:742,148,2,14
BRDA:744,149,0,10
BRDA:744,149,1,4
BRDA:746,150,0,0
BRDA:746,150,1,10
BRDA:752,151,0,10
BRDA:752,151,1,0
BRDA:752,151,2,0
BRDA:768,152,0,14
BRDA:768,152,1,13
BRDA:769,153,0,14
BRDA:769,153,1,14
BRDA:776,154,0,0
BRDA:776,154,1,14
BRDA:777,155,0,12
BRDA:777,155,1,2
BRDA:778,156,0,14
BRDA:778,156,1,0
BRDA:778,156,2,0
BRDA:778,157,0,0
BRDA:778,157,1,0
BRDA:784,158,0,14
BRDA:784,158,1,0
BRDA:784,158,2,0
BRDA:784,158,3,0
BRDA:808,159,0,0
BRDA:808,159,1,0
BRDA:808,160,0,0
BRDA:808,160,1,0
BRDA:821,161,0,0
BRDA:821,161,1,0
BRDA:832,162,0,0
BRDA:832,162,1,0
BRDA:840,163,0,4
BRDA:840,163,1,4
BRDA:840,163,2,4
BRDA:844,164,0,0
BRDA:844,164,1,4
BRDA:857,165,0,7
BRDA:860,166,0,7
BRDA:860,166,1,2
BRDA:861,167,0,7
BRDA:861,167,1,2
BRDA:876,168,0,0
BRDA:876,168,1,7
BRDA:883,169,0,0
BRDA:883,169,1,7
BRDA:890,170,0,0
BRDA:890,170,1,7
BRDA:895,171,0,0
BRDA:895,171,1,7
BRDA:900,172,0,0
BRDA:900,172,1,7
BRDA:900,173,0,7
BRDA:900,173,1,7
BRDA:907,174,0,0
BRDA:907,174,1,7
BRDA:910,175,0,0
BRDA:910,175,1,7
BRDA:914,176,0,7
BRDA:914,176,1,0
BRDA:914,177,0,7
BRDA:914,177,1,7
BRDA:917,178,0,7
BRDA:917,178,1,0
BRDA:917,179,0,7
BRDA:917,179,1,2
BRDA:917,179,2,2
BRDA:917,179,3,2
BRDA:917,179,4,2
BRDA:924,180,0,7
BRDA:924,180,1,0
BRDA:924,181,0,7
BRDA:924,181,1,2
BRDA:924,181,2,7
BRDA:924,181,3,7
BRDA:924,181,4,7
BRDA:940,182,0,0
BRDA:940,182,1,0
BRDA:941,183,0,0
BRDA:941,183,1,0
BRDA:954,184,0,0
BRDA:955,185,0,0
BRDA:955,185,1,0
BRDA:961,186,0,0
BRDA:961,186,1,0
BRDA:963,187,0,0
BRDA:963,187,1,0
BRDA:969,188,0,0
BRDA:969,188,1,0
BRDA:978,189,0,0
BRDA:978,189,1,0
BRDA:984,190,0,0
BRDA:984,190,1,0
BRDA:993,191,0,0
BRDA:993,191,1,0
BRDA:993,192,0,0
BRDA:993,192,1,0
BRDA:995,193,0,0
[...]
DA:84,4
DA:85,0
DA:86,0
DA:88,0
DA:89,0
DA:93,4
DA:95,4
DA:106,4
DA:107,4
DA:108,4
DA:109,4
DA:112,4
DA:113,0
DA:115,0
DA:116,0
DA:117,0
DA:118,0
DA:119,0
DA:120,0
DA:123,0
DA:125,0
DA:128,0
DA:131,4
DA:139,0
DA:148,2
LF:59
LH:31
BRDA:8,0,0,0
BRDA:8,0,1,2
BRDA:8,1,0,2
BRDA:8,1,1,2
BRDA:25,2,0,0
BRDA:25,2,1,1
BRDA:31,3,0,1
BRDA:31,3,1,1
BRDA:32,4,0,1
BRDA:32,4,1,1
BRDA:39,5,0,1
BRDA:39,5,1,0
BRDA:61,6,0,0
BRDA:61,6,1,0
BRDA:65,7,0,0
BRDA:65,7,1,0
BRDA:65,8,0,0
BRDA:65,8,1,0
BRDA:66,9,0,0
BRDA:66,9,1,0
BRDA:70,10,0,0
BRDA:70,10,1,0
BRDA:79,11,0,2
BRDA:79,11,1,2
BRDA:86,12,0,0
BRDA:86,12,1,0
BRDA:93,13,0,4
BRDA:93,13,1,0
BRDA:93,14,0,4
BRDA:93,14,1,2
BRDA:93,14,2,1
BRDA:93,14,3,2
BRDA:93,14,4,2
BRDA:93,14,5,1
BRDA:106,15,0,2
BRDA:106,15,1,2
BRDA:112,16,0,4
BRDA:112,16,1,2
BRDA:131,17,0,0
BRDA:131,17,1,4
BRDA:134,18,0,4
BRDA:134,18,1,0
BRDA:137,19,0,4
BRDA:137,19,1,0
BRDA:140,20,0,0
BRDA:140,20,1,0
BRDA:158,21,0,2
BRDA:158,21,1,2
BRDA:161,22,0,2
BRDA:161,22,1,2
BRF:50
BRH:29
end_of_record
TN:
SF:/Volumes/Workspace/dev/zoidberg/src/script/components/MoreSvg.js
FN:1,_interopRequireDefault
FN:5,(anonymous_1)
FNF:2
FNH:0
FNDA:0,_interopRequireDefault
FNDA:0,(anonymous_1)
DA:1,0
DA:6,0
LF:2
LH:0
BRDA:1,0,0,0
BRDA:1,0,1,0
BRDA:1,1,0,0
BRDA:1,1,1,0
BRF:4
BRH:0
end_of_record
TN:
SF:/Volumes/Workspace/dev/zoidberg/src/script/components/MultiItemPromo.js
FN:11,(anonymous_0)
FN:37,(anonymous_1)
FN:67,(anonymous_2)
FNF:3
FNH:2
FNDA:1,(anonymous_0)
FNDA:1,(anonymous_1)
FNDA:0,(anonymous_2)
DA:12,1
DA:13,1
DA:14,1
DA:15,1
DA:17,1
DA:18,0
DA:19,0
DA:23,1
DA:24,1
DA:25,2
DA:31,1
DA:38,1
DA:39,1
DA:40,1
DA:41,1
DA:42,1
DA:43,1
DA:45,1
DA:46,0
DA:49,1
DA:51,1
DA:52,1
DA:53,1
DA:55,0
DA:56,0
DA:57,0
DA:60,1
DA:62,1
DA:63,1
DA:65,1
DA:67,0
LF:31
LH:24
BRDA:17,0,0,0
BRDA:17,0,1,1
BRDA:17,1,0,1
BRDA:17,1,1,0
BRDA:20,2,0,0
BRDA:20,2,1,0
BRDA:23,3,0,1
BRDA:23,3,1,0
BRDA:26,4,0,2
BRDA:26,4,1,0
BRDA:39,5,0,1
BRDA:39,5,1,0
BRDA:45,6,0,0
BRDA:45,6,1,1
BRDA:45,7,0,1
BRDA:45,7,1,0
BRDA:51,8,0,1
BRDA:51,8,1,0
BRDA:52,9,0,1
BRDA:52,9,1,0
BRDA:52,10,0,1
BRDA:52,10,1,1
BRDA:53,11,0,0
BRDA:53,11,1,1
BRDA:55,12,0,0
BRDA:55,12,1,0
BRDA:56,13,0,0
BRDA:56,13,1,0
BRDA:56,14,0,0
BRDA:56,14,1,0
BRDA:57,15,0,0
BRDA:57,15,1,0
BRDA:60,16,0,0
BRDA:60,16,1,1
BRDA:62,17,0,1
BRDA:62,17,1,0
BRDA:62,18,0,1
BRDA:62,18,1,1
BRDA:68,19,0,1
BRDA:68,19,1,0
BRDA:70,20,0,1
BRDA:70,20,1,1
BRDA:71,21,0,0
BRDA:71,21,1,1
BRDA:71,22,0,1
BRDA:71,22,1,1
BRDA:77,23,0,1
BRDA:77,23,1,0
BRDA:81,24,0,0
BRDA:81,24,1,1
BRF:50
BRH:24
end_of_record
TN:
SF:/Volumes/Workspace/dev/zoidberg/src/script/components/MultiItemSpreadPromo.js
FN:11,(anonymous_0)
FN:39,(anonymous_1)
FN:68,(anonymous_2)
FNF:3
FNH:2
FNDA:1,(anonymous_0)
FNDA:1,(anonymous_1)
FNDA:0,(anonymous_2)
DA:12,1
DA:13,1
DA:14,1
DA:15,1
DA:17,1
DA:18,0
DA:19,0
DA:20,0
DA:24,1
DA:25,1
DA:26,2
DA:27,2
DA:33,1
DA:40,1
DA:41,1
DA:42,1
DA:43,1
DA:44,1
DA:45,1
DA:47,1
DA:49,1
DA:51,1
DA:52,0
DA:55,1
DA:56,1
DA:58,1
DA:59,1
DA:60,1
DA:62,0
DA:63,0
DA:64,0
DA:67,1
DA:68,0
LF:33
LH:25
BRDA:17,0,0,0
BRDA:17,0,1,1
BRDA:17,1,0,1
BRDA:17,1,1,0
BRDA:19,2,0,0
BRDA:19,2,1,0
BRDA:21,3,0,0
BRDA:21,3,1,0
BRDA:24,4,0,1
BRDA:24,4,1,0
BRDA:26,5,0,0
BRDA:26,5,1,2
BRDA:28,6,0,2
BRDA:28,6,1,0
BRDA:41,7,0,1
BRDA:41,7,1,0
BRDA:47,8,0,1
BRDA:47,8,1,0
BRDA:47,9,0,1
BRDA:47,9,1,1
BRDA:51,10,0,0
BRDA:51,10,1,1
BRDA:51,11,0,1
BRDA:51,11,1,0
BRDA:58,12,0,1
BRDA:58,12,1,0
BRDA:59,13,0,1
BRDA:59,13,1,0
BRDA:59,14,0,1
BRDA:59,14,1,1
BRDA:60,15,0,0
BRDA:60,15,1,1
BRDA:62,16,0,0
BRDA:62,16,1,0
BRDA:63,17,0,0
BRDA:63,17,1,0
BRDA:63,18,0,0
BRDA:63,18,1,0
BRDA:64,19,0,0
BRDA:64,19,1,0
BRDA:68,20,0,1
BRDA:68,20,1,0
BRDA:69,21,0,1
BRDA:69,21,1,0
BRDA:71,22,0,1
BRDA:71,22,1,1
BRDA:72,23,0,0
BRDA:72,23,1,1
BRDA:72,24,0,1
BRDA:72,24,1,1
BRDA:78,25,0,1
BRDA:78,25,1,0
BRF:52
BRH:24
end_of_record
TN:
SF:/Volumes/Workspace/dev/zoidberg/src/script/components/NoFavoriteCategories.js
FN:9,(anonymous_0)
FN:17,(anonymous_1)
FN:22,(anonymous_2)
FN:26,(anonymous_3)
FN:30,(anonymous_4)
FN:43,(anonymous_5)
FNF:6
FNH:0
FNDA:0,(anonymous_0)
FNDA:0,(anonymous_1)
FNDA:0,(anonymous_2)
FNDA:0,(anonymous_3)
FNDA:0,(anonymous_4)
FNDA:0,(anonymous_5)
DA:10,0
DA:11,0
DA:12,0
DA:18,0
DA:19,0
DA:23,0
DA:27,0
DA:31,0
DA:32,0
DA:33,0
DA:34,0
DA:35,0
DA:37,0
DA:38,0
DA:41,0
DA:42,0
DA:43,0
DA:44,0
DA:45,0
DA:46,0
DA:47,0
DA:50,0
DA:52,0
DA:55,0
DA:58,0
LF:25
LH:0
BRDA:11,0,0,0
BRDA:11,0,1,0
BRDA:13,1,0,0
BRDA:13,1,1,0
BRDA:27,2,0,0
BRDA:27,2,1,0
BRDA:31,3,0,0
BRDA:31,3,1,0
BRDA:33,4,0,0
BRDA:33,4,1,0
BRDA:60,5,0,0
BRDA:60,5,1,0
BRDA:64,6,0,0
BRDA:64,6,1,0
BRF:14
BRH:0
end_of_record
TN:
SF:/Volumes/Workspace/dev/zoidberg/src/script/components/RatingStars.js
FN:19,(anonymous_0)
FN:38,(anonymous_1)
FNF:2
FNH:0
FNDA:0,(anonymous_0)
FNDA:0,(anonymous_1)
DA:20,0
DA:21,0
DA:22,0
DA:23,0
DA:24,0
DA:26,0
DA:27,0
DA:28,0
DA:29,0
DA:30,0
DA:32,0
DA:33,0
DA:34,0
DA:35,0
DA:36,0
DA:38,0
DA:39,0
DA:42,0
LF:18
LH:0
BRDA:21,0,0,0
BRDA:21,0,1,0
BRDA:21,1,0,0
BRDA:21,1,1,0
BRDA:22,2,0,0
BRDA:22,2,1,0
BRDA:22,3,0,0
BRDA:22,3,1,0
BRDA:23,4,0,0
BRDA:23,4,1,0
BRDA:23,5,0,0
BRDA:23,5,1,0
BRDA:24,6,0,0
BRDA:24,6,1,0
BRDA:32,7,0,0
BRDA:32,7,1,0
BRDA:32,8,0,0
BRDA:32,8,1,0
BRDA:33,9,0,0
BRDA:33,9,1,0
BRDA:33,10,0,0
BRDA:33,10,1,0
BRDA:34,11,0,0
BRDA:34,11,1,0
BRDA:34,12,0,0
BRDA:34,12,1,0
BRDA:35,13,0,0
BRDA:35,13,1,0
BRDA:35,14,0,0
BRDA:35,14,1,0
BRDA:36,15,0,0
BRDA:36,15,1,0
BRDA:36,16,0,0
BRDA:36,16,1,0
BRF:34
BRH:0
end_of_record
TN:
SF:/Volumes/Workspace/dev/zoidberg/src/script/components/ReadInStore.js
FN:7,(anonymous_0)
FNF:1
FNH:1
FNDA:2,(anonymous_0)
DA:8,2
DA:9,0
DA:12,2
LF:3
LH:2
BRDA:8,0,0,0
BRDA:8,0,1,2
BRF:2
BRH:1
end_of_record
TN:
SF:/Volumes/Workspace/dev/zoidberg/src/script/components/Root.js
FN:6,_interopRequireDefault
FN:12,(anonymous_1)
FNF:2
FNH:0
FNDA:0,_interopRequireDefault
FNDA:0,(anonymous_1)
DA:1,0
DA:6,0
DA:13,0
LF:3
LH:0
BRDA:6,0,0,0
BRDA:6,0,1,0
BRDA:6,1,0,0
BRDA:6,1,1,0
BRF:4
BRH:0
end_of_record
TN:
SF:/Volumes/Workspace/dev/zoidberg/src/script/components/Shop.js
FN:45,(anonymous_0)
FN:69,(anonymous_1)
FN:79,(anonymous_2)
FN:80,(anonymous_3)
FN:81,(anonymous_4)
FN:143,(anonymous_5)
FN:144,(anonymous_6)
FN:148,(anonymous_7)
FN:157,(anonymous_8)
FN:165,(anonymous_9)
FN:177,(anonymous_10)
FN:197,(anonymous_11)
FN:227,(anonymous_12)
FN:233,(anonymous_13)
FN:254,(anonymous_14)
FN:271,(anonymous_15)
FN:283,(anonymous_16)
FN:297,(anonymous_17)
FN:302,(anonymous_18)
FN:310,(anonymous_19)
FN:442,(anonymous_20)
FN:449,(anonymous_21)
FN:461,checkFixEPDDeepLinkBug
FNF:23
FNH:11
FNDA:1,(anonymous_0)
FNDA:1,(anonymous_1)
FNDA:0,(anonymous_2)
FNDA:0,(anonymous_3)
FNDA:0,(anonymous_4)
FNDA:1,(anonymous_5)
FNDA:0,(anonymous_6)
FNDA:1,(anonymous_7)
FNDA:0,(anonymous_8)
FNDA:1,(anonymous_9)
FNDA:0,(anonymous_10)
FNDA:0,(anonymous_11)
FNDA:1,(anonymous_12)
FNDA:1,(anonymous_13)
FNDA:0,(anonymous_14)
FNDA:0,(anonymous_15)
FNDA:0,(anonymous_16)
FNDA:0,(anonymous_17)
FNDA:0,(anonymous_18)
FNDA:1,(anonymous_19)
FNDA:2,(anonymous_20)
FNDA:2,(anonymous_21)
FNDA:1,checkFixEPDDeepLinkBug
DA:37,1
DA:38,0
DA:39,1
DA:40,0
DA:47,1
DA:49,1
DA:54,1
DA:60,1
DA:63,1
DA:64,1
DA:65,1
DA:74,1
DA:75,1
DA:76,1
DA:77,1
DA:78,1
DA:79,0
DA:80,0
DA:81,0
DA:83,1
DA:84,0
DA:85,0
DA:86,0
DA:90,1
DA:91,1
DA:93,1
DA:94,1
DA:97,1
DA:100,1
DA:103,1
DA:106,1
DA:108,1
DA:109,0
DA:110,0
DA:113,1
DA:114,0
DA:115,0
DA:119,1
DA:120,0
DA:124,1
DA:125,0
DA:129,1
DA:138,1
DA:139,1
DA:144,1
DA:149,1
DA:150,1
DA:153,1
DA:155,1
DA:156,0
DA:157,0
DA:158,0
DA:159,0
DA:161,0
DA:167,1
DA:168,1
DA:169,1
DA:170,1
DA:173,1
DA:181,0
DA:182,0
DA:184,0
DA:185,0
DA:186,0
DA:188,0
DA:191,0
DA:192,0
DA:193,0
DA:194,0
DA:196,0
DA:197,0
DA:198,0
DA:200,0
DA:203,0
DA:204,0
DA:205,0
DA:211,0
DA:212,0
DA:218,0
DA:219,0
DA:222,0
DA:223,0
DA:231,1
DA:233,1
DA:234,1
DA:235,0
DA:236,0
DA:240,1
DA:242,1
DA:244,1
DA:247,0
DA:248,0
DA:257,0
DA:258,0
DA:261,0
DA:262,0
DA:263,0
DA:271,0
DA:272,0
DA:273,0
DA:274,0
DA:276,0
DA:277,0
DA:281,0
DA:283,0
DA:284,0
DA:285,0
DA:286,0
DA:290,0
DA:298,0
DA:302,0
DA:311,1
DA:312,1
DA:313,1
DA:314,1
DA:315,1
DA:316,0
DA:319,1
DA:320,1
DA:321,1
DA:322,1
DA:325,0
DA:326,0
DA:327,0
DA:329,0
DA:330,0
DA:334,0
DA:335,0
DA:336,0
DA:337,0
DA:338,0
DA:339,0
DA:340,0
DA:342,0
DA:343,0
DA:345,0
DA:346,0
DA:347,0
DA:349,0
DA:350,0
DA:352,0
DA:353,0
DA:355,0
DA:356,0
DA:358,0
DA:359,0
DA:360,0
DA:363,0
DA:364,0
DA:367,0
DA:369,0
DA:373,0
DA:374,0
DA:375,0
DA:376,0
DA:377,0
DA:378,0
DA:379,0
DA:381,0
DA:382,0
DA:384,0
DA:385,0
DA:386,0
DA:388,0
DA:389,0
DA:391,0
DA:392,0
DA:394,0
DA:395,0
DA:397,0
DA:398,0
DA:399,0
DA:401,0
DA:402,0
DA:405,0
DA:407,0
DA:411,0
DA:412,0
DA:415,0
DA:416,0
DA:443,2
DA:445,2
DA:446,2
DA:447,2
DA:449,2
DA:450,2
DA:451,2
DA:452,0
DA:454,2
DA:462,1
DA:463,1
DA:464,1
DA:466,0
DA:467,0
DA:469,0
DA:470,0
DA:472,0
DA:473,0
LF:198
LH:66
BRDA:37,0,0,0
BRDA:37,0,1,1
BRDA:39,1,0,0
BRDA:39,1,1,1
BRDA:74,2,0,1
BRDA:74,2,1,0
BRDA:74,3,0,1
BRDA:74,3,1,0
BRDA:74,3,2,1
BRDA:83,4,0,0
BRDA:83,4,1,1
BRDA:108,5,0,0
BRDA:108,5,1,1
BRDA:113,6,0,0
BRDA:113,6,1,1
BRDA:119,7,0,0
BRDA:119,7,1,1
BRDA:124,8,0,0
BRDA:124,8,1,1
BRDA:155,9,0,0
BRDA:155,9,1,1
BRDA:158,10,0,0
BRDA:158,10,1,0
BRDA:170,11,0,1
BRDA:170,11,1,0
BRDA:181,12,0,0
BRDA:181,12,1,0
BRDA:186,13,0,0
BRDA:186,13,1,0
BRDA:191,14,0,0
BRDA:191,14,1,0
BRDA:196,15,0,0
BRDA:196,15,1,0
BRDA:198,16,0,0
BRDA:198,16,1,0
BRDA:211,17,0,0
BRDA:211,17,1,0
BRDA:218,18,0,0
BRDA:218,18,1,0
BRDA:222,19,0,0
BRDA:222,19,1,0
BRDA:222,20,0,0
BRDA:222,20,1,0
BRDA:234,21,0,0
BRDA:234,21,1,1
BRDA:247,22,0,0
BRDA:247,22,1,0
BRDA:247,23,0,0
BRDA:247,23,1,0
BRDA:257,24,0,0
BRDA:257,24,1,0
BRDA:268,25,0,0
BRDA:268,25,1,0
BRDA:272,26,0,0
BRDA:272,26,1,0
BRDA:281,27,0,0
BRDA:281,27,1,0
BRDA:281,28,0,0
BRDA:281,28,1,0
BRDA:284,29,0,0
BRDA:284,29,1,0
BRDA:315,30,0,0
BRDA:315,30,1,1
BRDA:320,31,0,1
BRDA:320,31,1,0
BRDA:320,31,2,0
BRDA:320,31,3,0
BRDA:321,32,0,1
BRDA:321,32,1,0
BRDA:321,33,0,1
BRDA:321,33,1,0
BRDA:326,34,0,0
BRDA:326,34,1,0
BRDA:329,35,0,0
BRDA:329,35,1,0
BRDA:334,36,0,0
BRDA:334,36,1,0
BRDA:339,37,0,0
BRDA:339,37,1,0
BRDA:342,38,0,0
BRDA:342,38,1,0
BRDA:345,39,0,0
BRDA:345,39,1,0
BRDA:349,40,0,0
BRDA:349,40,1,0
BRDA:352,41,0,0
BRDA:352,41,1,0
BRDA:355,42,0,0
BRDA:355,42,1,0
BRDA:358,43,0,0
BRDA:358,43,1,0
BRDA:363,44,0,0
BRDA:363,44,1,0
BRDA:367,45,0,0
BRDA:367,45,1,0
BRDA:367,46,0,0
BRDA:367,46,1,0
BRDA:373,47,0,0
BRDA:373,47,1,0
BRDA:378,48,0,0
BRDA:378,48,1,0
BRDA:381,49,0,0
BRDA:381,49,1,0
BRDA:384,50,0,0
BRDA:384,50,1,0
BRDA:388,51,0,0
BRDA:388,51,1,0
BRDA:391,52,0,0
BRDA:391,52,1,0
BRDA:394,53,0,0
BRDA:394,53,1,0
BRDA:397,54,0,0
BRDA:397,54,1,0
BRDA:401,55,0,0
BRDA:401,55,1,0
BRDA:405,56,0,0
BRDA:405,56,1,0
BRDA:405,57,0,0
BRDA:405,57,1,0
BRDA:411,58,0,0
BRDA:411,58,1,0
BRDA:417,59,0,0
BRDA:417,59,1,0
BRDA:451,60,0,0
BRDA:451,60,1,2
BRDA:463,61,0,1
BRDA:463,61,1,1
BRDA:463,61,2,1
BRDA:464,62,0,0
BRDA:464,62,1,1
BRDA:464,63,0,1
BRDA:464,63,1,0
BRDA:469,64,0,0
BRDA:469,64,1,0
BRDA:472,65,0,0
BRDA:472,65,1,0
BRF:136
BRH:23
end_of_record
TN:
SF:/Volumes/Workspace/dev/zoidberg/src/script/components/ShopRetry.js
FN:8,(anonymous_0)
FN:12,(anonymous_1)
FNF:2
FNH:1
FNDA:0,(anonymous_0)
FNDA:2,(anonymous_1)
DA:9,0
DA:13,2
DA:16,2
LF:3
LH:2
BRDA:13,0,0,0
BRDA:13,0,1,2
BRF:2
BRH:1
end_of_record
TN:
SF:/Volumes/Workspace/dev/zoidberg/src/script/components/ShopSlider.js
FN:27,(anonymous_0)
FN:43,(anonymous_1)
FN:48,(anonymous_2)
FN:56,(anonymous_3)
FN:63,(anonymous_4)
FN:81,(anonymous_5)
FN:89,(anonymous_6)
FN:98,(anonymous_7)
FN:103,(anonymous_8)
FN:117,(anonymous_9)
FN:124,(anonymous_10)
FNF:11
FNH:6
FNDA:3,(anonymous_0)
FNDA:3,(anonymous_1)
FNDA:3,(anonymous_2)
FNDA:3,(anonymous_3)
FNDA:0,(anonymous_4)
FNDA:0,(anonymous_5)
FNDA:0,(anonymous_6)
FNDA:0,(anonymous_7)
FNDA:0,(anonymous_8)
FNDA:6,(anonymous_9)
FNDA:9,(anonymous_10)
DA:14,3
DA:15,0
DA:16,0
DA:19,3
DA:20,0
DA:21,0
DA:28,3
DA:29,3
DA:30,3
DA:32,3
DA:39,3
DA:40,3
DA:41,3
DA:44,3
DA:49,3
DA:50,3
DA:51,3
DA:52,3
DA:53,3
DA:58,3
DA:59,3
DA:64,0
DA:65,0
DA:66,0
DA:68,0
DA:70,0
DA:73,0
DA:76,0
DA:82,0
DA:83,0
DA:84,0
DA:86,0
DA:90,0
DA:91,0
DA:92,0
DA:94,0
DA:99,0
DA:100,0
DA:104,0
DA:118,6
DA:124,9
LF:41
LH:19
BRDA:14,0,0,0
BRDA:14,0,1,3
BRDA:19,1,0,0
BRDA:19,1,1,3
BRDA:30,2,0,3
BRDA:30,2,1,3
BRDA:34,3,0,3
BRDA:34,3,1,3
BRDA:35,4,0,0
BRDA:35,4,1,3
BRDA:45,5,0,3
BRDA:45,5,1,3
BRDA:58,6,0,3
BRDA:58,6,1,0
BRDA:65,7,0,0
BRDA:65,7,1,0
BRDA:66,8,0,0
BRDA:66,8,1,0
BRDA:66,9,0,0
BRDA:66,9,1,0
BRDA:66,9,2,0
BRDA:66,9,3,0
BRDA:70,10,0,0
BRDA:70,10,1,0
BRDA:70,11,0,0
BRDA:70,11,1,0
BRDA:70,11,2,0
BRDA:70,11,3,0
BRDA:70,11,4,0
BRDA:83,12,0,0
BRDA:83,12,1,0
BRDA:91,13,0,0
BRDA:91,13,1,0
BRDA:107,14,0,0
BRDA:107,14,1,0
BRDA:110,15,0,0
BRDA:110,15,1,0
BRDA:133,16,0,0
BRDA:133,16,1,6
BRF:39
BRH:11
end_of_record
TN:
SF:/Volumes/Workspace/dev/zoidberg/src/script/components/SingleItemPromo.js
FN:14,(anonymous_0)
FN:21,(anonymous_1)
FN:45,(anonymous_2)
FNF:3
FNH:2
FNDA:1,(anonymous_0)
FNDA:1,(anonymous_1)
FNDA:0,(anonymous_2)
DA:15,1
DA:22,1
DA:24,1
DA:25,0
DA:28,1
DA:29,1
DA:30,1
DA:31,1
DA:32,1
DA:33,1
DA:34,1
DA:35,1
DA:36,1
DA:37,1
DA:40,1
DA:43,1
DA:45,0
LF:17
LH:15
BRDA:24,0,0,0
BRDA:24,0,1,1
BRDA:35,1,0,0
BRDA:35,1,1,1
BRDA:36,2,0,0
BRDA:36,2,1,1
BRDA:40,3,0,1
BRDA:40,3,1,0
BRDA:40,4,0,1
BRDA:40,4,1,1
BRDA:49,5,0,1
BRDA:49,5,1,0
BRDA:53,6,0,1
BRDA:53,6,1,1
BRDA:54,7,0,1
BRDA:54,7,1,1
BRDA:55,8,0,1
BRDA:55,8,1,0
BRDA:55,8,2,0
BRDA:56,9,0,1
BRDA:56,9,1,0
BRDA:56,9,2,0
BRF:22
BRH:13
end_of_record
TN:
SF:/Volumes/Workspace/dev/zoidberg/src/script/components/Spinner.js
FN:10,(anonymous_0)
FNF:1
FNH:1
FNDA:1,(anonymous_0)
DA:5,7
DA:6,0
DA:7,7
DA:8,0
DA:10,7
DA:12,1
DA:14,0
DA:23,1
LF:8
LH:5
BRDA:5,0,0,0
BRDA:5,0,1,7
BRDA:7,1,0,0
BRDA:7,1,1,7
BRDA:12,2,0,0
BRDA:12,2,1,1
BRDA:12,3,0,1
BRDA:12,3,1,1
BRDA:15,4,0,0
BRDA:15,4,1,0
BRF:10
BRH:5
end_of_record
TN:
SF:/Volumes/Workspace/dev/zoidberg/src/script/components/StoreCategories.js
FN:38,(anonymous_0)
FN:62,(anonymous_1)
FN:67,(anonymous_2)
FN:89,(anonymous_3)
FN:113,(anonymous_4)
FN:146,(anonymous_5)
FN:150,(anonymous_6)
FN:166,(anonymous_7)
FN:170,(anonymous_8)
FN:190,(anonymous_9)
FN:200,(anonymous_10)
FN:201,(anonymous_11)
FN:255,(anonymous_12)
FN:304,(anonymous_13)
FN:316,(anonymous_14)
FN:331,(anonymous_15)
FN:333,(anonymous_16)
FN:349,(anonymous_17)
FN:355,(anonymous_18)
FN:365,(anonymous_19)
FN:370,(anonymous_20)
FN:374,(anonymous_21)
FN:379,(anonymous_22)
FNF:23
FNH:9
FNDA:2,(anonymous_0)
FNDA:2,(anonymous_1)
FNDA:0,(anonymous_2)
FNDA:2,(anonymous_3)
FNDA:0,(anonymous_4)
FNDA:2,(anonymous_5)
FNDA:0,(anonymous_6)
FNDA:2,(anonymous_7)
FNDA:2,(anonymous_8)
FNDA:2,(anonymous_9)
FNDA:0,(anonymous_10)
FNDA:0,(anonymous_11)
FNDA:2,(anonymous_12)
FNDA:0,(anonymous_13)
FNDA:0,(anonymous_14)
FNDA:0,(anonymous_15)
FNDA:0,(anonymous_16)
FNDA:0,(anonymous_17)
FNDA:0,(anonymous_18)
FNDA:0,(anonymous_19)
FNDA:0,(anonymous_20)
FNDA:0,(anonymous_21)
FNDA:2,(anonymous_22)
DA:25,4
DA:26,0
DA:27,4
DA:28,0
DA:39,2
DA:41,2
DA:46,2
DA:47,2
DA:52,2
DA:55,2
DA:56,2
DA:57,2
DA:58,2
DA:59,2
DA:64,2
DA:67,2
DA:68,0
DA:69,0
DA:70,0
DA:71,0
DA:74,0
DA:76,0
DA:77,0
DA:79,0
DA:80,0
DA:84,0
DA:86,2
DA:93,2
DA:101,2
DA:105,2
DA:106,2
DA:107,0
DA:108,0
DA:116,0
DA:117,0
DA:118,0
DA:119,0
DA:120,0
DA:127,0
DA:128,0
DA:147,2
DA:151,0
DA:152,0
DA:153,0
DA:154,0
DA:155,0
DA:156,0
DA:157,0
DA:158,0
DA:167,2
DA:168,2
DA:170,2
DA:171,2
DA:177,2
DA:178,2
DA:181,0
DA:182,0
DA:183,0
DA:186,0
DA:195,2
DA:196,2
DA:197,2
DA:199,2
DA:200,2
DA:201,2
DA:208,2
DA:209,2
DA:210,2
DA:212,2
DA:213,2
DA:214,2
DA:215,26
DA:216,2
DA:218,24
DA:219,24
DA:230,24
DA:233,2
DA:235,2
DA:237,2
DA:239,2
DA:240,36
DA:241,36
DA:253,2
DA:254,2
DA:255,2
DA:306,0
DA:307,0
DA:308,0
DA:309,0
DA:310,0
DA:311,0
DA:313,0
DA:314,0
DA:315,0
DA:316,0
DA:317,0
DA:319,0
DA:320,0
DA:323,0
DA:331,0
DA:334,0
DA:341,0
DA:342,0
DA:343,0
DA:344,0
DA:348,0
DA:349,0
DA:357,0
DA:358,0
DA:361,0
DA:366,0
DA:367,0
DA:371,0
DA:375,0
DA:380,2
DA:381,2
DA:382,2
DA:383,2
DA:387,2
DA:388,2
DA:389,2
DA:391,2
DA:395,2
LF:123
LH:61
BRDA:25,0,0,0
BRDA:25,0,1,4
BRDA:27,1,0,0
BRDA:27,1,1,4
BRDA:46,2,0,2
BRDA:46,2,1,2
BRDA:48,3,0,0
BRDA:48,3,1,2
BRDA:68,4,0,0
BRDA:68,4,1,0
BRDA:76,5,0,0
BRDA:76,5,1,0
BRDA:105,6,0,0
BRDA:105,6,1,2
BRDA:106,7,0,0
BRDA:106,7,1,2
BRDA:106,8,0,2
BRDA:106,8,1,0
BRDA:118,9,0,0
BRDA:118,9,1,0
BRDA:118,9,2,0
BRDA:119,10,0,0
BRDA:119,10,1,0
BRDA:119,11,0,0
BRDA:119,11,1,0
BRDA:127,12,0,0
BRDA:127,12,1,0
BRDA:151,13,0,0
BRDA:151,13,1,0
BRDA:151,14,0,0
BRDA:151,14,1,0
BRDA:152,15,0,0
BRDA:152,15,1,0
BRDA:155,16,0,0
BRDA:155,16,1,0
BRDA:177,17,0,2
BRDA:177,17,1,0
BRDA:177,18,0,2
BRDA:177,18,1,2
BRDA:181,19,0,0
BRDA:181,19,1,0
BRDA:184,20,0,0
BRDA:184,20,1,0
BRDA:195,21,0,0
BRDA:195,21,1,2
BRDA:196,22,0,2
BRDA:196,22,1,0
BRDA:197,23,0,2
BRDA:197,23,1,0
BRDA:199,24,0,2
BRDA:199,24,1,0
BRDA:208,25,0,2
BRDA:208,25,1,0
BRDA:210,26,0,2
BRDA:210,26,1,0
BRDA:212,27,0,2
BRDA:212,27,1,0
BRDA:212,28,0,2
BRDA:212,28,1,2
BRDA:215,29,0,2
BRDA:215,29,1,24
BRDA:237,30,0,2
BRDA:237,30,1,0
BRDA:253,31,0,2
BRDA:253,31,1,1
BRDA:254,32,0,1
BRDA:254,32,1,1
BRDA:255,33,0,0
BRDA:255,33,1,2
BRDA:259,34,0,2
BRDA:259,34,1,1
BRDA:263,35,0,1
BRDA:263,35,1,0
BRDA:263,36,0,0
BRDA:263,36,1,1
BRDA:281,37,0,2
BRDA:281,37,1,2
BRDA:285,38,0,2
BRDA:285,38,1,0
BRDA:293,39,0,2
BRDA:293,39,1,2
BRDA:297,40,0,2
BRDA:297,40,1,0
BRDA:311,41,0,0
BRDA:311,41,1,0
BRDA:315,42,0,0
BRDA:315,42,1,0
BRDA:319,43,0,0
BRDA:319,43,1,0
BRDA:341,44,0,0
BRDA:341,44,1,0
BRDA:341,45,0,0
BRDA:341,45,1,0
BRDA:343,46,0,0
BRDA:343,46,1,0
BRDA:357,47,0,0
BRDA:357,47,1,0
BRDA:387,48,0,2
BRDA:387,48,1,1
BRDA:387,48,2,1
BRDA:388,49,0,2
BRDA:388,49,1,0
BRDA:391,50,0,2
BRDA:391,50,1,0
BRDA:391,51,0,2
BRDA:391,51,1,2
BRDA:395,52,0,2
BRDA:395,52,1,0
BRDA:396,53,0,2
BRDA:396,53,1,0
BRDA:396,54,0,0
BRDA:396,54,1,2
BRF:112
BRH:48
end_of_record
TN:
SF:/Volumes/Workspace/dev/zoidberg/src/script/components/SubscriptionPromo.js
FN:8,(anonymous_0)
FN:19,(anonymous_1)
FN:34,(anonymous_2)
FN:39,(anonymous_3)
FN:46,(anonymous_4)
FN:53,(anonymous_5)
FN:66,(anonymous_6)
FN:78,(anonymous_7)
FN:90,(anonymous_8)
FN:100,(anonymous_9)
FN:101,(anonymous_10)
FN:103,(anonymous_11)
FNF:12
FNH:9
FNDA:6,(anonymous_0)
FNDA:6,(anonymous_1)
FNDA:6,(anonymous_2)
FNDA:6,(anonymous_3)
FNDA:0,(anonymous_4)
FNDA:24,(anonymous_5)
FNDA:24,(anonymous_6)
FNDA:12,(anonymous_7)
FNDA:0,(anonymous_8)
FNDA:0,(anonymous_9)
FNDA:12,(anonymous_10)
FNDA:12,(anonymous_11)
DA:9,6
DA:10,6
DA:11,6
DA:12,6
DA:20,6
DA:21,6
DA:22,4
DA:23,4
DA:24,4
DA:25,0
DA:26,4
DA:27,0
DA:28,4
DA:29,4
DA:30,0
DA:31,0
DA:35,6
DA:36,6
DA:44,6
DA:45,6
DA:46,6
DA:47,0
DA:48,0
DA:49,0
DA:54,24
DA:55,24
DA:56,24
DA:57,0
DA:58,0
DA:59,0
DA:60,0
DA:67,24
DA:68,24
DA:69,12
DA:70,12
DA:71,0
DA:72,12
DA:73,12
DA:75,24
DA:79,12
DA:80,12
DA:81,12
DA:82,12
DA:83,12
DA:84,12
DA:85,4
DA:88,8
DA:90,0
DA:100,0
DA:101,12
DA:103,12
LF:51
LH:37
BRDA:15,0,0,6
BRDA:15,0,1,6
BRDA:15,0,2,4
BRDA:21,1,0,2
BRDA:21,1,1,4
BRDA:23,2,0,4
BRDA:23,2,1,4
BRDA:24,3,0,0
BRDA:24,3,1,4
BRDA:24,4,0,4
BRDA:24,4,1,0
BRDA:26,5,0,0
BRDA:26,5,1,4
BRDA:26,6,0,4
BRDA:26,6,1,4
BRDA:26,6,2,4
BRDA:28,7,0,4
BRDA:28,7,1,0
BRDA:28,8,0,4
BRDA:28,8,1,4
BRDA:30,9,0,0
BRDA:30,9,1,0
BRDA:54,10,0,24
BRDA:54,10,1,0
BRDA:59,11,0,0
BRDA:59,11,1,0
BRDA:67,12,0,24
BRDA:67,12,1,0
BRDA:68,13,0,12
BRDA:68,13,1,12
BRDA:70,14,0,0
BRDA:70,14,1,12
BRDA:72,15,0,12
BRDA:72,15,1,0
BRDA:83,16,0,12
BRDA:83,16,1,4
BRDA:84,17,0,4
BRDA:84,17,1,8
BRDA:84,18,0,12
BRDA:84,18,1,12
BRDA:84,18,2,12
BRDA:90,19,0,0
BRDA:90,19,1,8
BRDA:96,20,0,8
BRDA:96,20,1,0
BRDA:97,21,0,8
BRDA:97,21,1,8
BRDA:98,22,0,0
BRDA:98,22,1,8
BRDA:101,23,0,8
BRDA:101,23,1,0
BRDA:101,23,2,0
BRDA:101,23,3,8
BRDA:101,23,4,8
BRDA:102,24,0,8
BRDA:102,24,1,0
BRDA:103,25,0,8
BRDA:103,25,1,0
BRDA:103,25,2,0
BRDA:103,25,3,8
BRDA:103,25,4,8
BRDA:104,26,0,8
BRDA:104,26,1,0
BRDA:105,27,0,8
BRDA:105,27,1,8
BRDA:105,28,0,8
BRDA:105,28,1,0
BRDA:105,29,0,8
BRDA:105,29,1,0
BRF:69
BRH:46
end_of_record
TN:
SF:/Volumes/Workspace/dev/zoidberg/src/script/components/UnSupportedPod.js
FN:3,(anonymous_0)
FNF:1
FNH:1
FNDA:4,(anonymous_0)
DA:4,4
LF:1
LH:1
BRF:0
BRH:0
end_of_record
